Watching for file changes with StatReloader
Waiting for apps ready_event.
Apps ready_event triggered. Sending autoreload_started signal.
Watching dir C:\Users\mjjimenezd\Desktop\repositorios\e-inventory\venv\Lib\site-packages\rest_framework\templates with glob **/*.
Watching dir C:\Users\mjjimenezd\Desktop\repositorios\e-inventory\backend\dispositivos\templates with glob **/*.
Watching dir C:\Users\mjjimenezd\Desktop\repositorios\e-inventory\backend\templates with glob **/*.
Watching dir C:\Users\mjjimenezd\Desktop\repositorios\e-inventory\venv\Lib\site-packages\colorfield\templates with glob **/*.
Watching dir C:\Users\mjjimenezd\Desktop\repositorios\e-inventory\backend\locale with glob **/*.mo.
Watching dir C:\Users\mjjimenezd\Desktop\repositorios\e-inventory\venv\Lib\site-packages\rest_framework\locale with glob **/*.mo.
Watching dir C:\Users\mjjimenezd\Desktop\repositorios\e-inventory\venv\Lib\site-packages\rest_framework\authtoken\locale with glob **/*.mo.
Watching dir C:\Users\mjjimenezd\Desktop\repositorios\e-inventory\venv\Lib\site-packages\rest_framework_simplejwt\locale with glob **/*.mo.
Watching dir C:\Users\mjjimenezd\Desktop\repositorios\e-inventory\backend\dispositivos\locale with glob **/*.mo.
Watching dir C:\Users\mjjimenezd\Desktop\repositorios\e-inventory\venv\Lib\site-packages\widget_tweaks\locale with glob **/*.mo.
Watching dir C:\Users\mjjimenezd\Desktop\repositorios\e-inventory\venv\Lib\site-packages\corsheaders\locale with glob **/*.mo.
Watching dir C:\Users\mjjimenezd\Desktop\repositorios\e-inventory\venv\Lib\site-packages\colorfield\locale with glob **/*.mo.
(0.007) 
            SELECT
                c.relname,
                CASE
                    WHEN c.relispartition THEN 'p'
                    WHEN c.relkind IN ('m', 'v') THEN 'v'
                    ELSE 't'
                END,
                obj_description(c.oid, 'pg_class')
            FROM pg_catalog.pg_class c
            LEFT JOIN pg_catalog.pg_namespace n ON n.oid = c.relnamespace
            WHERE c.relkind IN ('f', 'm', 'p', 'r', 'v')
                AND n.nspname NOT IN ('pg_catalog', 'pg_toast')
                AND pg_catalog.pg_table_is_visible(c.oid)
        ; args=None; alias=default
(0.003) SELECT "django_migrations"."id", "django_migrations"."app", "django_migrations"."name", "django_migrations"."applied" FROM "django_migrations"; args=(); alias=default
File C:\Python313\Lib\json\scanner.py first seen with mtime 1733255848.0
File C:\Users\mjjimenezd\Desktop\repositorios\e-inventory\venv\Lib\site-packages\django\forms\widgets.py first seen with mtime 1742501785.7284157
File C:\Users\mjjimenezd\Desktop\repositorios\e-inventory\venv\Lib\site-packages\django\urls\utils.py first seen with mtime 1742501786.0081682
File C:\Python313\Lib\unittest\mock.py first seen with mtime 1733255850.0
File C:\Users\mjjimenezd\Desktop\repositorios\e-inventory\venv\Lib\site-packages\django\template\backends\base.py first seen with mtime 1742501785.935332
File C:\Python313\Lib\email\mime\text.py first seen with mtime 1733255848.0
File C:\Python313\Lib\ast.py first seen with mtime 1733255848.0
File C:\Users\mjjimenezd\Desktop\repositorios\e-inventory\venv\Lib\site-packages\django\forms\utils.py first seen with mtime 1742501785.72591
File C:\Users\mjjimenezd\Desktop\repositorios\e-inventory\venv\Lib\site-packages\rest_framework\templatetags\rest_framework.py first seen with mtime 1742501832.748772
File C:\Python313\Lib\tokenize.py first seen with mtime 1733255850.0
File C:\Python313\Lib\mimetypes.py first seen with mtime 1733255848.0
File C:\Users\mjjimenezd\Desktop\repositorios\e-inventory\venv\Lib\site-packages\rest_framework\utils\encoders.py first seen with mtime 1742501832.756527
File C:\Users\mjjimenezd\Desktop\repositorios\e-inventory\venv\Lib\site-packages\django\apps\config.py first seen with mtime 1742501776.9061835
File C:\Python313\Lib\unittest\case.py first seen with mtime 1733255850.0
File C:\Python313\Lib\asyncio\locks.py first seen with mtime 1733255848.0
File C:\Users\mjjimenezd\Desktop\repositorios\e-inventory\venv\Lib\site-packages\rest_framework\utils\__init__.py first seen with mtime 1742501832.749769
File C:\Users\mjjimenezd\Desktop\repositorios\e-inventory\venv\Lib\site-packages\django\contrib\postgres\fields\ranges.py first seen with mtime 1742501783.1161194
File C:\Users\mjjimenezd\Desktop\repositorios\e-inventory\venv\Lib\site-packages\django\contrib\auth\checks.py first seen with mtime 1742501780.2377474
File C:\Users\mjjimenezd\Desktop\repositorios\e-inventory\venv\Lib\site-packages\django\views\generic\__init__.py first seen with mtime 1742501786.1497114
File C:\Users\mjjimenezd\Desktop\repositorios\e-inventory\venv\Lib\site-packages\django\utils\dateparse.py first seen with mtime 1742501786.0376747
File C:\Users\mjjimenezd\Desktop\repositorios\e-inventory\venv\Lib\site-packages\corsheaders\apps.py first seen with mtime 1742502124.4417121
File C:\Users\mjjimenezd\Desktop\repositorios\e-inventory\venv\Lib\site-packages\django\core\files\move.py first seen with mtime 1742501785.259778
File C:\Python313\Lib\xml\__init__.py first seen with mtime 1733255850.0
File C:\Users\mjjimenezd\Desktop\repositorios\e-inventory\venv\Lib\site-packages\django\db\models\utils.py first seen with mtime 1742501785.6352584
File C:\Users\mjjimenezd\Desktop\repositorios\e-inventory\venv\Lib\site-packages\rest_framework\authtoken\apps.py first seen with mtime 1742501832.2824893
File C:\Users\mjjimenezd\Desktop\repositorios\e-inventory\venv\Lib\site-packages\django\db\backends\base\features.py first seen with mtime 1742501785.4427054
File C:\Python313\Lib\email\mime\message.py first seen with mtime 1733255848.0
File C:\Users\mjjimenezd\Desktop\repositorios\e-inventory\venv\Lib\site-packages\django\template\defaulttags.py first seen with mtime 1742501785.9108489
File C:\Users\mjjimenezd\Desktop\repositorios\e-inventory\venv\Lib\site-packages\rest_framework\status.py first seen with mtime 1742501832.2515733
File C:\Users\mjjimenezd\Desktop\repositorios\e-inventory\venv\Lib\site-packages\django\core\__init__.py first seen with mtime 1742501785.173038
File C:\Users\mjjimenezd\Desktop\repositorios\e-inventory\venv\Lib\site-packages\django\conf\global_settings.py first seen with mtime 1742501776.920364
File C:\Users\mjjimenezd\Desktop\repositorios\e-inventory\venv\Lib\site-packages\django\utils\hashable.py first seen with mtime 1742501786.0603662
File C:\Python313\Lib\gettext.py first seen with mtime 1733255848.0
File C:\Python313\Lib\encodings\__init__.py first seen with mtime 1733255848.0
File C:\Users\mjjimenezd\Desktop\repositorios\e-inventory\venv\Lib\site-packages\django\core\exceptions.py first seen with mtime 1742501785.1778069
File C:\Users\mjjimenezd\Desktop\repositorios\e-inventory\venv\Lib\site-packages\django\core\files\storage\handler.py first seen with mtime 1742501785.2782028
File C:\Users\mjjimenezd\Desktop\repositorios\e-inventory\venv\Lib\site-packages\django\utils\numberformat.py first seen with mtime 1742501786.0838037
File C:\Users\mjjimenezd\Desktop\repositorios\e-inventory\venv\Lib\site-packages\rest_framework\parsers.py first seen with mtime 1742501832.2246456
File C:\Users\mjjimenezd\Desktop\repositorios\e-inventory\venv\Lib\site-packages\PIL\_version.py first seen with mtime 1742501906.1519902
File C:\Users\mjjimenezd\Desktop\repositorios\e-inventory\venv\Lib\site-packages\rest_framework_simplejwt\tokens.py first seen with mtime 1742501833.4594257
File C:\Users\mjjimenezd\Desktop\repositorios\e-inventory\venv\Lib\site-packages\django\db\models\sql\query.py first seen with mtime 1742501785.6924639
File C:\Users\mjjimenezd\Desktop\repositorios\e-inventory\backend\dispositivos\__init__.py first seen with mtime 1742496991.8807542
File C:\Users\mjjimenezd\Desktop\repositorios\e-inventory\venv\Lib\site-packages\django\dispatch\dispatcher.py first seen with mtime 1742501785.7046628
File C:\Users\mjjimenezd\Desktop\repositorios\e-inventory\venv\Lib\site-packages\django\views\static.py first seen with mtime 1742501786.1282246
File C:\Users\mjjimenezd\Desktop\repositorios\e-inventory\venv\Lib\site-packages\django\core\validators.py first seen with mtime 1742501785.186782
File C:\Users\mjjimenezd\Desktop\repositorios\e-inventory\venv\Lib\site-packages\django\core\mail\__init__.py first seen with mtime 1742501785.296898
File C:\Users\mjjimenezd\Desktop\repositorios\e-inventory\backend\dispositivos\middlewares.py first seen with mtime 1742496991.9406426
File C:\Python313\Lib\asyncio\runners.py first seen with mtime 1733255848.0
File C:\Users\mjjimenezd\Desktop\repositorios\e-inventory\venv\Lib\site-packages\rest_framework\utils\representation.py first seen with mtime 1742501832.7758965
File C:\Users\mjjimenezd\Desktop\repositorios\e-inventory\venv\Lib\site-packages\sqlparse\filters\others.py first seen with mtime 1742501776.6324651
File C:\Users\mjjimenezd\Desktop\repositorios\e-inventory\venv\Lib\site-packages\django\core\files\storage\mixins.py first seen with mtime 1742501785.2831879
File C:\Users\mjjimenezd\Desktop\repositorios\e-inventory\venv\Lib\site-packages\jwt\jwks_client.py first seen with mtime 1742501832.0879796
File C:\Python313\Lib\asyncio\queues.py first seen with mtime 1733255848.0
File C:\Python313\DLLs\unicodedata.pyd first seen with mtime 1733255892.0
File C:\Users\mjjimenezd\Desktop\repositorios\e-inventory\venv\Lib\site-packages\django\contrib\postgres\fields\citext.py first seen with mtime 1742501783.110137
File C:\Users\mjjimenezd\Desktop\repositorios\e-inventory\venv\Lib\site-packages\django\contrib\postgres\fields\jsonb.py first seen with mtime 1742501783.114125
File C:\Users\mjjimenezd\Desktop\repositorios\e-inventory\venv\Lib\site-packages\django\db\backends\signals.py first seen with mtime 1742501785.430737
File C:\Users\mjjimenezd\Desktop\repositorios\e-inventory\venv\Lib\site-packages\rest_framework\pagination.py first seen with mtime 1742501832.2206566
File C:\Python313\Lib\enum.py first seen with mtime 1733255848.0
File C:\Users\mjjimenezd\Desktop\repositorios\e-inventory\venv\Lib\site-packages\widget_tweaks\templatetags\widget_tweaks.py first seen with mtime 1742501867.137454
File C:\Python313\Lib\encodings\aliases.py first seen with mtime 1733255848.0
File C:\Users\mjjimenezd\Desktop\repositorios\e-inventory\venv\Lib\site-packages\PIL\ExifTags.py first seen with mtime 1742501905.839656
File C:\Users\mjjimenezd\Desktop\repositorios\e-inventory\venv\Lib\site-packages\django\db\models\functions\comparison.py first seen with mtime 1742501785.6687596
File C:\Users\mjjimenezd\Desktop\repositorios\e-inventory\venv\Lib\site-packages\django\db\migrations\operations\special.py first seen with mtime 1742501785.5948842
File C:\Python313\Lib\asyncio\futures.py first seen with mtime 1733255848.0
File C:\Users\mjjimenezd\Desktop\repositorios\e-inventory\venv\Lib\site-packages\django\views\__init__.py first seen with mtime 1742501786.1182518
File C:\Users\mjjimenezd\Desktop\repositorios\e-inventory\venv\Lib\site-packages\django\forms\formsets.py first seen with mtime 1742501785.7179308
File C:\Users\mjjimenezd\Desktop\repositorios\e-inventory\venv\Lib\site-packages\rest_framework\schemas\generators.py first seen with mtime 1742501832.4989464
File C:\Users\mjjimenezd\Desktop\repositorios\e-inventory\venv\Lib\site-packages\django\core\servers\__init__.py first seen with mtime 1742501785.4149623
File C:\Users\mjjimenezd\Desktop\repositorios\e-inventory\venv\Lib\site-packages\django\utils\deconstruct.py first seen with mtime 1742501786.042661
File C:\Users\mjjimenezd\Desktop\repositorios\e-inventory\venv\Lib\site-packages\django\db\backends\postgresql\__init__.py first seen with mtime 1742501785.5105019
File C:\Users\mjjimenezd\Desktop\repositorios\e-inventory\venv\Lib\site-packages\sqlparse\filters\output.py first seen with mtime 1742501776.6354558
File C:\Users\mjjimenezd\Desktop\repositorios\e-inventory\venv\Lib\site-packages\django\core\checks\async_checks.py first seen with mtime 1742501785.2162843
File C:\Python313\Lib\http\__init__.py first seen with mtime 1733255848.0
File C:\Python313\Lib\asyncio\__init__.py first seen with mtime 1733255848.0
File C:\Users\mjjimenezd\Desktop\repositorios\e-inventory\venv\Lib\site-packages\django\contrib\admin\options.py first seen with mtime 1742501778.01288
File C:\Python313\Lib\json\encoder.py first seen with mtime 1733255848.0
File C:\Users\mjjimenezd\Desktop\repositorios\e-inventory\venv\Lib\site-packages\django\utils\lorem_ipsum.py first seen with mtime 1742501786.0780976
File C:\Users\mjjimenezd\Desktop\repositorios\e-inventory\venv\Lib\site-packages\rest_framework\authentication.py first seen with mtime 1742501832.189014
File C:\Users\mjjimenezd\Desktop\repositorios\e-inventory\venv\Lib\site-packages\rest_framework_simplejwt\__init__.py first seen with mtime 1742501833.4497378
File C:\Users\mjjimenezd\Desktop\repositorios\e-inventory\venv\Lib\site-packages\django\core\cache\backends\__init__.py first seen with mtime 1742501785.195643
File C:\Users\mjjimenezd\Desktop\repositorios\e-inventory\venv\Lib\site-packages\django\db\models\lookups.py first seen with mtime 1742501785.618572
File C:\Users\mjjimenezd\Desktop\repositorios\e-inventory\venv\Lib\site-packages\django\contrib\staticfiles\__init__.py first seen with mtime 1742501785.129848
File C:\Python313\Lib\importlib\metadata\_itertools.py first seen with mtime 1733255848.0
File C:\Users\mjjimenezd\Desktop\repositorios\e-inventory\venv\Lib\site-packages\rest_framework\utils\html.py first seen with mtime 1742501832.7635095
File C:\Users\mjjimenezd\Desktop\repositorios\e-inventory\venv\Lib\site-packages\sqlparse\exceptions.py first seen with mtime 1742501776.5384827
File C:\Users\mjjimenezd\Desktop\repositorios\e-inventory\venv\Lib\site-packages\django\template\loaders\cached.py first seen with mtime 1742501785.9540465
File C:\Python313\Lib\unittest\runner.py first seen with mtime 1733255850.0
File C:\Users\mjjimenezd\Desktop\repositorios\e-inventory\venv\Lib\site-packages\asgiref\sync.py first seen with mtime 1742501776.790881
File C:\Users\mjjimenezd\Desktop\repositorios\e-inventory\venv\Lib\site-packages\PIL\_deprecate.py first seen with mtime 1742501906.0516229
File C:\Users\mjjimenezd\Desktop\repositorios\e-inventory\venv\Lib\site-packages\django\db\migrations\exceptions.py first seen with mtime 1742501785.5576806
File C:\Python313\Lib\asyncio\base_events.py first seen with mtime 1733255848.0
File C:\Users\mjjimenezd\Desktop\repositorios\e-inventory\venv\Lib\site-packages\django\contrib\auth\middleware.py first seen with mtime 1742501780.2624714
File C:\Users\mjjimenezd\Desktop\repositorios\e-inventory\venv\Lib\site-packages\rest_framework\generics.py first seen with mtime 1742501832.210683
File C:\Python313\Lib\keyword.py first seen with mtime 1733255848.0
File C:\Python313\Lib\socketserver.py first seen with mtime 1733255848.0
File C:\Users\mjjimenezd\Desktop\repositorios\e-inventory\venv\Lib\site-packages\django\test\__init__.py first seen with mtime 1742501785.974758
File C:\Users\mjjimenezd\Desktop\repositorios\e-inventory\venv\Lib\site-packages\rest_framework\schemas\inspectors.py first seen with mtime 1742501832.501939
File C:\Users\mjjimenezd\Desktop\repositorios\e-inventory\venv\Lib\site-packages\django\core\handlers\asgi.py first seen with mtime 1742501785.2871778
File C:\Users\mjjimenezd\Desktop\repositorios\e-inventory\venv\Lib\site-packages\django\template\utils.py first seen with mtime 1742501785.9313438
File C:\Users\mjjimenezd\Desktop\repositorios\e-inventory\venv\Lib\site-packages\psycopg2\_psycopg.cp313-win_amd64.pyd first seen with mtime 1742501848.9810772
File C:\Python313\Lib\email\generator.py first seen with mtime 1733255848.0
File C:\Python313\Lib\ssl.py first seen with mtime 1733255848.0
File C:\Python313\Lib\importlib\resources\__init__.py first seen with mtime 1733255848.0
File C:\Python313\DLLs\_asyncio.pyd first seen with mtime 1733255892.0
File C:\Python313\Lib\concurrent\futures\__init__.py first seen with mtime 1733255848.0
File C:\Users\mjjimenezd\Desktop\repositorios\e-inventory\venv\Lib\site-packages\django\template\exceptions.py first seen with mtime 1742501785.9166582
File C:\Users\mjjimenezd\Desktop\repositorios\e-inventory\venv\Lib\site-packages\django\utils\version.py first seen with mtime 1742501786.1025758
File C:\Users\mjjimenezd\Desktop\repositorios\e-inventory\venv\Lib\site-packages\django\db\models\manager.py first seen with mtime 1742501785.620565
File C:\Users\mjjimenezd\Desktop\repositorios\e-inventory\venv\Lib\site-packages\colorfield\utils.py first seen with mtime 1742501906.837656
File C:\Python313\Lib\copyreg.py first seen with mtime 1733255848.0
File C:\Users\mjjimenezd\Desktop\repositorios\e-inventory\venv\Lib\site-packages\rest_framework\schemas\openapi.py first seen with mtime 1742501832.5039346
File C:\Users\mjjimenezd\Desktop\repositorios\e-inventory\venv\Lib\site-packages\rest_framework_simplejwt\exceptions.py first seen with mtime 1742501833.4594257
File C:\Users\mjjimenezd\Desktop\repositorios\e-inventory\venv\Lib\site-packages\sqlparse\filters\aligned_indent.py first seen with mtime 1742501776.6294725
File C:\Python313\Lib\threading.py first seen with mtime 1733255850.0
File C:\Python313\Lib\asyncio\coroutines.py first seen with mtime 1733255848.0
File C:\Python313\Lib\base64.py first seen with mtime 1733255848.0
File C:\Users\mjjimenezd\Desktop\repositorios\e-inventory\venv\Lib\site-packages\django\core\files\__init__.py first seen with mtime 1742501785.2508028
File C:\Users\mjjimenezd\Desktop\repositorios\e-inventory\venv\Lib\site-packages\rest_framework\mixins.py first seen with mtime 1742501832.2146723
File C:\Users\mjjimenezd\Desktop\repositorios\e-inventory\venv\Lib\site-packages\django\core\checks\__init__.py first seen with mtime 1742501785.2143195
File C:\Users\mjjimenezd\Desktop\repositorios\e-inventory\venv\Lib\site-packages\django\contrib\contenttypes\apps.py first seen with mtime 1742501780.8345056
File C:\Users\mjjimenezd\Desktop\repositorios\e-inventory\venv\Lib\site-packages\django\db\models\sql\subqueries.py first seen with mtime 1742501785.6966848
File C:\Users\mjjimenezd\Desktop\repositorios\e-inventory\venv\Lib\site-packages\django\db\models\expressions.py first seen with mtime 1742501785.6135838
File C:\Python313\Lib\asyncio\sslproto.py first seen with mtime 1733255848.0
File C:\Python313\Lib\importlib\metadata\_collections.py first seen with mtime 1733255848.0
File C:\Users\mjjimenezd\Desktop\repositorios\e-inventory\venv\Lib\site-packages\django\utils\tree.py first seen with mtime 1742501786.1005814
File C:\Users\mjjimenezd\Desktop\repositorios\e-inventory\venv\Lib\site-packages\rest_framework\metadata.py first seen with mtime 1742501832.212689
File C:\Python313\Lib\wsgiref\util.py first seen with mtime 1733255850.0
File C:\Users\mjjimenezd\Desktop\repositorios\e-inventory\venv\Lib\site-packages\django\http\multipartparser.py first seen with mtime 1742501785.868473
File C:\Python313\Lib\unittest\main.py first seen with mtime 1733255850.0
File C:\Python313\Lib\asyncio\selector_events.py first seen with mtime 1733255848.0
File C:\Users\mjjimenezd\Desktop\repositorios\e-inventory\venv\Lib\site-packages\django\template\loader_tags.py first seen with mtime 1742501785.923638
File C:\Users\mjjimenezd\Desktop\repositorios\e-inventory\venv\Lib\site-packages\django\contrib\auth\validators.py first seen with mtime 1742501780.2788894
File C:\Users\mjjimenezd\Desktop\repositorios\e-inventory\venv\Lib\site-packages\django\utils\ipv6.py first seen with mtime 1742501786.070119
File C:\Users\mjjimenezd\Desktop\repositorios\e-inventory\venv\Lib\site-packages\django\db\models\fields\mixins.py first seen with mtime 1742501785.6509914
File C:\Python313\Lib\_compression.py first seen with mtime 1733255848.0
File C:\Users\mjjimenezd\Desktop\repositorios\e-inventory\venv\Lib\site-packages\django\core\management\sql.py first seen with mtime 1742501785.3263865
File C:\Users\mjjimenezd\Desktop\repositorios\e-inventory\venv\Lib\site-packages\django\utils\log.py first seen with mtime 1742501786.0761023
File C:\Python313\DLLs\_socket.pyd first seen with mtime 1733255892.0
File C:\Python313\Lib\html\entities.py first seen with mtime 1733255848.0
File C:\Users\mjjimenezd\Desktop\repositorios\e-inventory\venv\Lib\site-packages\django\urls\resolvers.py first seen with mtime 1742501786.006172
File C:\Python313\Lib\getpass.py first seen with mtime 1733255848.0
File C:\Python313\Lib\reprlib.py first seen with mtime 1733255848.0
File C:\Users\mjjimenezd\Desktop\repositorios\e-inventory\venv\Lib\site-packages\django\db\models\sql\__init__.py first seen with mtime 1742501785.6824906
File C:\Users\mjjimenezd\Desktop\repositorios\e-inventory\venv\Lib\site-packages\django\db\backends\base\schema.py first seen with mtime 1742501785.4513276
File C:\Users\mjjimenezd\Desktop\repositorios\e-inventory\venv\Lib\site-packages\django\contrib\messages\storage\__init__.py first seen with mtime 1742501783.057955
File C:\Python313\Lib\asyncio\windows_events.py first seen with mtime 1733255848.0
File C:\Users\mjjimenezd\Desktop\repositorios\e-inventory\venv\Lib\site-packages\django\db\models\functions\window.py first seen with mtime 1742501785.6804953
File C:\Python313\Lib\asyncio\timeouts.py first seen with mtime 1733255848.0
File C:\Python313\DLLs\_wmi.pyd first seen with mtime 1733255892.0
File C:\Users\mjjimenezd\Desktop\repositorios\e-inventory\venv\Lib\site-packages\django\contrib\postgres\forms\array.py first seen with mtime 1742501783.1228452
File C:\Python313\Lib\logging\__init__.py first seen with mtime 1733255848.0
File C:\Users\mjjimenezd\Desktop\repositorios\e-inventory\venv\Lib\site-packages\PIL\__init__.py first seen with mtime 1742501906.0352564
File C:\Users\mjjimenezd\Desktop\repositorios\e-inventory\venv\Lib\site-packages\django\contrib\staticfiles\utils.py first seen with mtime 1742501785.1483202
File C:\Users\mjjimenezd\Desktop\repositorios\e-inventory\venv\Lib\site-packages\django\contrib\postgres\__init__.py first seen with mtime 1742501783.0689256
File C:\Users\mjjimenezd\Desktop\repositorios\e-inventory\venv\Lib\site-packages\django\forms\forms.py first seen with mtime 1742501785.7159362
File C:\Users\mjjimenezd\Desktop\repositorios\e-inventory\venv\Lib\site-packages\rest_framework\negotiation.py first seen with mtime 1742501832.2176635
File C:\Users\mjjimenezd\Desktop\repositorios\e-inventory\venv\Lib\site-packages\django\db\utils.py first seen with mtime 1742501785.4239378
File C:\Users\mjjimenezd\Desktop\repositorios\e-inventory\venv\Lib\site-packages\django\core\serializers\python.py first seen with mtime 1742501785.4082935
File C:\Users\mjjimenezd\Desktop\repositorios\e-inventory\venv\Lib\site-packages\sqlparse\__init__.py first seen with mtime 1742501776.5314116
File C:\Python313\DLLs\_decimal.pyd first seen with mtime 1733255892.0
File C:\Users\mjjimenezd\Desktop\repositorios\e-inventory\venv\Lib\site-packages\django\contrib\postgres\forms\__init__.py first seen with mtime 1742501783.1208503
File C:\Users\mjjimenezd\Desktop\repositorios\e-inventory\backend\inventario\__init__.py first seen with mtime 1742496992.4605777
File C:\Users\mjjimenezd\Desktop\repositorios\e-inventory\venv\Lib\site-packages\psycopg2\_ipaddress.py first seen with mtime 1742501848.976219
File C:\Users\mjjimenezd\Desktop\repositorios\e-inventory\venv\Lib\site-packages\django\forms\models.py first seen with mtime 1742501785.720923
File C:\Python313\Lib\email\_policybase.py first seen with mtime 1733255848.0
File C:\Users\mjjimenezd\Desktop\repositorios\e-inventory\venv\Lib\site-packages\django\template\backends\__init__.py first seen with mtime 1742501785.9323394
File C:\Users\mjjimenezd\Desktop\repositorios\e-inventory\venv\Lib\site-packages\rest_framework\exceptions.py first seen with mtime 1742501832.2005591
File C:\Python313\Lib\numbers.py first seen with mtime 1733255848.0
File C:\Python313\Lib\zoneinfo\__init__.py first seen with mtime 1733255850.0
File C:\Users\mjjimenezd\Desktop\repositorios\e-inventory\venv\Lib\site-packages\django\contrib\sites\shortcuts.py first seen with mtime 1742501784.5473087
File C:\Users\mjjimenezd\Desktop\repositorios\e-inventory\venv\Lib\site-packages\django\template\smartif.py first seen with mtime 1742501785.9286253
File C:\Python313\Lib\asyncio\threads.py first seen with mtime 1733255848.0
File C:\Users\mjjimenezd\Desktop\repositorios\e-inventory\venv\Lib\site-packages\rest_framework\utils\timezone.py first seen with mtime 1742501832.779887
File C:\Users\mjjimenezd\Desktop\repositorios\e-inventory\venv\Lib\site-packages\django\template\loaders\__init__.py first seen with mtime 1742501785.9443073
File C:\Python313\Lib\graphlib.py first seen with mtime 1733255848.0
File C:\Python313\Lib\xml\dom\minicompat.py first seen with mtime 1733255850.0
File C:\Users\mjjimenezd\Desktop\repositorios\e-inventory\venv\Lib\site-packages\django\contrib\admin\filters.py first seen with mtime 1742501778.0048964
File C:\Python313\Lib\pathlib\_abc.py first seen with mtime 1733255848.0
File C:\Users\mjjimenezd\Desktop\repositorios\e-inventory\venv\Lib\site-packages\colorfield\validators.py first seen with mtime 1742501906.837656
File C:\Users\mjjimenezd\Desktop\repositorios\e-inventory\venv\Lib\site-packages\django\core\checks\security\base.py first seen with mtime 1742501785.2438202
File C:\Python313\Lib\email\mime\__init__.py first seen with mtime 1733255848.0
File C:\Users\mjjimenezd\Desktop\repositorios\e-inventory\venv\Lib\site-packages\django\core\signing.py first seen with mtime 1742501785.1847882
File C:\Python313\Lib\struct.py first seen with mtime 1733255848.0
File C:\Users\mjjimenezd\Desktop\repositorios\e-inventory\venv\Lib\site-packages\django\contrib\admin\templatetags\log.py first seen with mtime 1742501779.5716543
File C:\Users\mjjimenezd\Desktop\repositorios\e-inventory\venv\Lib\site-packages\django\contrib\contenttypes\fields.py first seen with mtime 1742501780.8492866
File C:\Users\mjjimenezd\Desktop\repositorios\e-inventory\venv\Lib\site-packages\django\core\management\commands\runserver.py first seen with mtime 1742501785.3687038
File C:\Users\mjjimenezd\Desktop\repositorios\e-inventory\venv\Lib\site-packages\sqlparse\filters\__init__.py first seen with mtime 1742501776.62648
File C:\Python313\Lib\string.py first seen with mtime 1733255848.0
File C:\Users\mjjimenezd\Desktop\repositorios\e-inventory\venv\Lib\site-packages\django\contrib\auth\password_validation.py first seen with mtime 1742501780.2624714
File C:\Users\mjjimenezd\Desktop\repositorios\e-inventory\venv\Lib\site-packages\django\core\handlers\exception.py first seen with mtime 1742501785.2921636
File C:\Users\mjjimenezd\Desktop\repositorios\e-inventory\venv\Lib\site-packages\django\contrib\sites\__init__.py first seen with mtime 1742501784.5295906
File C:\Users\mjjimenezd\Desktop\repositorios\e-inventory\venv\Lib\site-packages\django\core\files\storage\__init__.py first seen with mtime 1742501785.2714689
File C:\Users\mjjimenezd\Desktop\repositorios\e-inventory\venv\Lib\site-packages\PIL\Image.py first seen with mtime 1742501905.8844218
File C:\Users\mjjimenezd\Desktop\repositorios\e-inventory\venv\Lib\site-packages\django\core\checks\compatibility\__init__.py first seen with mtime 1742501785.237971
File C:\Users\mjjimenezd\Desktop\repositorios\e-inventory\venv\Lib\site-packages\django\contrib\__init__.py first seen with mtime 1742501777.988991
File C:\Users\mjjimenezd\Desktop\repositorios\e-inventory\venv\Lib\site-packages\django\utils\timesince.py first seen with mtime 1742501786.0963337
File C:\Python313\Lib\inspect.py first seen with mtime 1733255848.0
File C:\Users\mjjimenezd\Desktop\repositorios\e-inventory\venv\Lib\site-packages\django\db\models\sql\where.py first seen with mtime 1742501785.6996772
File C:\Users\mjjimenezd\Desktop\repositorios\e-inventory\venv\Lib\site-packages\django\utils\encoding.py first seen with mtime 1742501786.0513902
File C:\Users\mjjimenezd\Desktop\repositorios\e-inventory\venv\Lib\site-packages\psycopg2\_json.py first seen with mtime 1742501848.980033
File C:\Users\mjjimenezd\Desktop\repositorios\e-inventory\venv\Lib\site-packages\django\core\files\storage\memory.py first seen with mtime 1742501785.281193
File C:\Users\mjjimenezd\Desktop\repositorios\e-inventory\venv\Lib\site-packages\django\contrib\staticfiles\management\__init__.py first seen with mtime 1742501785.1563113
File C:\Users\mjjimenezd\Desktop\repositorios\e-inventory\venv\Lib\site-packages\colorfield\__init__.py first seen with mtime 1742501906.837656
File C:\Users\mjjimenezd\Desktop\repositorios\e-inventory\venv\Lib\site-packages\django\utils\termcolors.py first seen with mtime 1742501786.0897872
File C:\Users\mjjimenezd\Desktop\repositorios\e-inventory\venv\Lib\site-packages\psycopg2\errors.py first seen with mtime 1742501848.96174
File C:\Users\mjjimenezd\Desktop\repositorios\e-inventory\venv\Lib\site-packages\django\contrib\auth\admin.py first seen with mtime 1742501780.228096
File C:\Users\mjjimenezd\Desktop\repositorios\e-inventory\venv\Lib\site-packages\django\db\backends\postgresql\introspection.py first seen with mtime 1742501785.5211985
File C:\Python313\Lib\email\encoders.py first seen with mtime 1733255848.0
File C:\Users\mjjimenezd\Desktop\repositorios\e-inventory\venv\Lib\site-packages\django\contrib\postgres\utils.py first seen with mtime 1742501783.092404
File C:\Python313\Lib\platform.py first seen with mtime 1733255848.0
File C:\Users\mjjimenezd\Desktop\repositorios\e-inventory\venv\Lib\site-packages\jwt\api_jwk.py first seen with mtime 1742501832.0682156
File C:\Users\mjjimenezd\Desktop\repositorios\e-inventory\venv\Lib\site-packages\rest_framework\views.py first seen with mtime 1742501832.2725172
File C:\Users\mjjimenezd\Desktop\repositorios\e-inventory\venv\Lib\site-packages\django\db\backends\postgresql\psycopg_any.py first seen with mtime 1742501785.525187
File C:\Users\mjjimenezd\Desktop\repositorios\e-inventory\venv\Lib\site-packages\sqlparse\keywords.py first seen with mtime 1742501776.5696762
File C:\Users\mjjimenezd\Desktop\repositorios\e-inventory\venv\Lib\site-packages\django\core\serializers\__init__.py first seen with mtime 1742501785.3992846
File C:\Users\mjjimenezd\Desktop\repositorios\e-inventory\venv\Lib\site-packages\django\contrib\admindocs\views.py first seen with mtime 1742501779.5983653
File C:\Users\mjjimenezd\Desktop\repositorios\e-inventory\venv\Lib\site-packages\django\template\context.py first seen with mtime 1742501785.9038665
File C:\Users\mjjimenezd\Desktop\repositorios\e-inventory\venv\Lib\site-packages\django\db\backends\postgresql\operations.py first seen with mtime 1742501785.5231938
File C:\Python313\Lib\asyncio\taskgroups.py first seen with mtime 1733255848.0
File C:\Users\mjjimenezd\Desktop\repositorios\e-inventory\venv\Lib\site-packages\django\core\serializers\base.py first seen with mtime 1742501785.4012806
File C:\Users\mjjimenezd\Desktop\repositorios\e-inventory\venv\Lib\site-packages\django\test\testcases.py first seen with mtime 1742501785.9894795
File C:\Users\mjjimenezd\Desktop\repositorios\e-inventory\venv\Lib\site-packages\django\utils\cache.py first seen with mtime 1742501786.0209434
File C:\Users\mjjimenezd\Desktop\repositorios\e-inventory\venv\Lib\site-packages\django\db\models\functions\mixins.py first seen with mtime 1742501785.6757417
File C:\Users\mjjimenezd\Desktop\repositorios\e-inventory\venv\Lib\site-packages\jwt\api_jws.py first seen with mtime 1742501832.0733871
File C:\Python313\Lib\zoneinfo\_tzpath.py first seen with mtime 1733255850.0
File C:\Users\mjjimenezd\Desktop\repositorios\e-inventory\venv\Lib\site-packages\django\db\models\__init__.py first seen with mtime 1742501785.5978765
File C:\Users\mjjimenezd\Desktop\repositorios\e-inventory\venv\Lib\site-packages\corsheaders\__init__.py first seen with mtime 1742502124.4417121
File C:\Python313\Lib\random.py first seen with mtime 1733255848.0
File C:\Python313\Lib\decimal.py first seen with mtime 1733255848.0
File C:\Python313\Lib\ctypes\wintypes.py first seen with mtime 1733255848.0
File C:\Users\mjjimenezd\Desktop\repositorios\e-inventory\venv\Lib\site-packages\sqlparse\cli.py first seen with mtime 1742501776.5354
File C:\Users\mjjimenezd\Desktop\repositorios\e-inventory\venv\Lib\site-packages\django\core\checks\security\csrf.py first seen with mtime 1742501785.2468143
File C:\Python313\Lib\copy.py first seen with mtime 1733255848.0
File C:\Users\mjjimenezd\Desktop\repositorios\e-inventory\venv\Lib\site-packages\django\contrib\auth\tokens.py first seen with mtime 1742501780.2624714
File C:\Python313\Lib\email\contentmanager.py first seen with mtime 1733255848.0
File C:\Python313\Lib\uuid.py first seen with mtime 1733255850.0
File C:\Users\mjjimenezd\Desktop\repositorios\e-inventory\venv\Lib\site-packages\django\contrib\admin\actions.py first seen with mtime 1742501777.99298
File C:\Python313\Lib\weakref.py first seen with mtime 1733255850.0
File C:\Users\mjjimenezd\Desktop\repositorios\e-inventory\venv\Lib\site-packages\django\template\loaders\filesystem.py first seen with mtime 1742501785.9560394
File C:\Users\mjjimenezd\Desktop\repositorios\e-inventory\venv\Lib\site-packages\django\contrib\messages\middleware.py first seen with mtime 1742501783.0492685
File C:\Users\mjjimenezd\Desktop\repositorios\e-inventory\venv\Lib\site-packages\django\contrib\admin\widgets.py first seen with mtime 1742501778.0223703
File C:\Python313\Lib\asyncio\transports.py first seen with mtime 1733255848.0
File C:\Python313\Lib\calendar.py first seen with mtime 1733255848.0
File C:\Users\mjjimenezd\Desktop\repositorios\e-inventory\venv\Lib\site-packages\rest_framework_simplejwt\token_blacklist\__init__.py first seen with mtime 1742501833.6367302
File C:\Users\mjjimenezd\Desktop\repositorios\e-inventory\venv\Lib\site-packages\django\db\models\sql\constants.py first seen with mtime 1742501785.6874774
File C:\Users\mjjimenezd\Desktop\repositorios\e-inventory\venv\Lib\site-packages\django\utils\autoreload.py first seen with mtime 1742501786.0179515
File C:\Python313\Lib\zipfile\_path\glob.py first seen with mtime 1733255850.0
File C:\Users\mjjimenezd\Desktop\repositorios\e-inventory\venv\Lib\site-packages\django\core\mail\utils.py first seen with mtime 1742501785.3018837
File C:\Users\mjjimenezd\Desktop\repositorios\e-inventory\venv\Lib\site-packages\django\db\__init__.py first seen with mtime 1742501785.4189522
File C:\Python313\Lib\xml\dom\NodeFilter.py first seen with mtime 1733255850.0
File C:\Users\mjjimenezd\Desktop\repositorios\e-inventory\venv\Lib\site-packages\django\contrib\auth\models.py first seen with mtime 1742501780.2624714
File C:\Python313\Lib\email\_parseaddr.py first seen with mtime 1733255848.0
File C:\Users\mjjimenezd\Desktop\repositorios\e-inventory\venv\Lib\site-packages\rest_framework\schemas\utils.py first seen with mtime 1742501832.5059283
File C:\Python313\Lib\pprint.py first seen with mtime 1733255848.0
File C:\Python313\Lib\email\mime\nonmultipart.py first seen with mtime 1733255848.0
File C:\Users\mjjimenezd\Desktop\repositorios\e-inventory\venv\Lib\site-packages\django\contrib\postgres\fields\__init__.py first seen with mtime 1742501783.1051493
File C:\Users\mjjimenezd\Desktop\repositorios\e-inventory\venv\Lib\site-packages\django\contrib\postgres\fields\hstore.py first seen with mtime 1742501783.1121297
File C:\Python313\Lib\argparse.py first seen with mtime 1733255848.0
File C:\Python313\Lib\json\__init__.py first seen with mtime 1733255848.0
File C:\Users\mjjimenezd\Desktop\repositorios\e-inventory\venv\Lib\site-packages\django\db\models\fields\reverse_related.py first seen with mtime 1742501785.6637743
File C:\Users\mjjimenezd\Desktop\repositorios\e-inventory\venv\Lib\site-packages\django\core\cache\__init__.py first seen with mtime 1742501785.1917691
File C:\Users\mjjimenezd\Desktop\repositorios\e-inventory\venv\Lib\site-packages\django\contrib\staticfiles\handlers.py first seen with mtime 1742501785.1388006
File C:\Users\mjjimenezd\Desktop\repositorios\e-inventory\venv\Lib\site-packages\django\utils\regex_helper.py first seen with mtime 1742501786.0857985
File C:\Users\mjjimenezd\Desktop\repositorios\e-inventory\venv\Lib\site-packages\django\urls\__init__.py first seen with mtime 1742501785.994436
File C:\Python313\Lib\unittest\util.py first seen with mtime 1733255850.0
File C:\Python313\Lib\asyncio\trsock.py first seen with mtime 1733255848.0
File C:\Python313\Lib\importlib\metadata\__init__.py first seen with mtime 1733255848.0
File C:\Users\mjjimenezd\Desktop\repositorios\e-inventory\venv\Lib\site-packages\django\contrib\staticfiles\views.py first seen with mtime 1742501785.153306
File C:\Python313\Lib\email\parser.py first seen with mtime 1733255848.0
File C:\Users\mjjimenezd\Desktop\repositorios\e-inventory\venv\Lib\site-packages\django\contrib\postgres\forms\hstore.py first seen with mtime 1742501783.1258368
File C:\Users\mjjimenezd\Desktop\repositorios\e-inventory\venv\Lib\site-packages\django\contrib\sessions\models.py first seen with mtime 1742501784.120535
File C:\Users\mjjimenezd\Desktop\repositorios\e-inventory\venv\Lib\site-packages\django\utils\inspect.py first seen with mtime 1742501786.0671265
File C:\Users\mjjimenezd\Desktop\repositorios\e-inventory\venv\Lib\site-packages\django\contrib\admin\models.py first seen with mtime 1742501778.0108821
File C:\Users\mjjimenezd\Desktop\repositorios\e-inventory\venv\Lib\site-packages\django\contrib\postgres\fields\utils.py first seen with mtime 1742501783.1181145
File C:\Users\mjjimenezd\Desktop\repositorios\e-inventory\venv\Lib\site-packages\django\template\engine.py first seen with mtime 1742501785.9136648
File C:\Users\mjjimenezd\Desktop\repositorios\e-inventory\venv\Lib\site-packages\django\dispatch\__init__.py first seen with mtime 1742501785.7026684
File C:\Users\mjjimenezd\Desktop\repositorios\e-inventory\venv\Lib\site-packages\django\contrib\postgres\validators.py first seen with mtime 1742501783.094399
File C:\Users\mjjimenezd\Desktop\repositorios\e-inventory\venv\Lib\site-packages\django\views\generic\dates.py first seen with mtime 1742501786.1537008
File C:\Users\mjjimenezd\Desktop\repositorios\e-inventory\venv\Lib\site-packages\widget_tweaks\templatetags\__init__.py first seen with mtime 1742501867.137454
File C:\Users\mjjimenezd\Desktop\repositorios\e-inventory\venv\Lib\site-packages\django\contrib\messages\__init__.py first seen with mtime 1742501783.0382972
File C:\Users\mjjimenezd\Desktop\repositorios\e-inventory\venv\Lib\site-packages\django\template\response.py first seen with mtime 1742501785.92663
File C:\Users\mjjimenezd\Desktop\repositorios\e-inventory\venv\Lib\site-packages\django\http\request.py first seen with mtime 1742501785.8714657
File C:\Users\mjjimenezd\Desktop\repositorios\e-inventory\venv\Lib\site-packages\django\core\checks\translation.py first seen with mtime 1742501785.2339878
File C:\Python313\Lib\zoneinfo\_common.py first seen with mtime 1733255850.0
File C:\Users\mjjimenezd\Desktop\repositorios\e-inventory\venv\Lib\site-packages\django\views\decorators\__init__.py first seen with mtime 1742501786.130047
File C:\Python313\Lib\asyncio\format_helpers.py first seen with mtime 1733255848.0
File C:\Users\mjjimenezd\Desktop\repositorios\e-inventory\venv\Lib\site-packages\django\utils\translation\trans_real.py first seen with mtime 1742501786.11526
File C:\Users\mjjimenezd\Desktop\repositorios\e-inventory\venv\Lib\site-packages\django\views\decorators\common.py first seen with mtime 1742501786.1370287
File C:\Python313\Lib\_opcode_metadata.py first seen with mtime 1733255848.0
File C:\Users\mjjimenezd\Desktop\repositorios\e-inventory\venv\Lib\site-packages\rest_framework\authtoken\admin.py first seen with mtime 1742501832.2804952
File C:\Python313\Lib\asyncio\windows_utils.py first seen with mtime 1733255848.0
File C:\Users\mjjimenezd\Desktop\repositorios\e-inventory\venv\Lib\site-packages\django\urls\base.py first seen with mtime 1742501785.997199
File C:\Python313\Lib\contextlib.py first seen with mtime 1733255848.0
File C:\Users\mjjimenezd\Desktop\repositorios\e-inventory\venv\Lib\site-packages\django\utils\deprecation.py first seen with mtime 1742501786.0474007
File C:\Users\mjjimenezd\Desktop\repositorios\e-inventory\venv\Lib\site-packages\django\core\files\uploadhandler.py first seen with mtime 1742501785.266482
File C:\Python313\Lib\dis.py first seen with mtime 1733255848.0
File C:\Users\mjjimenezd\Desktop\repositorios\e-inventory\venv\Lib\site-packages\django\contrib\admin\views\main.py first seen with mtime 1742501779.5824077
File C:\Python313\Lib\secrets.py first seen with mtime 1733255848.0
File C:\Users\mjjimenezd\Desktop\repositorios\e-inventory\venv\Lib\site-packages\django\contrib\staticfiles\management\commands\__init__.py first seen with mtime 1742501785.1572967
File C:\Users\mjjimenezd\Desktop\repositorios\e-inventory\venv\Lib\site-packages\django\core\management\commands\__init__.py first seen with mtime 1742501785.332433
File C:\Users\mjjimenezd\Desktop\repositorios\e-inventory\venv\Lib\site-packages\django\utils\formats.py first seen with mtime 1742501786.056377
File C:\Python313\Lib\encodings\cp1252.py first seen with mtime 1733255848.0
File C:\Users\mjjimenezd\Desktop\repositorios\e-inventory\venv\Lib\site-packages\rest_framework\serializers.py first seen with mtime 1742501832.2455938
File C:\Users\mjjimenezd\Desktop\repositorios\e-inventory\venv\Lib\site-packages\PIL\ImageMode.py first seen with mtime 1742501905.93071
File C:\Python313\Lib\textwrap.py first seen with mtime 1733255850.0
File C:\Users\mjjimenezd\Desktop\repositorios\e-inventory\venv\Lib\site-packages\PIL\_typing.py first seen with mtime 1742501906.1519902
File C:\Users\mjjimenezd\Desktop\repositorios\e-inventory\venv\Lib\site-packages\django\middleware\common.py first seen with mtime 1742501785.8821807
File C:\Users\mjjimenezd\Desktop\repositorios\e-inventory\venv\Lib\site-packages\django\db\models\deletion.py first seen with mtime 1742501785.6088486
File C:\Users\mjjimenezd\Desktop\repositorios\e-inventory\venv\Lib\site-packages\django\db\backends\base\validation.py first seen with mtime 1742501785.4533231
File C:\Python313\Lib\shutil.py first seen with mtime 1733255848.0
File C:\Users\mjjimenezd\Desktop\repositorios\e-inventory\venv\Lib\site-packages\widget_tweaks\__init__.py first seen with mtime 1742501867.137454
File C:\Python313\Lib\linecache.py first seen with mtime 1733255848.0
File C:\Users\mjjimenezd\Desktop\repositorios\e-inventory\venv\Lib\site-packages\django\contrib\auth\signals.py first seen with mtime 1742501780.2624714
File C:\Users\mjjimenezd\Desktop\repositorios\e-inventory\venv\Lib\site-packages\widget_tweaks\models.py first seen with mtime 1742501867.137454
File C:\Users\mjjimenezd\Desktop\repositorios\e-inventory\venv\Lib\site-packages\django\urls\conf.py first seen with mtime 1742501786.0001886
File C:\Users\mjjimenezd\Desktop\repositorios\e-inventory\venv\Lib\site-packages\django\db\backends\base\base.py first seen with mtime 1742501785.4357245
File C:\Users\mjjimenezd\Desktop\repositorios\e-inventory\venv\Lib\site-packages\django\db\models\fields\related.py first seen with mtime 1742501785.6559782
File C:\Users\mjjimenezd\Desktop\repositorios\e-inventory\venv\Lib\site-packages\sqlparse\tokens.py first seen with mtime 1742501776.5766575
File C:\Users\mjjimenezd\Desktop\repositorios\e-inventory\venv\Lib\site-packages\django\contrib\auth\views.py first seen with mtime 1742501780.2788894
File C:\Users\mjjimenezd\Desktop\repositorios\e-inventory\venv\Lib\site-packages\rest_framework\utils\formatting.py first seen with mtime 1742501832.7615132
File C:\Users\mjjimenezd\Desktop\repositorios\e-inventory\venv\Lib\site-packages\django\contrib\admin\sites.py first seen with mtime 1742501778.015869
File C:\Users\mjjimenezd\Desktop\repositorios\e-inventory\venv\Lib\site-packages\django\contrib\admin\templatetags\admin_urls.py first seen with mtime 1742501779.5676653
File C:\Python313\Lib\concurrent\futures\_base.py first seen with mtime 1733255848.0
File C:\Python313\Lib\bisect.py first seen with mtime 1733255848.0
File C:\Users\mjjimenezd\Desktop\repositorios\e-inventory\venv\Lib\site-packages\django\core\management\__init__.py first seen with mtime 1742501785.319375
File C:\Python313\Lib\re\_compiler.py first seen with mtime 1733255848.0
File C:\Users\mjjimenezd\Desktop\repositorios\e-inventory\venv\Lib\site-packages\django\middleware\security.py first seen with mtime 1742501785.893151
File C:\Python313\Lib\asyncio\log.py first seen with mtime 1733255848.0
File C:\Users\mjjimenezd\Desktop\repositorios\e-inventory\venv\Lib\site-packages\django\contrib\messages\utils.py first seen with mtime 1742501783.0539656
File C:\Python313\DLLs\_zoneinfo.pyd first seen with mtime 1733255892.0
File C:\Users\mjjimenezd\Desktop\repositorios\e-inventory\venv\Lib\site-packages\rest_framework\utils\mediatypes.py first seen with mtime 1742501832.7709105
File C:\Users\mjjimenezd\Desktop\repositorios\e-inventory\venv\Lib\site-packages\django\utils\duration.py first seen with mtime 1742501786.0493968
File C:\Users\mjjimenezd\Desktop\repositorios\e-inventory\venv\Lib\site-packages\corsheaders\conf.py first seen with mtime 1742502124.457882
File C:\Python313\Lib\sysconfig\__init__.py first seen with mtime 1733255848.0
File C:\Python313\Lib\asyncio\tasks.py first seen with mtime 1733255848.0
File C:\Users\mjjimenezd\Desktop\repositorios\e-inventory\venv\Lib\site-packages\django\contrib\staticfiles\finders.py first seen with mtime 1742501785.1358082
File C:\Users\mjjimenezd\Desktop\repositorios\e-inventory\venv\Lib\site-packages\django\contrib\admin\__init__.py first seen with mtime 1742501777.990992
File C:\Users\mjjimenezd\Desktop\repositorios\e-inventory\venv\Lib\site-packages\django\utils\html.py first seen with mtime 1742501786.0631375
File C:\Users\mjjimenezd\Desktop\repositorios\e-inventory\venv\Lib\site-packages\django\core\checks\caches.py first seen with mtime 1742501785.2182786
File C:\Users\mjjimenezd\Desktop\repositorios\e-inventory\venv\Lib\site-packages\django\core\checks\model_checks.py first seen with mtime 1742501785.2270005
File C:\Python313\Lib\email\message.py first seen with mtime 1733255848.0
File C:\Users\mjjimenezd\Desktop\repositorios\e-inventory\venv\Lib\site-packages\django\contrib\messages\api.py first seen with mtime 1742501783.0402925
File C:\Python313\Lib\email\mime\multipart.py first seen with mtime 1733255848.0
File C:\Users\mjjimenezd\Desktop\repositorios\e-inventory\venv\Lib\site-packages\django\core\mail\message.py first seen with mtime 1742501785.2989101
File C:\Users\mjjimenezd\Desktop\repositorios\e-inventory\venv\Lib\site-packages\rest_framework\validators.py first seen with mtime 1742501832.2645376
File C:\Users\mjjimenezd\Desktop\repositorios\e-inventory\venv\Lib\site-packages\django\templatetags\tz.py first seen with mtime 1742501785.9717674
File C:\Python313\Lib\xml\dom\minidom.py first seen with mtime 1733255850.0
File C:\Python313\Lib\asyncio\protocols.py first seen with mtime 1733255848.0
File C:\Users\mjjimenezd\Desktop\repositorios\e-inventory\venv\Lib\site-packages\rest_framework\fields.py first seen with mtime 1742501832.204358
File C:\Users\mjjimenezd\Desktop\repositorios\e-inventory\venv\Lib\site-packages\django\contrib\admin\views\decorators.py first seen with mtime 1742501779.5804129
File C:\Python313\Lib\xml\dom\domreg.py first seen with mtime 1733255850.0
File C:\Users\mjjimenezd\Desktop\repositorios\e-inventory\venv\Lib\site-packages\psycopg2\sql.py first seen with mtime 1742501848.9707463
File C:\Python313\Lib\email\_encoded_words.py first seen with mtime 1733255848.0
File C:\Users\mjjimenezd\Desktop\repositorios\e-inventory\venv\Lib\site-packages\django\template\__init__.py first seen with mtime 1742501785.896886
File C:\Python313\Lib\dataclasses.py first seen with mtime 1733255848.0
File C:\Users\mjjimenezd\Desktop\repositorios\e-inventory\venv\Lib\site-packages\django\contrib\auth\hashers.py first seen with mtime 1742501780.2487009
File C:\Python313\DLLs\_ctypes.pyd first seen with mtime 1733255892.0
File C:\Users\mjjimenezd\Desktop\repositorios\e-inventory\venv\Lib\site-packages\psycopg2\_range.py first seen with mtime 1742501848.9810772
File C:\Python313\Lib\re\_casefix.py first seen with mtime 1733255848.0
File C:\Python313\Lib\_markupbase.py first seen with mtime 1733255848.0
File C:\Users\mjjimenezd\Desktop\repositorios\e-inventory\venv\Lib\site-packages\django\db\models\query.py first seen with mtime 1742501785.6255524
File C:\Python313\Lib\lzma.py first seen with mtime 1733255848.0
File C:\Python313\DLLs\_bz2.pyd first seen with mtime 1733255892.0
File C:\Users\mjjimenezd\Desktop\repositorios\e-inventory\venv\Lib\site-packages\django\db\models\constraints.py first seen with mtime 1742501785.606852
File C:\Python313\Lib\asyncio\staggered.py first seen with mtime 1733255848.0
File C:\Users\mjjimenezd\Desktop\repositorios\e-inventory\venv\Lib\site-packages\django\contrib\sessions\apps.py first seen with mtime 1742501784.11258
File C:\Users\mjjimenezd\Desktop\repositorios\e-inventory\venv\Lib\site-packages\django\contrib\admin\decorators.py first seen with mtime 1742501777.9999607
File C:\Python313\Lib\json\decoder.py first seen with mtime 1733255848.0
File C:\Python313\Lib\_weakrefset.py first seen with mtime 1733255848.0
File C:\Users\mjjimenezd\Desktop\repositorios\e-inventory\venv\Lib\site-packages\django\forms\fields.py first seen with mtime 1742501785.7129455
File C:\Users\mjjimenezd\Desktop\repositorios\e-inventory\venv\Lib\site-packages\django\contrib\admin\templatetags\admin_list.py first seen with mtime 1742501779.562679
File C:\Users\mjjimenezd\Desktop\repositorios\e-inventory\venv\Lib\site-packages\django\contrib\staticfiles\apps.py first seen with mtime 1742501785.131842
File C:\Users\mjjimenezd\Desktop\repositorios\e-inventory\venv\Lib\site-packages\django\test\client.py first seen with mtime 1742501785.9767835
File C:\Python313\Lib\email\charset.py first seen with mtime 1733255848.0
File C:\Users\mjjimenezd\Desktop\repositorios\e-inventory\venv\Lib\site-packages\django\utils\timezone.py first seen with mtime 1742501786.0985868
File C:\Users\mjjimenezd\Desktop\repositorios\e-inventory\venv\Lib\site-packages\django\contrib\admin\checks.py first seen with mtime 1742501777.9969695
File C:\Python313\Lib\importlib\abc.py first seen with mtime 1733255848.0
File C:\Python313\Lib\unittest\result.py first seen with mtime 1733255850.0
File C:\Users\mjjimenezd\Desktop\repositorios\e-inventory\venv\Lib\site-packages\django\core\files\base.py first seen with mtime 1742501785.2527962
File C:\Users\mjjimenezd\Desktop\repositorios\e-inventory\venv\Lib\site-packages\django\db\backends\ddl_references.py first seen with mtime 1742501785.4277444
File C:\Users\mjjimenezd\Desktop\repositorios\e-inventory\venv\Lib\site-packages\django\contrib\contenttypes\models.py first seen with mtime 1742501780.8492866
File C:\Users\mjjimenezd\Desktop\repositorios\e-inventory\venv\Lib\site-packages\django\db\backends\__init__.py first seen with mtime 1742501785.425933
File C:\Python313\Lib\locale.py first seen with mtime 1733255848.0
File C:\Users\mjjimenezd\Desktop\repositorios\e-inventory\venv\Lib\site-packages\django\core\checks\database.py first seen with mtime 1742501785.2202735
File C:\Users\mjjimenezd\Desktop\repositorios\e-inventory\venv\Lib\site-packages\rest_framework\apps.py first seen with mtime 1742501832.1870193
File C:\Python313\Lib\hashlib.py first seen with mtime 1733255848.0
File C:\Python313\Lib\email\_header_value_parser.py first seen with mtime 1733255848.0
File C:\Users\mjjimenezd\Desktop\repositorios\e-inventory\venv\Lib\site-packages\jwt\exceptions.py first seen with mtime 1742501832.076405
File C:\Users\mjjimenezd\Desktop\repositorios\e-inventory\venv\Lib\site-packages\jwt\types.py first seen with mtime 1742501832.0909734
File C:\Python313\Lib\tempfile.py first seen with mtime 1733255848.0
File C:\Users\mjjimenezd\Desktop\repositorios\e-inventory\venv\Lib\site-packages\django\utils\datastructures.py first seen with mtime 1742501786.0336847
File C:\Users\mjjimenezd\Desktop\repositorios\e-inventory\venv\Lib\site-packages\django\core\checks\registry.py first seen with mtime 1742501785.2299926
File C:\Users\mjjimenezd\Desktop\repositorios\e-inventory\venv\Lib\site-packages\django\forms\renderers.py first seen with mtime 1742501785.7229176
File C:\Users\mjjimenezd\Desktop\repositorios\e-inventory\venv\Lib\site-packages\django\core\files\storage\base.py first seen with mtime 1742501785.273488
File C:\Users\mjjimenezd\Desktop\repositorios\e-inventory\venv\Lib\site-packages\rest_framework\decorators.py first seen with mtime 1742501832.1965704
File C:\Users\mjjimenezd\Desktop\repositorios\e-inventory\venv\Lib\site-packages\asgiref\local.py first seen with mtime 1742501776.7858644
File C:\Users\mjjimenezd\Desktop\repositorios\e-inventory\venv\Lib\site-packages\django\contrib\admin\templatetags\base.py first seen with mtime 1742501779.5696597
File C:\Users\mjjimenezd\Desktop\repositorios\e-inventory\venv\Lib\site-packages\django\contrib\admindocs\__init__.py first seen with mtime 1742501779.584402
File C:\Users\mjjimenezd\Desktop\repositorios\e-inventory\venv\Lib\site-packages\django\db\backends\postgresql\client.py first seen with mtime 1742501785.5152137
File C:\Python313\Lib\asyncio\base_subprocess.py first seen with mtime 1733255848.0
File C:\Users\mjjimenezd\Desktop\repositorios\e-inventory\venv\Lib\site-packages\django\utils\http.py first seen with mtime 1742501786.0651329
File C:\Users\mjjimenezd\Desktop\repositorios\e-inventory\venv\Lib\site-packages\django\contrib\messages\apps.py first seen with mtime 1742501783.0432842
File C:\Python313\DLLs\select.pyd first seen with mtime 1733255892.0
File C:\Python313\Lib\http\server.py first seen with mtime 1733255848.0
File C:\Python313\Lib\selectors.py first seen with mtime 1733255848.0
File C:\Users\mjjimenezd\Desktop\repositorios\e-inventory\venv\Lib\site-packages\django\utils\translation\__init__.py first seen with mtime 1742501786.106566
File C:\Users\mjjimenezd\Desktop\repositorios\e-inventory\venv\Lib\site-packages\django\db\backends\base\introspection.py first seen with mtime 1742501785.4453447
File C:\Users\mjjimenezd\Desktop\repositorios\e-inventory\venv\Lib\site-packages\django\utils\safestring.py first seen with mtime 1742501786.0877934
File C:\Users\mjjimenezd\Desktop\repositorios\e-inventory\venv\Lib\site-packages\django\middleware\clickjacking.py first seen with mtime 1742501785.880185
File C:\Python313\Lib\collections\__init__.py first seen with mtime 1733255848.0
File C:\Users\mjjimenezd\Desktop\repositorios\e-inventory\venv\Lib\site-packages\psycopg2\__init__.py first seen with mtime 1742501848.9926376
File C:\Users\mjjimenezd\Desktop\repositorios\e-inventory\venv\Lib\site-packages\django\views\decorators\cache.py first seen with mtime 1742501786.1330395
File C:\Users\mjjimenezd\Desktop\repositorios\e-inventory\venv\Lib\site-packages\django\utils\asyncio.py first seen with mtime 1742501786.0159566
File C:\Users\mjjimenezd\Desktop\repositorios\e-inventory\venv\Lib\site-packages\django\__init__.py first seen with mtime 1742501776.9006732
File C:\Python313\Lib\email\header.py first seen with mtime 1733255848.0
File C:\Users\mjjimenezd\Desktop\repositorios\e-inventory\venv\Lib\site-packages\django\core\cache\backends\base.py first seen with mtime 1742501785.1976552
File C:\Users\mjjimenezd\Desktop\repositorios\e-inventory\venv\Lib\site-packages\django\contrib\contenttypes\checks.py first seen with mtime 1742501780.845879
File C:\Users\mjjimenezd\Desktop\repositorios\e-inventory\venv\Lib\site-packages\django\core\signals.py first seen with mtime 1742501785.1827936
File C:\Users\mjjimenezd\Desktop\repositorios\e-inventory\venv\Lib\site-packages\django\templatetags\i18n.py first seen with mtime 1742501785.964785
File C:\Users\mjjimenezd\Desktop\repositorios\e-inventory\venv\Lib\site-packages\django\template\base.py first seen with mtime 1742501785.9008763
File C:\Users\mjjimenezd\Desktop\repositorios\e-inventory\venv\Lib\site-packages\django\core\paginator.py first seen with mtime 1742501785.1798315
File C:\Users\mjjimenezd\Desktop\repositorios\e-inventory\venv\Lib\site-packages\asgiref\current_thread_executor.py first seen with mtime 1742501776.7838686
File C:\Users\mjjimenezd\Desktop\repositorios\e-inventory\venv\Lib\site-packages\django\utils\decorators.py first seen with mtime 1742501786.044656
File C:\Users\mjjimenezd\Desktop\repositorios\e-inventory\venv\Lib\site-packages\django\db\models\fields\proxy.py first seen with mtime 1742501785.6529858
File C:\Python313\Lib\email\headerregistry.py first seen with mtime 1733255848.0
File C:\Users\mjjimenezd\Desktop\repositorios\e-inventory\venv\Lib\site-packages\django\test\signals.py first seen with mtime 1742501785.9864569
File C:\Python313\Lib\importlib\metadata\_meta.py first seen with mtime 1733255848.0
File C:\Python313\Lib\wsgiref\headers.py first seen with mtime 1733255850.0
File C:\Users\mjjimenezd\Desktop\repositorios\e-inventory\venv\Lib\site-packages\PIL\_util.py first seen with mtime 1742501906.1519902
File C:\Users\mjjimenezd\Desktop\repositorios\e-inventory\venv\Lib\site-packages\django\utils\connection.py first seen with mtime 1742501786.0296953
File C:\Users\mjjimenezd\Desktop\repositorios\e-inventory\venv\Lib\site-packages\django\urls\converters.py first seen with mtime 1742501786.0011868
File C:\Python313\Lib\socket.py first seen with mtime 1733255848.0
File C:\Users\mjjimenezd\Desktop\repositorios\e-inventory\venv\Lib\site-packages\rest_framework\schemas\__init__.py first seen with mtime 1742501832.493961
File C:\Users\mjjimenezd\Desktop\repositorios\e-inventory\venv\Lib\site-packages\django\db\migrations\operations\models.py first seen with mtime 1742501785.5921018
File C:\Users\mjjimenezd\Desktop\repositorios\e-inventory\venv\Lib\site-packages\django\contrib\sessions\middleware.py first seen with mtime 1742501784.1185422
File C:\Users\mjjimenezd\Desktop\repositorios\e-inventory\venv\Lib\site-packages\django\template\loader.py first seen with mtime 1742501785.9216442
File C:\Python313\Lib\datetime.py first seen with mtime 1733255848.0
File C:\Users\mjjimenezd\Desktop\repositorios\e-inventory\venv\Lib\site-packages\jwt\utils.py first seen with mtime 1742501832.092966
File C:\Users\mjjimenezd\Desktop\repositorios\e-inventory\venv\Lib\site-packages\rest_framework\authtoken\__init__.py first seen with mtime 1742501832.2775037
File C:\Users\mjjimenezd\Desktop\repositorios\e-inventory\venv\Lib\site-packages\django\db\migrations\__init__.py first seen with mtime 1742501785.552694
File C:\Users\mjjimenezd\Desktop\repositorios\e-inventory\venv\Lib\site-packages\django\forms\boundfield.py first seen with mtime 1742501785.7106466
File C:\Users\mjjimenezd\Desktop\repositorios\e-inventory\venv\Lib\site-packages\django\utils\module_loading.py first seen with mtime 1742501786.080812
File C:\Users\mjjimenezd\Desktop\repositorios\e-inventory\venv\Lib\site-packages\django\templatetags\__init__.py first seen with mtime 1742501785.9600313
File C:\Users\mjjimenezd\Desktop\repositorios\e-inventory\venv\Lib\site-packages\django\core\files\temp.py first seen with mtime 1742501785.2624917
File C:\Users\mjjimenezd\Desktop\repositorios\e-inventory\venv\Lib\site-packages\django\core\checks\files.py first seen with mtime 1742501785.222268
File C:\Users\mjjimenezd\Desktop\repositorios\e-inventory\venv\Lib\site-packages\django\views\generic\list.py first seen with mtime 1742501786.1606824
File C:\Users\mjjimenezd\Desktop\repositorios\e-inventory\venv\Lib\site-packages\django\core\wsgi.py first seen with mtime 1742501785.1887765
File C:\Users\mjjimenezd\Desktop\repositorios\e-inventory\venv\Lib\site-packages\django\db\models\fields\related_lookups.py first seen with mtime 1742501785.6617785
File C:\Users\mjjimenezd\Desktop\repositorios\e-inventory\venv\Lib\site-packages\corsheaders\signals.py first seen with mtime 1742502124.4658608
File C:\Python313\Lib\pathlib\__init__.py first seen with mtime 1733255848.0
File C:\Users\mjjimenezd\Desktop\repositorios\e-inventory\venv\Lib\site-packages\django\test\html.py first seen with mtime 1742501785.9794753
File C:\Python313\Lib\importlib\metadata\_functools.py first seen with mtime 1733255848.0
File C:\Users\mjjimenezd\Desktop\repositorios\e-inventory\venv\Lib\site-packages\rest_framework_simplejwt\settings.py first seen with mtime 1742501833.4594257
File C:\Users\mjjimenezd\Desktop\repositorios\e-inventory\venv\Lib\site-packages\django\template\library.py first seen with mtime 1742501785.919649
File C:\Python313\Lib\email\__init__.py first seen with mtime 1733255848.0
File C:\Users\mjjimenezd\Desktop\repositorios\e-inventory\venv\Lib\site-packages\django\contrib\admin\templatetags\__init__.py first seen with mtime 1742501779.5606852
File C:\Users\mjjimenezd\Desktop\repositorios\e-inventory\venv\Lib\site-packages\django\core\handlers\__init__.py first seen with mtime 1742501785.2851825
File C:\Users\mjjimenezd\Desktop\repositorios\e-inventory\venv\Lib\site-packages\django\views\i18n.py first seen with mtime 1742501786.1262302
File C:\Users\mjjimenezd\Desktop\repositorios\e-inventory\venv\Lib\site-packages\rest_framework_simplejwt\authentication.py first seen with mtime 1742501833.4497378
File C:\Python313\Lib\pkgutil.py first seen with mtime 1733255848.0
File C:\Users\mjjimenezd\Desktop\repositorios\e-inventory\venv\Lib\site-packages\django\contrib\contenttypes\admin.py first seen with mtime 1742501780.8345056
File C:\Python313\Lib\fnmatch.py first seen with mtime 1733255848.0
File C:\Python313\Lib\gzip.py first seen with mtime 1733255848.0
File C:\Users\mjjimenezd\Desktop\repositorios\e-inventory\venv\Lib\site-packages\django\contrib\auth\__init__.py first seen with mtime 1742501780.2247982
File C:\Users\mjjimenezd\Desktop\repositorios\e-inventory\venv\Lib\site-packages\rest_framework\permissions.py first seen with mtime 1742501832.227637
File C:\Python313\Lib\re\__init__.py first seen with mtime 1733255848.0
File C:\Python313\Lib\logging\config.py first seen with mtime 1733255848.0
File C:\Users\mjjimenezd\Desktop\repositorios\e-inventory\venv\Lib\site-packages\corsheaders\defaults.py first seen with mtime 1742502124.4598768
File C:\Python313\Lib\asyncio\base_tasks.py first seen with mtime 1733255848.0
File C:\Python313\Lib\token.py first seen with mtime 1733255850.0
File C:\Python313\Lib\hmac.py first seen with mtime 1733255848.0
File C:\Python313\Lib\operator.py first seen with mtime 1733255848.0
File C:\Python313\Lib\heapq.py first seen with mtime 1733255848.0
File C:\Python313\Lib\urllib\error.py first seen with mtime 1733255850.0
File C:\Users\mjjimenezd\Desktop\repositorios\e-inventory\venv\Lib\site-packages\django\contrib\auth\forms.py first seen with mtime 1742501780.2487009
File C:\Users\mjjimenezd\Desktop\repositorios\e-inventory\venv\Lib\site-packages\django\db\transaction.py first seen with mtime 1742501785.4219754
File C:\Python313\Lib\unittest\__init__.py first seen with mtime 1733255850.0
File C:\Python313\Lib\importlib\metadata\_adapters.py first seen with mtime 1733255848.0
File C:\Users\mjjimenezd\Desktop\repositorios\e-inventory\venv\Lib\site-packages\jwt\algorithms.py first seen with mtime 1742501832.054816
File C:\Users\mjjimenezd\Desktop\repositorios\e-inventory\venv\Lib\site-packages\rest_framework\utils\breadcrumbs.py first seen with mtime 1742501832.7527616
File C:\Users\mjjimenezd\Desktop\repositorios\e-inventory\venv\Lib\site-packages\django\utils\_os.py first seen with mtime 1742501786.011159
File C:\Users\mjjimenezd\Desktop\repositorios\e-inventory\venv\Lib\site-packages\django\apps\__init__.py first seen with mtime 1742501776.9061835
File C:\Users\mjjimenezd\Desktop\repositorios\e-inventory\venv\Lib\site-packages\rest_framework\utils\field_mapping.py first seen with mtime 1742501832.7585232
File C:\Users\mjjimenezd\Desktop\repositorios\e-inventory\venv\Lib\site-packages\corsheaders\middleware.py first seen with mtime 1742502124.4628682
File C:\Users\mjjimenezd\Desktop\repositorios\e-inventory\venv\Lib\site-packages\django\core\management\base.py first seen with mtime 1742501785.3213694
File C:\Users\mjjimenezd\Desktop\repositorios\e-inventory\venv\Lib\site-packages\django\core\serializers\json.py first seen with mtime 1742501785.4042718
File C:\Python313\DLLs\_hashlib.pyd first seen with mtime 1733255892.0
File C:\Python313\Lib\encodings\utf_8.py first seen with mtime 1733255848.0
File C:\Python313\Lib\importlib\resources\abc.py first seen with mtime 1733255848.0
File C:\Users\mjjimenezd\Desktop\repositorios\e-inventory\venv\Lib\site-packages\django\core\servers\basehttp.py first seen with mtime 1742501785.4169579
File C:\Users\mjjimenezd\Desktop\repositorios\e-inventory\backend\dispositivos\views.py first seen with mtime 1742496992.0105786
File C:\Users\mjjimenezd\Desktop\repositorios\e-inventory\venv\Lib\site-packages\django\contrib\admindocs\utils.py first seen with mtime 1742501779.5953724
File C:\Users\mjjimenezd\Desktop\repositorios\e-inventory\backend\dispositivos\serializers.py first seen with mtime 1742496991.980894
File C:\Python313\Lib\email\base64mime.py first seen with mtime 1733255848.0
File C:\Users\mjjimenezd\Desktop\repositorios\e-inventory\venv\Lib\site-packages\django\contrib\contenttypes\management\__init__.py first seen with mtime 1742501781.3434713
File C:\Users\mjjimenezd\Desktop\repositorios\e-inventory\venv\Lib\site-packages\rest_framework_simplejwt\models.py first seen with mtime 1742501833.4594257
File C:\Users\mjjimenezd\Desktop\repositorios\e-inventory\venv\Lib\site-packages\rest_framework_simplejwt\token_blacklist\models.py first seen with mtime 1742501833.649513
File C:\Users\mjjimenezd\Desktop\repositorios\e-inventory\venv\Lib\site-packages\django\contrib\contenttypes\forms.py first seen with mtime 1742501780.8492866
File C:\Users\mjjimenezd\Desktop\repositorios\e-inventory\venv\Lib\site-packages\django\db\migrations\operations\fields.py first seen with mtime 1742501785.5891104
File C:\Users\mjjimenezd\Desktop\repositorios\e-inventory\venv\Lib\site-packages\django\db\models\signals.py first seen with mtime 1742501785.6322663
File C:\Python313\Lib\ctypes\__init__.py first seen with mtime 1733255848.0
File C:\Users\mjjimenezd\Desktop\repositorios\e-inventory\venv\Lib\site-packages\rest_framework\templatetags\__init__.py first seen with mtime 1742501832.7467768
File C:\Users\mjjimenezd\Desktop\repositorios\e-inventory\venv\Lib\site-packages\django\db\models\aggregates.py first seen with mtime 1742501785.599872
File C:\Users\mjjimenezd\Desktop\repositorios\e-inventory\venv\Lib\site-packages\rest_framework\settings.py first seen with mtime 1742501832.2485814
File C:\Users\mjjimenezd\Desktop\repositorios\e-inventory\venv\Lib\site-packages\django\middleware\__init__.py first seen with mtime 1742501785.8744571
File C:\Users\mjjimenezd\Desktop\repositorios\e-inventory\venv\Lib\site-packages\django\utils\dates.py first seen with mtime 1742501786.040666
File C:\Users\mjjimenezd\Desktop\repositorios\e-inventory\venv\Lib\site-packages\django\views\generic\detail.py first seen with mtime 1742501786.1566937
File C:\Users\mjjimenezd\Desktop\repositorios\e-inventory\venv\Lib\site-packages\django\urls\exceptions.py first seen with mtime 1742501786.0041778
File C:\Users\mjjimenezd\Desktop\repositorios\e-inventory\venv\Lib\site-packages\django\views\defaults.py first seen with mtime 1742501786.1242354
File C:\Python313\Lib\wsgiref\handlers.py first seen with mtime 1733255850.0
File C:\Users\mjjimenezd\Desktop\repositorios\e-inventory\venv\Lib\site-packages\django\contrib\sessions\__init__.py first seen with mtime 1742501784.110563
File C:\Users\mjjimenezd\Desktop\repositorios\e-inventory\venv\Lib\site-packages\sqlparse\filters\tokens.py first seen with mtime 1742501776.6414404
File C:\Users\mjjimenezd\Desktop\repositorios\e-inventory\venv\Lib\site-packages\django\contrib\contenttypes\views.py first seen with mtime 1742501780.8492866
File C:\Users\mjjimenezd\Desktop\repositorios\e-inventory\venv\Lib\site-packages\django\db\models\options.py first seen with mtime 1742501785.6225605
File C:\Users\mjjimenezd\Desktop\repositorios\e-inventory\venv\Lib\site-packages\rest_framework\viewsets.py first seen with mtime 1742501832.2765062
File C:\Users\mjjimenezd\Desktop\repositorios\e-inventory\venv\Lib\site-packages\rest_framework\utils\model_meta.py first seen with mtime 1742501832.7729053
File C:\Python313\Lib\xml\dom\xmlbuilder.py first seen with mtime 1733255850.0
File C:\Users\mjjimenezd\Desktop\repositorios\e-inventory\venv\Lib\site-packages\django\db\models\functions\text.py first seen with mtime 1742501785.6777375
File C:\Python313\Lib\bz2.py first seen with mtime 1733255848.0
File C:\Users\mjjimenezd\Desktop\repositorios\e-inventory\venv\Lib\site-packages\django\contrib\auth\apps.py first seen with mtime 1742501780.23009
File C:\Python313\Lib\email\utils.py first seen with mtime 1733255848.0
File C:\Users\mjjimenezd\Desktop\repositorios\e-inventory\backend\inventario\urls.py first seen with mtime 1742496992.5306768
File C:\Python313\Lib\subprocess.py first seen with mtime 1733255848.0
File C:\Users\mjjimenezd\Desktop\repositorios\e-inventory\venv\Lib\site-packages\django\db\models\functions\__init__.py first seen with mtime 1742501785.6667664
File C:\Users\mjjimenezd\Desktop\repositorios\e-inventory\venv\Lib\site-packages\django\conf\urls\__init__.py first seen with mtime 1742501777.9831934
File C:\Users\mjjimenezd\Desktop\repositorios\e-inventory\venv\Lib\site-packages\django\db\backends\base\creation.py first seen with mtime 1742501785.4407103
File C:\Python313\Lib\importlib\resources\_functional.py first seen with mtime 1733255848.0
File C:\Users\mjjimenezd\Desktop\repositorios\e-inventory\venv\Lib\site-packages\django\contrib\postgres\lookups.py first seen with mtime 1742501783.0816736
File C:\Users\mjjimenezd\Desktop\repositorios\e-inventory\venv\Lib\site-packages\rest_framework\utils\humanize_datetime.py first seen with mtime 1742501832.7665007
File C:\Python313\Lib\warnings.py first seen with mtime 1733255850.0
File C:\Users\mjjimenezd\Desktop\repositorios\e-inventory\venv\Lib\site-packages\sqlparse\engine\__init__.py first seen with mtime 1742501776.582225
File C:\Users\mjjimenezd\Desktop\repositorios\e-inventory\venv\Lib\site-packages\sqlparse\engine\filter_stack.py first seen with mtime 1742501776.590204
File C:\Users\mjjimenezd\Desktop\repositorios\e-inventory\venv\Lib\site-packages\django\views\decorators\debug.py first seen with mtime 1742501786.1410182
File C:\Users\mjjimenezd\Desktop\repositorios\e-inventory\venv\Lib\site-packages\PIL\TiffTags.py first seen with mtime 1742501906.018227
File C:\Python313\Lib\urllib\__init__.py first seen with mtime 1733255850.0
File C:\Python313\Lib\pathlib\_local.py first seen with mtime 1733255848.0
File C:\Python313\Lib\email\feedparser.py first seen with mtime 1733255848.0
File C:\Users\mjjimenezd\Desktop\repositorios\e-inventory\venv\Lib\site-packages\django\db\migrations\operations\base.py first seen with mtime 1742501785.587115
File C:\Users\mjjimenezd\Desktop\repositorios\e-inventory\venv\Lib\site-packages\django\contrib\messages\storage\base.py first seen with mtime 1742501783.0609472
File C:\Python313\Lib\ctypes\_endian.py first seen with mtime 1733255848.0
File C:\Users\mjjimenezd\Desktop\repositorios\e-inventory\venv\Lib\site-packages\django\db\backends\utils.py first seen with mtime 1742501785.4327595
File C:\Users\mjjimenezd\Desktop\repositorios\e-inventory\venv\Lib\site-packages\django\contrib\staticfiles\checks.py first seen with mtime 1742501785.1338134
File C:\Python313\DLLs\_uuid.pyd first seen with mtime 1733255892.0
File C:\Users\mjjimenezd\Desktop\repositorios\e-inventory\venv\Lib\site-packages\django\contrib\messages\constants.py first seen with mtime 1742501783.0452795
File C:\Users\mjjimenezd\Desktop\repositorios\e-inventory\backend\dispositivos\models.py first seen with mtime 1742496991.9607606
File C:\Users\mjjimenezd\Desktop\repositorios\e-inventory\venv\Lib\site-packages\django\db\models\indexes.py first seen with mtime 1742501785.6165762
File C:\Users\mjjimenezd\Desktop\repositorios\e-inventory\venv\Lib\site-packages\django\db\backends\base\client.py first seen with mtime 1742501785.4387152
File C:\Users\mjjimenezd\Desktop\repositorios\e-inventory\venv\Lib\site-packages\django\test\utils.py first seen with mtime 1742501785.9914443
File C:\Python313\Lib\urllib\response.py first seen with mtime 1733255850.0
File C:\Python313\Lib\asyncio\subprocess.py first seen with mtime 1733255848.0
File C:\Users\mjjimenezd\Desktop\repositorios\e-inventory\venv\Lib\site-packages\django\utils\translation\reloader.py first seen with mtime 1742501786.1085608
File C:\Users\mjjimenezd\Desktop\repositorios\e-inventory\venv\Lib\site-packages\django\core\checks\messages.py first seen with mtime 1742501785.2242625
File C:\Python313\DLLs\_queue.pyd first seen with mtime 1733255892.0
File C:\Users\mjjimenezd\Desktop\repositorios\e-inventory\venv\Lib\site-packages\sqlparse\filters\right_margin.py first seen with mtime 1742501776.6394472
File C:\Users\mjjimenezd\Desktop\repositorios\e-inventory\venv\Lib\site-packages\django\core\files\storage\filesystem.py first seen with mtime 1742501785.2764552
File C:\Users\mjjimenezd\Desktop\repositorios\e-inventory\venv\Lib\site-packages\django\db\backends\postgresql\schema.py first seen with mtime 1742501785.5279539
File C:\Users\mjjimenezd\Desktop\repositorios\e-inventory\venv\Lib\site-packages\sqlparse\sql.py first seen with mtime 1742501776.5746636
File C:\Users\mjjimenezd\Desktop\repositorios\e-inventory\venv\Lib\site-packages\colorfield\widgets.py first seen with mtime 1742501906.8532782
File C:\Users\mjjimenezd\Desktop\repositorios\e-inventory\venv\Lib\site-packages\sqlparse\formatter.py first seen with mtime 1742501776.5656874
File C:\Python313\Lib\functools.py first seen with mtime 1733255848.0
File C:\Users\mjjimenezd\Desktop\repositorios\e-inventory\venv\Lib\site-packages\django\conf\__init__.py first seen with mtime 1742501776.9173722
File C:\Python313\Lib\types.py first seen with mtime 1733255850.0
File C:\Python313\Lib\typing.py first seen with mtime 1733255850.0
File C:\Users\mjjimenezd\Desktop\repositorios\e-inventory\venv\Lib\site-packages\django\core\cache\utils.py first seen with mtime 1742501785.1936474
File C:\Users\mjjimenezd\Desktop\repositorios\e-inventory\venv\Lib\site-packages\django\db\migrations\utils.py first seen with mtime 1742501785.5801334
File C:\Users\mjjimenezd\Desktop\repositorios\e-inventory\venv\Lib\site-packages\django\conf\locale\__init__.py first seen with mtime 1742501776.934055
File C:\Users\mjjimenezd\Desktop\repositorios\e-inventory\venv\Lib\site-packages\rest_framework\response.py first seen with mtime 1742501832.2376108
File C:\Python313\Lib\re\_parser.py first seen with mtime 1733255848.0
File C:\Python313\Lib\http\client.py first seen with mtime 1733255848.0
File C:\Python313\Lib\glob.py first seen with mtime 1733255848.0
File C:\Users\mjjimenezd\Desktop\repositorios\e-inventory\venv\Lib\site-packages\django\contrib\postgres\forms\ranges.py first seen with mtime 1742501783.1278315
File C:\Users\mjjimenezd\Desktop\repositorios\e-inventory\venv\Lib\site-packages\django\db\models\fields\files.py first seen with mtime 1742501785.6422393
File C:\Users\mjjimenezd\Desktop\repositorios\e-inventory\venv\Lib\site-packages\rest_framework\__init__.py first seen with mtime 1742501832.1850247
File C:\Users\mjjimenezd\Desktop\repositorios\e-inventory\venv\Lib\site-packages\django\contrib\auth\decorators.py first seen with mtime 1742501780.2477438
File C:\Python313\Lib\xml\dom\__init__.py first seen with mtime 1733255850.0
File C:\Users\mjjimenezd\Desktop\repositorios\e-inventory\venv\Lib\site-packages\django\db\models\enums.py first seen with mtime 1742501785.6115887
File C:\Python313\Lib\asyncio\constants.py first seen with mtime 1733255848.0
File C:\Python313\DLLs\_lzma.pyd first seen with mtime 1733255892.0
File C:\Users\mjjimenezd\Desktop\repositorios\e-inventory\venv\Lib\site-packages\psycopg2\extensions.py first seen with mtime 1742501848.964188
File C:\Users\mjjimenezd\Desktop\repositorios\e-inventory\venv\Lib\site-packages\django\template\autoreload.py first seen with mtime 1742501785.898881
File C:\Users\mjjimenezd\Desktop\repositorios\e-inventory\venv\Lib\site-packages\sqlparse\lexer.py first seen with mtime 1742501776.5716712
File C:\Users\mjjimenezd\Desktop\repositorios\e-inventory\venv\Lib\site-packages\django\db\models\fields\related_descriptors.py first seen with mtime 1742501785.6579728
File C:\Users\mjjimenezd\Desktop\repositorios\e-inventory\venv\Lib\site-packages\rest_framework\schemas\views.py first seen with mtime 1742501832.5079236
File C:\Users\mjjimenezd\Desktop\repositorios\e-inventory\venv\Lib\site-packages\django\db\migrations\operations\__init__.py first seen with mtime 1742501785.5851202
File C:\Users\mjjimenezd\Desktop\repositorios\e-inventory\venv\Lib\site-packages\django\templatetags\l10n.py first seen with mtime 1742501785.9667802
File C:\Users\mjjimenezd\Desktop\repositorios\e-inventory\venv\Lib\site-packages\django\core\files\locks.py first seen with mtime 1742501785.2577825
File C:\Python313\Lib\difflib.py first seen with mtime 1733255848.0
File C:\Python313\Lib\logging\handlers.py first seen with mtime 1733255848.0
File C:\Users\mjjimenezd\Desktop\repositorios\e-inventory\venv\Lib\site-packages\django\http\__init__.py first seen with mtime 1742501785.864484
File C:\Users\mjjimenezd\Desktop\repositorios\e-inventory\venv\Lib\site-packages\django\template\defaultfilters.py first seen with mtime 1742501785.9078574
File C:\Users\mjjimenezd\Desktop\repositorios\e-inventory\backend\manage.py first seen with mtime 1742496991.8038726
File C:\Users\mjjimenezd\Desktop\repositorios\e-inventory\venv\Lib\site-packages\django\contrib\admin\templatetags\admin_modify.py first seen with mtime 1742501779.5646727
File C:\Users\mjjimenezd\Desktop\repositorios\e-inventory\venv\Lib\site-packages\django\core\handlers\wsgi.py first seen with mtime 1742501785.2939045
File C:\Python313\Lib\asyncio\base_futures.py first seen with mtime 1733255848.0
File C:\Users\mjjimenezd\Desktop\repositorios\e-inventory\backend\dispositivos\admin.py first seen with mtime 1742496991.895363
File C:\Users\mjjimenezd\Desktop\repositorios\e-inventory\venv\Lib\site-packages\django\middleware\cache.py first seen with mtime 1742501785.8774498
File C:\Users\mjjimenezd\Desktop\repositorios\e-inventory\venv\Lib\site-packages\corsheaders\checks.py first seen with mtime 1742502124.4417121
File C:\Users\mjjimenezd\Desktop\repositorios\e-inventory\venv\Lib\site-packages\django\core\cache\backends\locmem.py first seen with mtime 1742501785.2066135
File C:\Python313\Lib\signal.py first seen with mtime 1733255848.0
File C:\Users\mjjimenezd\Desktop\repositorios\e-inventory\venv\Lib\site-packages\django\utils\choices.py first seen with mtime 1742501786.0269275
File C:\Users\mjjimenezd\Desktop\repositorios\e-inventory\venv\Lib\site-packages\django\contrib\staticfiles\management\commands\runserver.py first seen with mtime 1742501785.1650596
File C:\Users\mjjimenezd\Desktop\repositorios\e-inventory\venv\Lib\site-packages\PIL\_binary.py first seen with mtime 1742501906.0516229
File C:\Users\mjjimenezd\Desktop\repositorios\e-inventory\venv\Lib\site-packages\django\shortcuts.py first seen with mtime 1742501776.9056523
File C:\Users\mjjimenezd\Desktop\repositorios\e-inventory\backend\inventario\settings.py first seen with mtime 1742503327.3804672
File C:\Python313\Lib\contextvars.py first seen with mtime 1733255848.0
File C:\Users\mjjimenezd\Desktop\repositorios\e-inventory\venv\Lib\site-packages\django\db\backends\postgresql\base.py first seen with mtime 1742501785.5122232
File C:\Python313\Lib\urllib\parse.py first seen with mtime 1733255850.0
File C:\Users\mjjimenezd\Desktop\repositorios\e-inventory\venv\Lib\site-packages\rest_framework\renderers.py first seen with mtime 1742501832.231627
File C:\Python313\Lib\wsgiref\__init__.py first seen with mtime 1733255850.0
File C:\Users\mjjimenezd\Desktop\repositorios\e-inventory\venv\Lib\site-packages\jwt\jwk_set_cache.py first seen with mtime 1742501832.076405
File C:\Python313\Lib\asyncio\streams.py first seen with mtime 1733255848.0
File C:\Python313\Lib\asyncio\proactor_events.py first seen with mtime 1733255848.0
File C:\Users\mjjimenezd\Desktop\repositorios\e-inventory\venv\Lib\site-packages\django\core\files\images.py first seen with mtime 1742501785.2558107
File C:\Users\mjjimenezd\Desktop\repositorios\e-inventory\venv\Lib\site-packages\colorfield\fields.py first seen with mtime 1742501906.837656
File C:\Users\mjjimenezd\Desktop\repositorios\e-inventory\venv\Lib\site-packages\django\contrib\sessions\backends\base.py first seen with mtime 1742501784.1263373
File C:\Users\mjjimenezd\Desktop\repositorios\e-inventory\venv\Lib\site-packages\django\utils\crypto.py first seen with mtime 1742501786.0316913
File C:\Users\mjjimenezd\Desktop\repositorios\e-inventory\venv\Lib\site-packages\sqlparse\filters\reindent.py first seen with mtime 1742501776.6374514
File C:\Users\mjjimenezd\Desktop\repositorios\e-inventory\venv\Lib\site-packages\rest_framework\relations.py first seen with mtime 1742501832.2296326
File C:\Users\mjjimenezd\Desktop\repositorios\e-inventory\venv\Lib\site-packages\django\core\handlers\base.py first seen with mtime 1742501785.2891712
File C:\Users\mjjimenezd\Desktop\repositorios\e-inventory\venv\Lib\site-packages\django\db\migrations\state.py first seen with mtime 1742501785.5773718
File C:\Users\mjjimenezd\Desktop\repositorios\e-inventory\backend\dispositivos\apps.py first seen with mtime 1742496991.9105496
File C:\Python313\DLLs\_ssl.pyd first seen with mtime 1733255892.0
File C:\Users\mjjimenezd\Desktop\repositorios\e-inventory\venv\Lib\site-packages\django\core\files\utils.py first seen with mtime 1742501785.2684767
File C:\Users\mjjimenezd\Desktop\repositorios\e-inventory\venv\Lib\site-packages\django\template\loaders\app_directories.py first seen with mtime 1742501785.9480617
File C:\Users\mjjimenezd\Desktop\repositorios\e-inventory\venv\Lib\site-packages\django\contrib\sessions\base_session.py first seen with mtime 1742501784.114576
File C:\Users\mjjimenezd\Desktop\repositorios\e-inventory\venv\Lib\site-packages\django\contrib\admin\utils.py first seen with mtime 1742501778.0203757
File C:\Users\mjjimenezd\Desktop\repositorios\e-inventory\venv\Lib\site-packages\django\db\models\fields\json.py first seen with mtime 1742501785.6489966
File C:\Users\mjjimenezd\Desktop\repositorios\e-inventory\venv\Lib\site-packages\rest_framework\reverse.py first seen with mtime 1742501832.2415998
File C:\Python313\Lib\asyncio\exceptions.py first seen with mtime 1733255848.0
File C:\Users\mjjimenezd\Desktop\repositorios\e-inventory\venv\Lib\site-packages\django\views\debug.py first seen with mtime 1742501786.1222408
File C:\Users\mjjimenezd\Desktop\repositorios\e-inventory\venv\Lib\site-packages\sqlparse\engine\grouping.py first seen with mtime 1742501776.593195
File C:\Users\mjjimenezd\Desktop\repositorios\e-inventory\venv\Lib\site-packages\django\views\generic\edit.py first seen with mtime 1742501786.1586876
File C:\Users\mjjimenezd\Desktop\repositorios\e-inventory\venv\Lib\site-packages\django\templatetags\static.py first seen with mtime 1742501785.969772
File C:\Users\mjjimenezd\Desktop\repositorios\e-inventory\venv\Lib\site-packages\django\views\decorators\csrf.py first seen with mtime 1742501786.1390235
File C:\Python313\Lib\opcode.py first seen with mtime 1733255848.0
File C:\Users\mjjimenezd\Desktop\repositorios\e-inventory\venv\Lib\site-packages\django\db\backends\base\__init__.py first seen with mtime 1742501785.4337287
File C:\Python313\Lib\nturl2path.py first seen with mtime 1733255848.0
File C:\Users\mjjimenezd\Desktop\repositorios\e-inventory\venv\Lib\site-packages\django\views\generic\base.py first seen with mtime 1742501786.1517062
File C:\Users\mjjimenezd\Desktop\repositorios\e-inventory\venv\Lib\site-packages\jwt\warnings.py first seen with mtime 1742501832.0959582
File C:\Users\mjjimenezd\Desktop\repositorios\e-inventory\venv\Lib\site-packages\django\templatetags\cache.py first seen with mtime 1742501785.9626977
File C:\Python313\Lib\ipaddress.py first seen with mtime 1733255848.0
File C:\Users\mjjimenezd\Desktop\repositorios\e-inventory\venv\Lib\site-packages\jwt\api_jwt.py first seen with mtime 1742501832.076405
File C:\Users\mjjimenezd\Desktop\repositorios\e-inventory\venv\Lib\site-packages\django\contrib\admin\views\autocomplete.py first seen with mtime 1742501779.5774229
File C:\Users\mjjimenezd\Desktop\repositorios\e-inventory\venv\Lib\site-packages\rest_framework\utils\urls.py first seen with mtime 1742501832.780884
File C:\Python313\Lib\importlib\__init__.py first seen with mtime 1733255848.0
File C:\Users\mjjimenezd\Desktop\repositorios\e-inventory\venv\Lib\site-packages\django\template\backends\django.py first seen with mtime 1742501785.9373274
File C:\Users\mjjimenezd\Desktop\repositorios\e-inventory\venv\Lib\site-packages\rest_framework\routers.py first seen with mtime 1742501832.2435942
File C:\Users\mjjimenezd\Desktop\repositorios\e-inventory\venv\Lib\site-packages\rest_framework_simplejwt\utils.py first seen with mtime 1742501833.4749527
File C:\Python313\Lib\queue.py first seen with mtime 1733255848.0
File C:\Users\mjjimenezd\Desktop\repositorios\e-inventory\venv\Lib\site-packages\django\db\backends\base\operations.py first seen with mtime 1742501785.4483366
File C:\Users\mjjimenezd\Desktop\repositorios\e-inventory\venv\Lib\site-packages\django\contrib\admin\apps.py first seen with mtime 1742501777.995003
File C:\Users\mjjimenezd\Desktop\repositorios\e-inventory\venv\Lib\site-packages\django\core\checks\compatibility\django_4_0.py first seen with mtime 1742501785.2399921
File C:\Python313\Lib\wsgiref\simple_server.py first seen with mtime 1733255850.0
File C:\Python313\Lib\pickle.py first seen with mtime 1733255848.0
File C:\Users\mjjimenezd\Desktop\repositorios\e-inventory\venv\Lib\site-packages\rest_framework\urlpatterns.py first seen with mtime 1742501832.2595513
File C:\Users\mjjimenezd\Desktop\repositorios\e-inventory\venv\Lib\site-packages\rest_framework\utils\serializer_helpers.py first seen with mtime 1742501832.7768946
File C:\Users\mjjimenezd\Desktop\repositorios\e-inventory\venv\Lib\site-packages\django\db\models\fields\__init__.py first seen with mtime 1742501785.6392472
File C:\Users\mjjimenezd\Desktop\repositorios\e-inventory\venv\Lib\site-packages\PIL\_imaging.cp313-win_amd64.pyd first seen with mtime 1742501906.0684223
File C:\Python313\Lib\unittest\loader.py first seen with mtime 1733255850.0
File C:\Users\mjjimenezd\Desktop\repositorios\e-inventory\venv\Lib\site-packages\rest_framework\schemas\coreapi.py first seen with mtime 1742501832.4969523
File C:\Users\mjjimenezd\Desktop\repositorios\e-inventory\venv\Lib\site-packages\django\forms\__init__.py first seen with mtime 1742501785.7086527
File C:\Python313\Lib\email\mime\base.py first seen with mtime 1733255848.0
File C:\Python313\Lib\importlib\metadata\_text.py first seen with mtime 1733255848.0
File C:\Users\mjjimenezd\Desktop\repositorios\e-inventory\venv\Lib\site-packages\rest_framework\checks.py first seen with mtime 1742501832.1915832
File C:\Users\mjjimenezd\Desktop\repositorios\e-inventory\venv\Lib\site-packages\sqlparse\utils.py first seen with mtime 1742501776.5786521
File C:\Users\mjjimenezd\Desktop\repositorios\e-inventory\venv\Lib\site-packages\django\contrib\auth\backends.py first seen with mtime 1742501780.2327614
File C:\Python313\Lib\email\quoprimime.py first seen with mtime 1733255848.0
File C:\Users\mjjimenezd\Desktop\repositorios\e-inventory\venv\Lib\site-packages\django\db\backends\postgresql\features.py first seen with mtime 1742501785.5192032
File C:\Python313\Lib\unittest\signals.py first seen with mtime 1733255850.0
File C:\Users\mjjimenezd\Desktop\repositorios\e-inventory\venv\Lib\site-packages\django\db\backends\postgresql\creation.py first seen with mtime 1742501785.5172093
File C:\Users\mjjimenezd\Desktop\repositorios\e-inventory\venv\Lib\site-packages\django\contrib\auth\base_user.py first seen with mtime 1742501780.235752
File C:\Python313\Lib\quopri.py first seen with mtime 1733255848.0
File C:\Users\mjjimenezd\Desktop\repositorios\e-inventory\venv\Lib\site-packages\django\apps\registry.py first seen with mtime 1742501776.9061835
File C:\Python313\Lib\asyncio\events.py first seen with mtime 1733255848.0
File C:\Users\mjjimenezd\Desktop\repositorios\e-inventory\venv\Lib\site-packages\django\utils\__init__.py first seen with mtime 1742501786.0091648
File C:\Users\mjjimenezd\Desktop\repositorios\e-inventory\venv\Lib\site-packages\django\db\migrations\migration.py first seen with mtime 1742501785.5664017
File C:\Python313\DLLs\_overlapped.pyd first seen with mtime 1733255892.0
File C:\Users\mjjimenezd\Desktop\repositorios\e-inventory\venv\Lib\site-packages\django\contrib\admin\helpers.py first seen with mtime 1742501778.0088885
File C:\Users\mjjimenezd\Desktop\repositorios\e-inventory\venv\Lib\site-packages\django\utils\text.py first seen with mtime 1742501786.09278
File C:\Python313\Lib\email\iterators.py first seen with mtime 1733255848.0
File C:\Users\mjjimenezd\Desktop\repositorios\e-inventory\venv\Lib\site-packages\django\contrib\postgres\fields\array.py first seen with mtime 1742501783.1071446
File C:\Users\mjjimenezd\Desktop\repositorios\e-inventory\venv\Lib\site-packages\asgiref\__init__.py first seen with mtime 1742501776.778933
File C:\Users\mjjimenezd\Desktop\repositorios\e-inventory\venv\Lib\site-packages\django\db\models\query_utils.py first seen with mtime 1742501785.629275
File C:\Users\mjjimenezd\Desktop\repositorios\e-inventory\venv\Lib\site-packages\django\utils\dateformat.py first seen with mtime 1742501786.0356793
File C:\Python313\Lib\html\__init__.py first seen with mtime 1733255848.0
File C:\Users\mjjimenezd\Desktop\repositorios\e-inventory\venv\Lib\site-packages\django\contrib\contenttypes\__init__.py first seen with mtime 1742501780.8345056
File C:\Python313\Lib\zipfile\__init__.py first seen with mtime 1733255850.0
File C:\Users\mjjimenezd\Desktop\repositorios\e-inventory\venv\Lib\site-packages\django\db\models\fields\generated.py first seen with mtime 1742501785.6460056
File C:\Users\mjjimenezd\Desktop\repositorios\e-inventory\venv\Lib\site-packages\django\core\checks\urls.py first seen with mtime 1742501785.236974
File C:\Users\mjjimenezd\Desktop\repositorios\e-inventory\venv\Lib\site-packages\django\core\management\color.py first seen with mtime 1742501785.3243608
File C:\Users\mjjimenezd\Desktop\repositorios\e-inventory\venv\Lib\site-packages\django\contrib\admin\views\__init__.py first seen with mtime 1742501779.5736494
File C:\Python313\Lib\importlib\_abc.py first seen with mtime 1733255848.0
File C:\Python313\Lib\urllib\request.py first seen with mtime 1733255850.0
File C:\Users\mjjimenezd\Desktop\repositorios\e-inventory\venv\Lib\site-packages\colorfield\metadata.py first seen with mtime 1742501906.837656
File C:\Users\mjjimenezd\Desktop\repositorios\e-inventory\venv\Lib\site-packages\django\utils\functional.py first seen with mtime 1742501786.0583718
File C:\Users\mjjimenezd\Desktop\repositorios\e-inventory\venv\Lib\site-packages\django\db\models\functions\datetime.py first seen with mtime 1742501785.6707551
File C:\Users\mjjimenezd\Desktop\repositorios\e-inventory\venv\Lib\site-packages\rest_framework\authtoken\models.py first seen with mtime 1742501832.2844837
File C:\Users\mjjimenezd\Desktop\repositorios\e-inventory\venv\Lib\site-packages\django\db\models\functions\math.py first seen with mtime 1742501785.6727498
File C:\Users\mjjimenezd\Desktop\repositorios\e-inventory\venv\Lib\site-packages\django\template\loaders\base.py first seen with mtime 1742501785.9500575
File C:\Python313\Lib\html\parser.py first seen with mtime 1733255848.0
File C:\Users\mjjimenezd\Desktop\repositorios\e-inventory\venv\Lib\site-packages\django\db\models\base.py first seen with mtime 1742501785.6018662
File C:\Users\mjjimenezd\Desktop\repositorios\e-inventory\venv\Lib\site-packages\django\contrib\postgres\search.py first seen with mtime 1742501783.0856633
File C:\Python313\Lib\re\_constants.py first seen with mtime 1733255848.0
File C:\Users\mjjimenezd\Desktop\repositorios\e-inventory\venv\Lib\site-packages\jwt\__init__.py first seen with mtime 1742501832.054816
File C:\Users\mjjimenezd\Desktop\repositorios\e-inventory\venv\Lib\site-packages\django\core\checks\security\__init__.py first seen with mtime 1742501785.241961
File C:\Users\mjjimenezd\Desktop\repositorios\e-inventory\venv\Lib\site-packages\django\http\response.py first seen with mtime 1742501785.8734596
File C:\Python313\Lib\concurrent\futures\thread.py first seen with mtime 1733255848.0
File C:\Python313\Lib\email\policy.py first seen with mtime 1733255848.0
File C:\Python313\Lib\__future__.py first seen with mtime 1733255848.0
File C:\Users\mjjimenezd\Desktop\repositorios\e-inventory\venv\Lib\site-packages\django\contrib\sessions\backends\__init__.py first seen with mtime 1742501784.1243436
File C:\Users\mjjimenezd\Desktop\repositorios\e-inventory\venv\Lib\site-packages\django\db\models\constants.py first seen with mtime 1742501785.6048574
File C:\Users\mjjimenezd\Desktop\repositorios\e-inventory\venv\Lib\site-packages\rest_framework\compat.py first seen with mtime 1742501832.1945755
File C:\Python313\Lib\traceback.py first seen with mtime 1733255850.0
File C:\Python313\Lib\importlib\resources\_common.py first seen with mtime 1733255848.0
File C:\Users\mjjimenezd\Desktop\repositorios\e-inventory\venv\Lib\site-packages\django\http\cookie.py first seen with mtime 1742501785.8664784
File C:\Users\mjjimenezd\Desktop\repositorios\e-inventory\venv\Lib\site-packages\django\contrib\sites\requests.py first seen with mtime 1742501784.5453146
File C:\Users\mjjimenezd\Desktop\repositorios\e-inventory\venv\Lib\site-packages\django\middleware\csrf.py first seen with mtime 1742501785.8851721
File C:\Users\mjjimenezd\Desktop\repositorios\e-inventory\venv\Lib\site-packages\django\contrib\auth\management\__init__.py first seen with mtime 1742501780.7954001
File C:\Users\mjjimenezd\Desktop\repositorios\e-inventory\venv\Lib\site-packages\django\core\checks\security\sessions.py first seen with mtime 1742501785.2488072
File C:\Users\mjjimenezd\Desktop\repositorios\e-inventory\venv\Lib\site-packages\django\core\files\uploadedfile.py first seen with mtime 1742501785.264488
File C:\Python313\Lib\http\cookies.py first seen with mtime 1733255848.0
File C:\Users\mjjimenezd\Desktop\repositorios\e-inventory\venv\Lib\site-packages\sqlparse\engine\statement_splitter.py first seen with mtime 1742501776.5951903
File C:\Python313\Lib\unittest\suite.py first seen with mtime 1733255850.0
File C:\Python313\Lib\_colorize.py first seen with mtime 1733255848.0
File C:\Users\mjjimenezd\Desktop\repositorios\e-inventory\venv\Lib\site-packages\django\core\cache\backends\filebased.py first seen with mtime 1742501785.2046194
File C:\Users\mjjimenezd\Desktop\repositorios\e-inventory\venv\Lib\site-packages\django\core\checks\templates.py first seen with mtime 1742501785.2319891
File C:\Users\mjjimenezd\Desktop\repositorios\e-inventory\venv\Lib\site-packages\django\db\models\sql\datastructures.py first seen with mtime 1742501785.6894715
File C:\Python313\Lib\zipfile\_path\__init__.py first seen with mtime 1733255850.0
File C:\Python313\Lib\_compat_pickle.py first seen with mtime 1733255848.0
File C:\Python313\Lib\asyncio\mixins.py first seen with mtime 1733255848.0
File C:\Users\mjjimenezd\Desktop\repositorios\e-inventory\venv\Lib\site-packages\django\contrib\admin\exceptions.py first seen with mtime 1742501778.001956
File C:\Users\mjjimenezd\Desktop\repositorios\e-inventory\venv\Lib\site-packages\rest_framework\utils\json.py first seen with mtime 1742501832.7684956
File C:\Users\mjjimenezd\Desktop\repositorios\e-inventory\venv\Lib\site-packages\rest_framework\request.py first seen with mtime 1742501832.2346184
File C:\Users\mjjimenezd\Desktop\repositorios\e-inventory\venv\Lib\site-packages\django\contrib\sessions\exceptions.py first seen with mtime 1742501784.1165462
File C:\Python313\Lib\concurrent\__init__.py first seen with mtime 1733255848.0
File C:\Users\mjjimenezd\Desktop\repositorios\e-inventory\venv\Lib\site-packages\psycopg2\extras.py first seen with mtime 1742501848.9663675
File C:\Python313\Lib\email\errors.py first seen with mtime 1733255848.0
File C:\Users\mjjimenezd\Desktop\repositorios\e-inventory\venv\Lib\site-packages\rest_framework\templates\rest_framework first seen with mtime 1742506712.9382422
File C:\Users\mjjimenezd\Desktop\repositorios\e-inventory\venv\Lib\site-packages\rest_framework\templates\rest_framework\admin first seen with mtime 1742506712.716029
File C:\Users\mjjimenezd\Desktop\repositorios\e-inventory\venv\Lib\site-packages\rest_framework\templates\rest_framework\admin.html first seen with mtime 1742501832.6111996
File C:\Users\mjjimenezd\Desktop\repositorios\e-inventory\venv\Lib\site-packages\rest_framework\templates\rest_framework\api.html first seen with mtime 1742501832.6131952
File C:\Users\mjjimenezd\Desktop\repositorios\e-inventory\venv\Lib\site-packages\rest_framework\templates\rest_framework\base.html first seen with mtime 1742501832.6151893
File C:\Users\mjjimenezd\Desktop\repositorios\e-inventory\venv\Lib\site-packages\rest_framework\templates\rest_framework\docs first seen with mtime 1742506712.806939
File C:\Users\mjjimenezd\Desktop\repositorios\e-inventory\venv\Lib\site-packages\rest_framework\templates\rest_framework\filters first seen with mtime 1742506712.8172796
File C:\Users\mjjimenezd\Desktop\repositorios\e-inventory\venv\Lib\site-packages\rest_framework\templates\rest_framework\horizontal first seen with mtime 1742506712.8656147
File C:\Users\mjjimenezd\Desktop\repositorios\e-inventory\venv\Lib\site-packages\rest_framework\templates\rest_framework\inline first seen with mtime 1742506712.9180808
File C:\Users\mjjimenezd\Desktop\repositorios\e-inventory\venv\Lib\site-packages\rest_framework\templates\rest_framework\login.html first seen with mtime 1742501832.6171844
File C:\Users\mjjimenezd\Desktop\repositorios\e-inventory\venv\Lib\site-packages\rest_framework\templates\rest_framework\login_base.html first seen with mtime 1742501832.618181
File C:\Users\mjjimenezd\Desktop\repositorios\e-inventory\venv\Lib\site-packages\rest_framework\templates\rest_framework\pagination first seen with mtime 1742506712.9311624
File C:\Users\mjjimenezd\Desktop\repositorios\e-inventory\venv\Lib\site-packages\rest_framework\templates\rest_framework\raw_data_form.html first seen with mtime 1742501832.621418
File C:\Users\mjjimenezd\Desktop\repositorios\e-inventory\venv\Lib\site-packages\rest_framework\templates\rest_framework\schema.js first seen with mtime 1742501832.6234016
File C:\Users\mjjimenezd\Desktop\repositorios\e-inventory\venv\Lib\site-packages\rest_framework\templates\rest_framework\vertical first seen with mtime 1742506712.9738524
File C:\Users\mjjimenezd\Desktop\repositorios\e-inventory\venv\Lib\site-packages\rest_framework\templates\rest_framework\admin\detail.html first seen with mtime 1742501832.6254034
File C:\Users\mjjimenezd\Desktop\repositorios\e-inventory\venv\Lib\site-packages\rest_framework\templates\rest_framework\admin\dict_value.html first seen with mtime 1742501832.6263933
File C:\Users\mjjimenezd\Desktop\repositorios\e-inventory\venv\Lib\site-packages\rest_framework\templates\rest_framework\admin\list.html first seen with mtime 1742501832.6273894
File C:\Users\mjjimenezd\Desktop\repositorios\e-inventory\venv\Lib\site-packages\rest_framework\templates\rest_framework\admin\list_value.html first seen with mtime 1742501832.629385
File C:\Users\mjjimenezd\Desktop\repositorios\e-inventory\venv\Lib\site-packages\rest_framework\templates\rest_framework\admin\simple_list_value.html first seen with mtime 1742501832.6313791
File C:\Users\mjjimenezd\Desktop\repositorios\e-inventory\venv\Lib\site-packages\rest_framework\templates\rest_framework\docs\auth first seen with mtime 1742506712.7380767
File C:\Users\mjjimenezd\Desktop\repositorios\e-inventory\venv\Lib\site-packages\rest_framework\templates\rest_framework\docs\document.html first seen with mtime 1742501832.6333737
File C:\Users\mjjimenezd\Desktop\repositorios\e-inventory\venv\Lib\site-packages\rest_framework\templates\rest_framework\docs\error.html first seen with mtime 1742501832.6343708
File C:\Users\mjjimenezd\Desktop\repositorios\e-inventory\venv\Lib\site-packages\rest_framework\templates\rest_framework\docs\index.html first seen with mtime 1742501832.6353683
File C:\Users\mjjimenezd\Desktop\repositorios\e-inventory\venv\Lib\site-packages\rest_framework\templates\rest_framework\docs\interact.html first seen with mtime 1742501832.6393645
File C:\Users\mjjimenezd\Desktop\repositorios\e-inventory\venv\Lib\site-packages\rest_framework\templates\rest_framework\docs\langs first seen with mtime 1742506712.8009546
File C:\Users\mjjimenezd\Desktop\repositorios\e-inventory\venv\Lib\site-packages\rest_framework\templates\rest_framework\docs\link.html first seen with mtime 1742501832.6413593
File C:\Users\mjjimenezd\Desktop\repositorios\e-inventory\venv\Lib\site-packages\rest_framework\templates\rest_framework\docs\sidebar.html first seen with mtime 1742501832.6433537
File C:\Users\mjjimenezd\Desktop\repositorios\e-inventory\venv\Lib\site-packages\rest_framework\templates\rest_framework\filters\base.html first seen with mtime 1742501832.661816
File C:\Users\mjjimenezd\Desktop\repositorios\e-inventory\venv\Lib\site-packages\rest_framework\templates\rest_framework\filters\ordering.html first seen with mtime 1742501832.6638076
File C:\Users\mjjimenezd\Desktop\repositorios\e-inventory\venv\Lib\site-packages\rest_framework\templates\rest_framework\filters\search.html first seen with mtime 1742501832.664804
File C:\Users\mjjimenezd\Desktop\repositorios\e-inventory\venv\Lib\site-packages\rest_framework\templates\rest_framework\horizontal\checkbox.html first seen with mtime 1742501832.6677973
File C:\Users\mjjimenezd\Desktop\repositorios\e-inventory\venv\Lib\site-packages\rest_framework\templates\rest_framework\horizontal\checkbox_multiple.html first seen with mtime 1742501832.673859
File C:\Users\mjjimenezd\Desktop\repositorios\e-inventory\venv\Lib\site-packages\rest_framework\templates\rest_framework\horizontal\dict_field.html first seen with mtime 1742501832.675854
File C:\Users\mjjimenezd\Desktop\repositorios\e-inventory\venv\Lib\site-packages\rest_framework\templates\rest_framework\horizontal\fieldset.html first seen with mtime 1742501832.6768517
File C:\Users\mjjimenezd\Desktop\repositorios\e-inventory\venv\Lib\site-packages\rest_framework\templates\rest_framework\horizontal\form.html first seen with mtime 1742501832.6788466
File C:\Users\mjjimenezd\Desktop\repositorios\e-inventory\venv\Lib\site-packages\rest_framework\templates\rest_framework\horizontal\input.html first seen with mtime 1742501832.679844
File C:\Users\mjjimenezd\Desktop\repositorios\e-inventory\venv\Lib\site-packages\rest_framework\templates\rest_framework\horizontal\list_field.html first seen with mtime 1742501832.6828356
File C:\Users\mjjimenezd\Desktop\repositorios\e-inventory\venv\Lib\site-packages\rest_framework\templates\rest_framework\horizontal\list_fieldset.html first seen with mtime 1742501832.6868258
File C:\Users\mjjimenezd\Desktop\repositorios\e-inventory\venv\Lib\site-packages\rest_framework\templates\rest_framework\horizontal\radio.html first seen with mtime 1742501832.6897016
File C:\Users\mjjimenezd\Desktop\repositorios\e-inventory\venv\Lib\site-packages\rest_framework\templates\rest_framework\horizontal\select.html first seen with mtime 1742501832.6926937
File C:\Users\mjjimenezd\Desktop\repositorios\e-inventory\venv\Lib\site-packages\rest_framework\templates\rest_framework\horizontal\select_multiple.html first seen with mtime 1742501832.694688
File C:\Users\mjjimenezd\Desktop\repositorios\e-inventory\venv\Lib\site-packages\rest_framework\templates\rest_framework\horizontal\textarea.html first seen with mtime 1742501832.6966834
File C:\Users\mjjimenezd\Desktop\repositorios\e-inventory\venv\Lib\site-packages\rest_framework\templates\rest_framework\inline\checkbox.html first seen with mtime 1742501832.698678
File C:\Users\mjjimenezd\Desktop\repositorios\e-inventory\venv\Lib\site-packages\rest_framework\templates\rest_framework\inline\checkbox_multiple.html first seen with mtime 1742501832.700672
File C:\Users\mjjimenezd\Desktop\repositorios\e-inventory\venv\Lib\site-packages\rest_framework\templates\rest_framework\inline\dict_field.html first seen with mtime 1742501832.7016697
File C:\Users\mjjimenezd\Desktop\repositorios\e-inventory\venv\Lib\site-packages\rest_framework\templates\rest_framework\inline\fieldset.html first seen with mtime 1742501832.7052238
File C:\Users\mjjimenezd\Desktop\repositorios\e-inventory\venv\Lib\site-packages\rest_framework\templates\rest_framework\inline\form.html first seen with mtime 1742501832.7072203
File C:\Users\mjjimenezd\Desktop\repositorios\e-inventory\venv\Lib\site-packages\rest_framework\templates\rest_framework\inline\input.html first seen with mtime 1742501832.7092156
File C:\Users\mjjimenezd\Desktop\repositorios\e-inventory\venv\Lib\site-packages\rest_framework\templates\rest_framework\inline\list_field.html first seen with mtime 1742501832.7112093
File C:\Users\mjjimenezd\Desktop\repositorios\e-inventory\venv\Lib\site-packages\rest_framework\templates\rest_framework\inline\list_fieldset.html first seen with mtime 1742501832.713205
File C:\Users\mjjimenezd\Desktop\repositorios\e-inventory\venv\Lib\site-packages\rest_framework\templates\rest_framework\inline\radio.html first seen with mtime 1742501832.715198
File C:\Users\mjjimenezd\Desktop\repositorios\e-inventory\venv\Lib\site-packages\rest_framework\templates\rest_framework\inline\select.html first seen with mtime 1742501832.716195
File C:\Users\mjjimenezd\Desktop\repositorios\e-inventory\venv\Lib\site-packages\rest_framework\templates\rest_framework\inline\select_multiple.html first seen with mtime 1742501832.7181904
File C:\Users\mjjimenezd\Desktop\repositorios\e-inventory\venv\Lib\site-packages\rest_framework\templates\rest_framework\inline\textarea.html first seen with mtime 1742501832.720184
File C:\Users\mjjimenezd\Desktop\repositorios\e-inventory\venv\Lib\site-packages\rest_framework\templates\rest_framework\pagination\numbers.html first seen with mtime 1742501832.7231765
File C:\Users\mjjimenezd\Desktop\repositorios\e-inventory\venv\Lib\site-packages\rest_framework\templates\rest_framework\pagination\previous_and_next.html first seen with mtime 1742501832.7251713
File C:\Users\mjjimenezd\Desktop\repositorios\e-inventory\venv\Lib\site-packages\rest_framework\templates\rest_framework\vertical\checkbox.html first seen with mtime 1742501832.7271683
File C:\Users\mjjimenezd\Desktop\repositorios\e-inventory\venv\Lib\site-packages\rest_framework\templates\rest_framework\vertical\checkbox_multiple.html first seen with mtime 1742501832.7291598
File C:\Users\mjjimenezd\Desktop\repositorios\e-inventory\venv\Lib\site-packages\rest_framework\templates\rest_framework\vertical\dict_field.html first seen with mtime 1742501832.7301567
File C:\Users\mjjimenezd\Desktop\repositorios\e-inventory\venv\Lib\site-packages\rest_framework\templates\rest_framework\vertical\fieldset.html first seen with mtime 1742501832.732152
File C:\Users\mjjimenezd\Desktop\repositorios\e-inventory\venv\Lib\site-packages\rest_framework\templates\rest_framework\vertical\form.html first seen with mtime 1742501832.7331488
File C:\Users\mjjimenezd\Desktop\repositorios\e-inventory\venv\Lib\site-packages\rest_framework\templates\rest_framework\vertical\input.html first seen with mtime 1742501832.7351437
File C:\Users\mjjimenezd\Desktop\repositorios\e-inventory\venv\Lib\site-packages\rest_framework\templates\rest_framework\vertical\list_field.html first seen with mtime 1742501832.7371387
File C:\Users\mjjimenezd\Desktop\repositorios\e-inventory\venv\Lib\site-packages\rest_framework\templates\rest_framework\vertical\list_fieldset.html first seen with mtime 1742501832.738799
File C:\Users\mjjimenezd\Desktop\repositorios\e-inventory\venv\Lib\site-packages\rest_framework\templates\rest_framework\vertical\radio.html first seen with mtime 1742501832.7407954
File C:\Users\mjjimenezd\Desktop\repositorios\e-inventory\venv\Lib\site-packages\rest_framework\templates\rest_framework\vertical\select.html first seen with mtime 1742501832.741791
File C:\Users\mjjimenezd\Desktop\repositorios\e-inventory\venv\Lib\site-packages\rest_framework\templates\rest_framework\vertical\select_multiple.html first seen with mtime 1742501832.7437851
File C:\Users\mjjimenezd\Desktop\repositorios\e-inventory\venv\Lib\site-packages\rest_framework\templates\rest_framework\vertical\textarea.html first seen with mtime 1742501832.74578
File C:\Users\mjjimenezd\Desktop\repositorios\e-inventory\venv\Lib\site-packages\rest_framework\templates\rest_framework\docs\auth\basic.html first seen with mtime 1742501832.6453488
File C:\Users\mjjimenezd\Desktop\repositorios\e-inventory\venv\Lib\site-packages\rest_framework\templates\rest_framework\docs\auth\session.html first seen with mtime 1742501832.6473432
File C:\Users\mjjimenezd\Desktop\repositorios\e-inventory\venv\Lib\site-packages\rest_framework\templates\rest_framework\docs\auth\token.html first seen with mtime 1742501832.6483397
File C:\Users\mjjimenezd\Desktop\repositorios\e-inventory\venv\Lib\site-packages\rest_framework\templates\rest_framework\docs\langs\javascript-intro.html first seen with mtime 1742501832.6503344
File C:\Users\mjjimenezd\Desktop\repositorios\e-inventory\venv\Lib\site-packages\rest_framework\templates\rest_framework\docs\langs\javascript.html first seen with mtime 1742501832.6523294
File C:\Users\mjjimenezd\Desktop\repositorios\e-inventory\venv\Lib\site-packages\rest_framework\templates\rest_framework\docs\langs\python-intro.html first seen with mtime 1742501832.654832
File C:\Users\mjjimenezd\Desktop\repositorios\e-inventory\venv\Lib\site-packages\rest_framework\templates\rest_framework\docs\langs\python.html first seen with mtime 1742501832.6568272
File C:\Users\mjjimenezd\Desktop\repositorios\e-inventory\venv\Lib\site-packages\rest_framework\templates\rest_framework\docs\langs\shell-intro.html first seen with mtime 1742501832.6578243
File C:\Users\mjjimenezd\Desktop\repositorios\e-inventory\venv\Lib\site-packages\rest_framework\templates\rest_framework\docs\langs\shell.html first seen with mtime 1742501832.6598191
File C:\Users\mjjimenezd\Desktop\repositorios\e-inventory\backend\dispositivos\templates\base_generic.html first seen with mtime 1742496992.3709948
File C:\Users\mjjimenezd\Desktop\repositorios\e-inventory\backend\dispositivos\templates\dispositivos first seen with mtime 1742505267.0021334
File C:\Users\mjjimenezd\Desktop\repositorios\e-inventory\backend\dispositivos\templates\dispositivos\agregar.html first seen with mtime 1742496992.400565
File C:\Users\mjjimenezd\Desktop\repositorios\e-inventory\backend\dispositivos\templates\dispositivos\editar.html first seen with mtime 1742496992.420727
File C:\Users\mjjimenezd\Desktop\repositorios\e-inventory\backend\dispositivos\templates\dispositivos\lista.html first seen with mtime 1742496992.4409213
File C:\Users\mjjimenezd\Desktop\repositorios\e-inventory\venv\Lib\site-packages\colorfield\templates\colorfield first seen with mtime 1742506673.3836436
File C:\Users\mjjimenezd\Desktop\repositorios\e-inventory\venv\Lib\site-packages\colorfield\templates\colorfield\color.html first seen with mtime 1742501906.8711941
File C:\Users\mjjimenezd\Desktop\repositorios\e-inventory\venv\Lib\site-packages\rest_framework\locale\zh_TW\LC_MESSAGES\django.mo first seen with mtime 1742501832.4869816
File C:\Users\mjjimenezd\Desktop\repositorios\e-inventory\venv\Lib\site-packages\rest_framework\locale\zh_Hant\LC_MESSAGES\django.mo first seen with mtime 1742501832.483986
File C:\Users\mjjimenezd\Desktop\repositorios\e-inventory\venv\Lib\site-packages\rest_framework\locale\zh_Hans\LC_MESSAGES\django.mo first seen with mtime 1742501832.4819913
File C:\Users\mjjimenezd\Desktop\repositorios\e-inventory\venv\Lib\site-packages\rest_framework\locale\zh_CN\LC_MESSAGES\django.mo first seen with mtime 1742501832.479
File C:\Users\mjjimenezd\Desktop\repositorios\e-inventory\venv\Lib\site-packages\rest_framework\locale\vi\LC_MESSAGES\django.mo first seen with mtime 1742501832.477007
File C:\Users\mjjimenezd\Desktop\repositorios\e-inventory\venv\Lib\site-packages\rest_framework\locale\uk\LC_MESSAGES\django.mo first seen with mtime 1742501832.4730184
File C:\Users\mjjimenezd\Desktop\repositorios\e-inventory\venv\Lib\site-packages\rest_framework\locale\tr_TR\LC_MESSAGES\django.mo first seen with mtime 1742501832.4690263
File C:\Users\mjjimenezd\Desktop\repositorios\e-inventory\venv\Lib\site-packages\rest_framework\locale\tr\LC_MESSAGES\django.mo first seen with mtime 1742501832.466035
File C:\Users\mjjimenezd\Desktop\repositorios\e-inventory\venv\Lib\site-packages\rest_framework\locale\th\LC_MESSAGES\django.mo first seen with mtime 1742501832.463045
File C:\Users\mjjimenezd\Desktop\repositorios\e-inventory\venv\Lib\site-packages\rest_framework\locale\sv\LC_MESSAGES\django.mo first seen with mtime 1742501832.460053
File C:\Users\mjjimenezd\Desktop\repositorios\e-inventory\venv\Lib\site-packages\rest_framework\locale\sl\LC_MESSAGES\django.mo first seen with mtime 1742501832.456063
File C:\Users\mjjimenezd\Desktop\repositorios\e-inventory\venv\Lib\site-packages\rest_framework\locale\sk\LC_MESSAGES\django.mo first seen with mtime 1742501832.452072
File C:\Users\mjjimenezd\Desktop\repositorios\e-inventory\venv\Lib\site-packages\rest_framework\locale\ru_RU\LC_MESSAGES\django.mo first seen with mtime 1742501832.450078
File C:\Users\mjjimenezd\Desktop\repositorios\e-inventory\venv\Lib\site-packages\rest_framework\locale\ru\LC_MESSAGES\django.mo first seen with mtime 1742501832.4470866
File C:\Users\mjjimenezd\Desktop\repositorios\e-inventory\venv\Lib\site-packages\rest_framework\locale\ro\LC_MESSAGES\django.mo first seen with mtime 1742501832.4440937
File C:\Users\mjjimenezd\Desktop\repositorios\e-inventory\venv\Lib\site-packages\rest_framework\locale\pt_PT\LC_MESSAGES\django.mo first seen with mtime 1742501832.442099
File C:\Users\mjjimenezd\Desktop\repositorios\e-inventory\venv\Lib\site-packages\rest_framework\locale\pt_BR\LC_MESSAGES\django.mo first seen with mtime 1742501832.438111
File C:\Users\mjjimenezd\Desktop\repositorios\e-inventory\venv\Lib\site-packages\rest_framework\locale\pt\LC_MESSAGES\django.mo first seen with mtime 1742501832.4341207
File C:\Users\mjjimenezd\Desktop\repositorios\e-inventory\venv\Lib\site-packages\rest_framework\locale\pl\LC_MESSAGES\django.mo first seen with mtime 1742501832.4321263
File C:\Users\mjjimenezd\Desktop\repositorios\e-inventory\venv\Lib\site-packages\rest_framework\locale\no\LC_MESSAGES\django.mo first seen with mtime 1742501832.4291344
File C:\Users\mjjimenezd\Desktop\repositorios\e-inventory\venv\Lib\site-packages\rest_framework\locale\nn\LC_MESSAGES\django.mo first seen with mtime 1742501832.42714
File C:\Users\mjjimenezd\Desktop\repositorios\e-inventory\venv\Lib\site-packages\rest_framework\locale\nl\LC_MESSAGES\django.mo first seen with mtime 1742501832.424149
File C:\Users\mjjimenezd\Desktop\repositorios\e-inventory\venv\Lib\site-packages\rest_framework\locale\ne_NP\LC_MESSAGES\django.mo first seen with mtime 1742501832.4201608
File C:\Users\mjjimenezd\Desktop\repositorios\e-inventory\venv\Lib\site-packages\rest_framework\locale\nb\LC_MESSAGES\django.mo first seen with mtime 1742501832.4171674
File C:\Users\mjjimenezd\Desktop\repositorios\e-inventory\venv\Lib\site-packages\rest_framework\locale\mk\LC_MESSAGES\django.mo first seen with mtime 1742501832.4141738
File C:\Users\mjjimenezd\Desktop\repositorios\e-inventory\venv\Lib\site-packages\rest_framework\locale\lv\LC_MESSAGES\django.mo first seen with mtime 1742501832.4111826
File C:\Users\mjjimenezd\Desktop\repositorios\e-inventory\venv\Lib\site-packages\rest_framework\locale\lt\LC_MESSAGES\django.mo first seen with mtime 1742501832.4091878
File C:\Users\mjjimenezd\Desktop\repositorios\e-inventory\venv\Lib\site-packages\rest_framework\locale\ko_KR\LC_MESSAGES\django.mo first seen with mtime 1742501832.4042015
File C:\Users\mjjimenezd\Desktop\repositorios\e-inventory\venv\Lib\site-packages\rest_framework\locale\ja\LC_MESSAGES\django.mo first seen with mtime 1742501832.4012096
File C:\Users\mjjimenezd\Desktop\repositorios\e-inventory\venv\Lib\site-packages\rest_framework\locale\it\LC_MESSAGES\django.mo first seen with mtime 1742501832.3972201
File C:\Users\mjjimenezd\Desktop\repositorios\e-inventory\venv\Lib\site-packages\rest_framework\locale\id\LC_MESSAGES\django.mo first seen with mtime 1742501832.395225
File C:\Users\mjjimenezd\Desktop\repositorios\e-inventory\venv\Lib\site-packages\rest_framework\locale\hy\LC_MESSAGES\django.mo first seen with mtime 1742501832.3912373
File C:\Users\mjjimenezd\Desktop\repositorios\e-inventory\venv\Lib\site-packages\rest_framework\locale\hu\LC_MESSAGES\django.mo first seen with mtime 1742501832.3862503
File C:\Users\mjjimenezd\Desktop\repositorios\e-inventory\venv\Lib\site-packages\rest_framework\locale\he_IL\LC_MESSAGES\django.mo first seen with mtime 1742501832.382903
File C:\Users\mjjimenezd\Desktop\repositorios\e-inventory\venv\Lib\site-packages\rest_framework\locale\gl_ES\LC_MESSAGES\django.mo first seen with mtime 1742501832.3809066
File C:\Users\mjjimenezd\Desktop\repositorios\e-inventory\venv\Lib\site-packages\rest_framework\locale\gl\LC_MESSAGES\django.mo first seen with mtime 1742501832.3789124
File C:\Users\mjjimenezd\Desktop\repositorios\e-inventory\venv\Lib\site-packages\rest_framework\locale\fr_CA\LC_MESSAGES\django.mo first seen with mtime 1742501832.3769188
File C:\Users\mjjimenezd\Desktop\repositorios\e-inventory\venv\Lib\site-packages\rest_framework\locale\fr\LC_MESSAGES\django.mo first seen with mtime 1742501832.3739283
File C:\Users\mjjimenezd\Desktop\repositorios\e-inventory\venv\Lib\site-packages\rest_framework\locale\fi\LC_MESSAGES\django.mo first seen with mtime 1742501832.3699367
File C:\Users\mjjimenezd\Desktop\repositorios\e-inventory\venv\Lib\site-packages\rest_framework\locale\fa_IR\LC_MESSAGES\django.mo first seen with mtime 1742501832.3659475
File C:\Users\mjjimenezd\Desktop\repositorios\e-inventory\venv\Lib\site-packages\rest_framework\locale\fa\LC_MESSAGES\django.mo first seen with mtime 1742501832.3629558
File C:\Users\mjjimenezd\Desktop\repositorios\e-inventory\venv\Lib\site-packages\rest_framework\locale\et\LC_MESSAGES\django.mo first seen with mtime 1742501832.360961
File C:\Users\mjjimenezd\Desktop\repositorios\e-inventory\venv\Lib\site-packages\rest_framework\locale\es\LC_MESSAGES\django.mo first seen with mtime 1742501832.3579695
File C:\Users\mjjimenezd\Desktop\repositorios\e-inventory\venv\Lib\site-packages\rest_framework\locale\en_US\LC_MESSAGES\django.mo first seen with mtime 1742501832.3549774
File C:\Users\mjjimenezd\Desktop\repositorios\e-inventory\venv\Lib\site-packages\rest_framework\locale\en_CA\LC_MESSAGES\django.mo first seen with mtime 1742501832.3519857
File C:\Users\mjjimenezd\Desktop\repositorios\e-inventory\venv\Lib\site-packages\rest_framework\locale\en_AU\LC_MESSAGES\django.mo first seen with mtime 1742501832.3499918
File C:\Users\mjjimenezd\Desktop\repositorios\e-inventory\venv\Lib\site-packages\rest_framework\locale\en\LC_MESSAGES\django.mo first seen with mtime 1742501832.3469982
File C:\Users\mjjimenezd\Desktop\repositorios\e-inventory\venv\Lib\site-packages\rest_framework\locale\el_GR\LC_MESSAGES\django.mo first seen with mtime 1742501832.345004
File C:\Users\mjjimenezd\Desktop\repositorios\e-inventory\venv\Lib\site-packages\rest_framework\locale\el\LC_MESSAGES\django.mo first seen with mtime 1742501832.342013
File C:\Users\mjjimenezd\Desktop\repositorios\e-inventory\venv\Lib\site-packages\rest_framework\locale\de\LC_MESSAGES\django.mo first seen with mtime 1742501832.3380237
File C:\Users\mjjimenezd\Desktop\repositorios\e-inventory\venv\Lib\site-packages\rest_framework\locale\da\LC_MESSAGES\django.mo first seen with mtime 1742501832.335032
File C:\Users\mjjimenezd\Desktop\repositorios\e-inventory\venv\Lib\site-packages\rest_framework\locale\cs\LC_MESSAGES\django.mo first seen with mtime 1742501832.3320396
File C:\Users\mjjimenezd\Desktop\repositorios\e-inventory\venv\Lib\site-packages\rest_framework\locale\ca_ES\LC_MESSAGES\django.mo first seen with mtime 1742501832.3290467
File C:\Users\mjjimenezd\Desktop\repositorios\e-inventory\venv\Lib\site-packages\rest_framework\locale\ca\LC_MESSAGES\django.mo first seen with mtime 1742501832.327052
File C:\Users\mjjimenezd\Desktop\repositorios\e-inventory\venv\Lib\site-packages\rest_framework\locale\bg\LC_MESSAGES\django.mo first seen with mtime 1742501832.3240628
File C:\Users\mjjimenezd\Desktop\repositorios\e-inventory\venv\Lib\site-packages\rest_framework\locale\be\LC_MESSAGES\django.mo first seen with mtime 1742501832.3200715
File C:\Users\mjjimenezd\Desktop\repositorios\e-inventory\venv\Lib\site-packages\rest_framework\locale\az\LC_MESSAGES\django.mo first seen with mtime 1742501832.3173242
File C:\Users\mjjimenezd\Desktop\repositorios\e-inventory\venv\Lib\site-packages\rest_framework\locale\ar\LC_MESSAGES\django.mo first seen with mtime 1742501832.3143318
File C:\Users\mjjimenezd\Desktop\repositorios\e-inventory\venv\Lib\site-packages\rest_framework\locale\ach\LC_MESSAGES\django.mo first seen with mtime 1742501832.312337
File C:\Users\mjjimenezd\Desktop\repositorios\e-inventory\venv\Lib\site-packages\rest_framework_simplejwt\locale\zh_Hans\LC_MESSAGES\django.mo first seen with mtime 1742501833.6317434
File C:\Users\mjjimenezd\Desktop\repositorios\e-inventory\venv\Lib\site-packages\rest_framework_simplejwt\locale\uk_UA\LC_MESSAGES\django.mo first seen with mtime 1742501833.6190994
File C:\Users\mjjimenezd\Desktop\repositorios\e-inventory\venv\Lib\site-packages\rest_framework_simplejwt\locale\tr\LC_MESSAGES\django.mo first seen with mtime 1742501833.6151102
File C:\Users\mjjimenezd\Desktop\repositorios\e-inventory\venv\Lib\site-packages\rest_framework_simplejwt\locale\sv\LC_MESSAGES\django.mo first seen with mtime 1742501833.6105855
File C:\Users\mjjimenezd\Desktop\repositorios\e-inventory\venv\Lib\site-packages\rest_framework_simplejwt\locale\sl\LC_MESSAGES\django.mo first seen with mtime 1742501833.603647
File C:\Users\mjjimenezd\Desktop\repositorios\e-inventory\venv\Lib\site-packages\rest_framework_simplejwt\locale\ru_RU\LC_MESSAGES\django.mo first seen with mtime 1742501833.5986602
File C:\Users\mjjimenezd\Desktop\repositorios\e-inventory\venv\Lib\site-packages\rest_framework_simplejwt\locale\ro\LC_MESSAGES\django.mo first seen with mtime 1742501833.5860627
File C:\Users\mjjimenezd\Desktop\repositorios\e-inventory\venv\Lib\site-packages\rest_framework_simplejwt\locale\pt_BR\LC_MESSAGES\django.mo first seen with mtime 1742501833.5839055
File C:\Users\mjjimenezd\Desktop\repositorios\e-inventory\venv\Lib\site-packages\rest_framework_simplejwt\locale\pl_PL\LC_MESSAGES\django.mo first seen with mtime 1742501833.5431516
File C:\Users\mjjimenezd\Desktop\repositorios\e-inventory\venv\Lib\site-packages\rest_framework_simplejwt\locale\nl_NL\LC_MESSAGES\django.mo first seen with mtime 1742501833.5431516
File C:\Users\mjjimenezd\Desktop\repositorios\e-inventory\venv\Lib\site-packages\rest_framework_simplejwt\locale\ko_KR\LC_MESSAGES\django.mo first seen with mtime 1742501833.5259247
File C:\Users\mjjimenezd\Desktop\repositorios\e-inventory\venv\Lib\site-packages\rest_framework_simplejwt\locale\it_IT\LC_MESSAGES\django.mo first seen with mtime 1742501833.5259247
File C:\Users\mjjimenezd\Desktop\repositorios\e-inventory\venv\Lib\site-packages\rest_framework_simplejwt\locale\id_ID\LC_MESSAGES\django.mo first seen with mtime 1742501833.5259247
File C:\Users\mjjimenezd\Desktop\repositorios\e-inventory\venv\Lib\site-packages\rest_framework_simplejwt\locale\he_IL\LC_MESSAGES\django.mo first seen with mtime 1742501833.5259247
File C:\Users\mjjimenezd\Desktop\repositorios\e-inventory\venv\Lib\site-packages\rest_framework_simplejwt\locale\fr\LC_MESSAGES\django.mo first seen with mtime 1742501833.5090802
File C:\Users\mjjimenezd\Desktop\repositorios\e-inventory\venv\Lib\site-packages\rest_framework_simplejwt\locale\fa_IR\LC_MESSAGES\django.mo first seen with mtime 1742501833.5090802
File C:\Users\mjjimenezd\Desktop\repositorios\e-inventory\venv\Lib\site-packages\rest_framework_simplejwt\locale\fa\LC_MESSAGES\django.mo first seen with mtime 1742501833.5090802
File C:\Users\mjjimenezd\Desktop\repositorios\e-inventory\venv\Lib\site-packages\rest_framework_simplejwt\locale\es_CL\LC_MESSAGES\django.mo first seen with mtime 1742501833.5064042
File C:\Users\mjjimenezd\Desktop\repositorios\e-inventory\venv\Lib\site-packages\rest_framework_simplejwt\locale\es_AR\LC_MESSAGES\django.mo first seen with mtime 1742501833.4924333
File C:\Users\mjjimenezd\Desktop\repositorios\e-inventory\venv\Lib\site-packages\rest_framework_simplejwt\locale\es\LC_MESSAGES\django.mo first seen with mtime 1742501833.4924333
File C:\Users\mjjimenezd\Desktop\repositorios\e-inventory\venv\Lib\site-packages\rest_framework_simplejwt\locale\de\LC_MESSAGES\django.mo first seen with mtime 1742501833.4896796
File C:\Users\mjjimenezd\Desktop\repositorios\e-inventory\venv\Lib\site-packages\rest_framework_simplejwt\locale\cs\LC_MESSAGES\django.mo first seen with mtime 1742501833.4756477
File C:\Users\mjjimenezd\Desktop\repositorios\e-inventory\venv\Lib\site-packages\rest_framework_simplejwt\locale\ar\LC_MESSAGES\django.mo first seen with mtime 1742501833.4756477
File C:\Users\mjjimenezd\Desktop\repositorios\e-inventory\venv\Lib\site-packages\colorfield\locale\it\LC_MESSAGES\django.mo first seen with mtime 1742501906.8545153
File C:\Users\mjjimenezd\Desktop\repositorios\e-inventory\venv\Lib\site-packages\colorfield\locale\en\LC_MESSAGES\django.mo first seen with mtime 1742501906.8545153
File C:\Users\mjjimenezd\Desktop\repositorios\e-inventory\venv\Lib\site-packages\django\contrib\auth\migrations\0001_initial.py first seen with mtime 1742501780.8033788
File C:\Users\mjjimenezd\Desktop\repositorios\e-inventory\venv\Lib\site-packages\django\contrib\sessions\backends\db.py first seen with mtime 1742501784.1333182
File C:\Users\mjjimenezd\Desktop\repositorios\e-inventory\venv\Lib\site-packages\django\contrib\admin\migrations\0001_initial.py first seen with mtime 1742501779.1212525
File C:\Users\mjjimenezd\Desktop\repositorios\e-inventory\venv\Lib\site-packages\django\contrib\admin\migrations\__init__.py first seen with mtime 1742501779.1300938
File C:\Users\mjjimenezd\Desktop\repositorios\e-inventory\venv\Lib\site-packages\django\db\migrations\loader.py first seen with mtime 1742501785.564407
File C:\Users\mjjimenezd\Desktop\repositorios\e-inventory\venv\Lib\site-packages\django\contrib\auth\migrations\__init__.py first seen with mtime 1742501780.8291128
File C:\Users\mjjimenezd\Desktop\repositorios\e-inventory\venv\Lib\site-packages\django\db\migrations\recorder.py first seen with mtime 1742501785.5733817
File C:\Users\mjjimenezd\Desktop\repositorios\e-inventory\venv\Lib\site-packages\django\db\models\sql\compiler.py first seen with mtime 1742501785.6844852
File C:\Users\mjjimenezd\Desktop\repositorios\e-inventory\venv\Lib\site-packages\rest_framework\authtoken\migrations\0003_tokenproxy.py first seen with mtime 1742501832.3043602
File C:\Users\mjjimenezd\Desktop\repositorios\e-inventory\venv\Lib\site-packages\django\contrib\auth\migrations\0010_alter_group_name_max_length.py first seen with mtime 1742501780.8228352
File C:\Users\mjjimenezd\Desktop\repositorios\e-inventory\venv\Lib\site-packages\django\contrib\auth\migrations\0011_update_proxy_permissions.py first seen with mtime 1742501780.8248992
File C:\Users\mjjimenezd\Desktop\repositorios\e-inventory\venv\Lib\site-packages\django\contrib\admin\migrations\0002_logentry_remove_auto_add.py first seen with mtime 1742501779.124298
File C:\Users\mjjimenezd\Desktop\repositorios\e-inventory\venv\Lib\site-packages\rest_framework\authtoken\migrations\0001_initial.py first seen with mtime 1742501832.298447
File C:\Users\mjjimenezd\Desktop\repositorios\e-inventory\venv\Lib\site-packages\django\db\migrations\graph.py first seen with mtime 1742501785.5624123
File C:\Users\mjjimenezd\Desktop\repositorios\e-inventory\venv\Lib\site-packages\django\contrib\contenttypes\migrations\0001_initial.py first seen with mtime 1742501781.3502042
File C:\Users\mjjimenezd\Desktop\repositorios\e-inventory\venv\Lib\site-packages\django\contrib\auth\migrations\0006_require_contenttypes_0002.py first seen with mtime 1742501780.8141108
File C:\Users\mjjimenezd\Desktop\repositorios\e-inventory\venv\Lib\site-packages\django\contrib\auth\migrations\0009_alter_user_last_name_max_length.py first seen with mtime 1742501780.8208387
File C:\Users\mjjimenezd\Desktop\repositorios\e-inventory\venv\Lib\site-packages\django\contrib\contenttypes\migrations\__init__.py first seen with mtime 1742501781.3532221
File C:\Users\mjjimenezd\Desktop\repositorios\e-inventory\venv\Lib\site-packages\django\contrib\contenttypes\migrations\0002_remove_content_type_name.py first seen with mtime 1742501781.3522243
File C:\Users\mjjimenezd\Desktop\repositorios\e-inventory\venv\Lib\site-packages\rest_framework\authtoken\migrations\0002_auto_20160226_1747.py first seen with mtime 1742501832.301438
File C:\Users\mjjimenezd\Desktop\repositorios\e-inventory\venv\Lib\site-packages\django\contrib\auth\migrations\0005_alter_user_last_login_null.py first seen with mtime 1742501780.8121157
File C:\Users\mjjimenezd\Desktop\repositorios\e-inventory\venv\Lib\site-packages\django\contrib\auth\migrations\0003_alter_user_email_max_length.py first seen with mtime 1742501780.8083675
File C:\Users\mjjimenezd\Desktop\repositorios\e-inventory\venv\Lib\site-packages\django\db\migrations\executor.py first seen with mtime 1742501785.559677
File C:\Users\mjjimenezd\Desktop\repositorios\e-inventory\venv\Lib\site-packages\django\contrib\sessions\migrations\0001_initial.py first seen with mtime 1742501784.516855
File C:\Users\mjjimenezd\Desktop\repositorios\e-inventory\venv\Lib\site-packages\django\contrib\admin\migrations\0003_logentry_add_action_flag_choices.py first seen with mtime 1742501779.1290836
File C:\Users\mjjimenezd\Desktop\repositorios\e-inventory\venv\Lib\site-packages\rest_framework\authtoken\migrations\0004_alter_tokenproxy_options.py first seen with mtime 1742501832.3073509
File C:\Users\mjjimenezd\Desktop\repositorios\e-inventory\venv\Lib\site-packages\django\contrib\sessions\migrations\__init__.py first seen with mtime 1742501784.5178514
File C:\Users\mjjimenezd\Desktop\repositorios\e-inventory\venv\Lib\site-packages\django\contrib\auth\migrations\0004_alter_user_username_opts.py first seen with mtime 1742501780.8103933
File C:\Users\mjjimenezd\Desktop\repositorios\e-inventory\venv\Lib\site-packages\django\contrib\auth\migrations\0008_alter_user_username_max_length.py first seen with mtime 1742501780.8188465
File C:\Users\mjjimenezd\Desktop\repositorios\e-inventory\backend\inventario\wsgi.py first seen with mtime 1742496992.5508718
File C:\Python313\Lib\stringprep.py first seen with mtime 1733255848.0
File C:\Users\mjjimenezd\Desktop\repositorios\e-inventory\venv\Lib\site-packages\django\contrib\auth\migrations\0012_alter_user_first_name_max_length.py first seen with mtime 1742501780.8279188
File C:\Users\mjjimenezd\Desktop\repositorios\e-inventory\venv\Lib\site-packages\rest_framework\authtoken\migrations\__init__.py first seen with mtime 1742501832.3093457
File C:\Users\mjjimenezd\Desktop\repositorios\e-inventory\venv\Lib\site-packages\django\contrib\auth\migrations\0007_alter_validators_add_error_messages.py first seen with mtime 1742501780.8168216
File C:\Python313\Lib\encodings\idna.py first seen with mtime 1733255848.0
File C:\Users\mjjimenezd\Desktop\repositorios\e-inventory\venv\Lib\site-packages\django\views\csrf.py first seen with mtime 1742501786.120247
File C:\Users\mjjimenezd\Desktop\repositorios\e-inventory\venv\Lib\site-packages\django\contrib\auth\migrations\0002_alter_permission_name_max_length.py first seen with mtime 1742501780.8053753
(0.005) SELECT "django_session"."session_key", "django_session"."session_data", "django_session"."expire_date" FROM "django_session" WHERE ("django_session"."expire_date" > '2025-03-20T21:54:43.591669+00:00'::timestamptz AND "django_session"."session_key" = 'qiu28siidx4bh9sw008972x834lc8814') LIMIT 21; args=(datetime.datetime(2025, 3, 20, 21, 54, 43, 591669, tzinfo=datetime.timezone.utc), 'qiu28siidx4bh9sw008972x834lc8814'); alias=default
Exception while resolving variable 'name' in template 'unknown'.
Traceback (most recent call last):
  File "C:\Users\mjjimenezd\Desktop\repositorios\e-inventory\venv\Lib\site-packages\django\core\handlers\exception.py", line 55, in inner
    response = get_response(request)
  File "C:\Users\mjjimenezd\Desktop\repositorios\e-inventory\venv\Lib\site-packages\django\core\handlers\base.py", line 181, in _get_response
    callback, callback_args, callback_kwargs = self.resolve_request(request)
                                               ~~~~~~~~~~~~~~~~~~~~^^^^^^^^^
  File "C:\Users\mjjimenezd\Desktop\repositorios\e-inventory\venv\Lib\site-packages\django\core\handlers\base.py", line 313, in resolve_request
    resolver_match = resolver.resolve(request.path_info)
  File "C:\Users\mjjimenezd\Desktop\repositorios\e-inventory\venv\Lib\site-packages\django\urls\resolvers.py", line 705, in resolve
    raise Resolver404({"tried": tried, "path": new_path})
django.urls.exceptions.Resolver404: {'tried': [[<URLResolver <URLPattern list> (admin:admin) 'admin/'>], [<URLPattern 'api/dashboard/' [name='dashboard-data']>], [<URLPattern 'api/login/' [name='login']>], [<URLPattern 'api/register/' [name='register_user_view']>], [<URLPattern 'api/editusuarios/<int:user_id>/' [name='edit_user_view']>], [<URLPattern 'api/dusuarios/<int:user_id>/' [name='get_user_detail_view']>], [<URLPattern 'api/validate-token/' [name='validate_token']>], [<URLPattern 'api/datos-protegidos/' [name='obtener_datos_protegidos']>], [<URLPattern 'api/activarusuarios/<int:user_id>/' [name='activate_user_view']>], [<URLPattern 'api/deusuarios/<int:user_id>/' [name='deactivate_user_view']>], [<URLPattern 'api/reset-password-request/' [name='reset_password_request']>], [<URLPattern 'api/reset-password/' [name='reset_password']>], [<URLPattern 'api/sede/' [name='get_sedes_view']>], [<URLPattern 'api/sedes/' [name='sede_view']>], [<URLPattern 'api/sedes/<int:sede_id>/' [name='sede_detail_view']>], [<URLPattern 'api/dispositivos/' [name='dispositivo_view']>], [<URLPattern 'api/dispositivos/<int:dispositivo_id>/' [name='dispositivo_view']>], [<URLPattern 'api/servicios/' [name='servicios_view']>], [<URLPattern 'api/servicios/<int:servicio_id>/' [name='servicio_detail_view']>], [<URLPattern 'api/usuarios/' [name='get_users_view']>], [<URLPattern 'api/usuarios/<int:user_id>/' [name='user_detail']>], [<URLResolver <URLPattern list> (None:None) 'api/'>], [<URLPattern 'api/posiciones/' [name='posicion-view']>]], 'path': ''}

During handling of the above exception, another exception occurred:

Traceback (most recent call last):
  File "C:\Users\mjjimenezd\Desktop\repositorios\e-inventory\venv\Lib\site-packages\django\template\base.py", line 883, in _resolve_lookup
    current = current[bit]
              ~~~~~~~^^^^^
TypeError: 'URLResolver' object is not subscriptable

During handling of the above exception, another exception occurred:

Traceback (most recent call last):
  File "C:\Users\mjjimenezd\Desktop\repositorios\e-inventory\venv\Lib\site-packages\django\template\base.py", line 893, in _resolve_lookup
    current = getattr(current, bit)
AttributeError: 'URLResolver' object has no attribute 'name'

During handling of the above exception, another exception occurred:

Traceback (most recent call last):
  File "C:\Users\mjjimenezd\Desktop\repositorios\e-inventory\venv\Lib\site-packages\django\template\base.py", line 899, in _resolve_lookup
    current = current[int(bit)]
                      ~~~^^^^^
ValueError: invalid literal for int() with base 10: 'name'

During handling of the above exception, another exception occurred:

Traceback (most recent call last):
  File "C:\Users\mjjimenezd\Desktop\repositorios\e-inventory\venv\Lib\site-packages\django\template\base.py", line 906, in _resolve_lookup
    raise VariableDoesNotExist(
    ^^^^^^^^^^^^^^^^^^^^^^^^^^^
    ...<2 lines>...
    )  # missing attribute
    ^
django.template.base.VariableDoesNotExist: Failed lookup for key [name] in <URLResolver <URLPattern list> (admin:admin) 'admin/'>
Exception while resolving variable 'name' in template 'unknown'.
Traceback (most recent call last):
  File "C:\Users\mjjimenezd\Desktop\repositorios\e-inventory\venv\Lib\site-packages\django\core\handlers\exception.py", line 55, in inner
    response = get_response(request)
  File "C:\Users\mjjimenezd\Desktop\repositorios\e-inventory\venv\Lib\site-packages\django\core\handlers\base.py", line 181, in _get_response
    callback, callback_args, callback_kwargs = self.resolve_request(request)
                                               ~~~~~~~~~~~~~~~~~~~~^^^^^^^^^
  File "C:\Users\mjjimenezd\Desktop\repositorios\e-inventory\venv\Lib\site-packages\django\core\handlers\base.py", line 313, in resolve_request
    resolver_match = resolver.resolve(request.path_info)
  File "C:\Users\mjjimenezd\Desktop\repositorios\e-inventory\venv\Lib\site-packages\django\urls\resolvers.py", line 705, in resolve
    raise Resolver404({"tried": tried, "path": new_path})
django.urls.exceptions.Resolver404: {'tried': [[<URLResolver <URLPattern list> (admin:admin) 'admin/'>], [<URLPattern 'api/dashboard/' [name='dashboard-data']>], [<URLPattern 'api/login/' [name='login']>], [<URLPattern 'api/register/' [name='register_user_view']>], [<URLPattern 'api/editusuarios/<int:user_id>/' [name='edit_user_view']>], [<URLPattern 'api/dusuarios/<int:user_id>/' [name='get_user_detail_view']>], [<URLPattern 'api/validate-token/' [name='validate_token']>], [<URLPattern 'api/datos-protegidos/' [name='obtener_datos_protegidos']>], [<URLPattern 'api/activarusuarios/<int:user_id>/' [name='activate_user_view']>], [<URLPattern 'api/deusuarios/<int:user_id>/' [name='deactivate_user_view']>], [<URLPattern 'api/reset-password-request/' [name='reset_password_request']>], [<URLPattern 'api/reset-password/' [name='reset_password']>], [<URLPattern 'api/sede/' [name='get_sedes_view']>], [<URLPattern 'api/sedes/' [name='sede_view']>], [<URLPattern 'api/sedes/<int:sede_id>/' [name='sede_detail_view']>], [<URLPattern 'api/dispositivos/' [name='dispositivo_view']>], [<URLPattern 'api/dispositivos/<int:dispositivo_id>/' [name='dispositivo_view']>], [<URLPattern 'api/servicios/' [name='servicios_view']>], [<URLPattern 'api/servicios/<int:servicio_id>/' [name='servicio_detail_view']>], [<URLPattern 'api/usuarios/' [name='get_users_view']>], [<URLPattern 'api/usuarios/<int:user_id>/' [name='user_detail']>], [<URLResolver <URLPattern list> (None:None) 'api/'>], [<URLPattern 'api/posiciones/' [name='posicion-view']>]], 'path': ''}

During handling of the above exception, another exception occurred:

Traceback (most recent call last):
  File "C:\Users\mjjimenezd\Desktop\repositorios\e-inventory\venv\Lib\site-packages\django\template\base.py", line 883, in _resolve_lookup
    current = current[bit]
              ~~~~~~~^^^^^
TypeError: 'URLResolver' object is not subscriptable

During handling of the above exception, another exception occurred:

Traceback (most recent call last):
  File "C:\Users\mjjimenezd\Desktop\repositorios\e-inventory\venv\Lib\site-packages\django\template\base.py", line 893, in _resolve_lookup
    current = getattr(current, bit)
AttributeError: 'URLResolver' object has no attribute 'name'

During handling of the above exception, another exception occurred:

Traceback (most recent call last):
  File "C:\Users\mjjimenezd\Desktop\repositorios\e-inventory\venv\Lib\site-packages\django\template\base.py", line 899, in _resolve_lookup
    current = current[int(bit)]
                      ~~~^^^^^
ValueError: invalid literal for int() with base 10: 'name'

During handling of the above exception, another exception occurred:

Traceback (most recent call last):
  File "C:\Users\mjjimenezd\Desktop\repositorios\e-inventory\venv\Lib\site-packages\django\template\base.py", line 906, in _resolve_lookup
    raise VariableDoesNotExist(
    ^^^^^^^^^^^^^^^^^^^^^^^^^^^
    ...<2 lines>...
    )  # missing attribute
    ^
django.template.base.VariableDoesNotExist: Failed lookup for key [name] in <URLResolver <URLPattern list> (None:None) 'api/'>
"GET / HTTP/1.1" 404 6318
Exception while resolving variable 'name' in template 'unknown'.
Traceback (most recent call last):
  File "C:\Users\mjjimenezd\Desktop\repositorios\e-inventory\venv\Lib\site-packages\django\core\handlers\exception.py", line 55, in inner
    response = get_response(request)
  File "C:\Users\mjjimenezd\Desktop\repositorios\e-inventory\venv\Lib\site-packages\django\core\handlers\base.py", line 181, in _get_response
    callback, callback_args, callback_kwargs = self.resolve_request(request)
                                               ~~~~~~~~~~~~~~~~~~~~^^^^^^^^^
  File "C:\Users\mjjimenezd\Desktop\repositorios\e-inventory\venv\Lib\site-packages\django\core\handlers\base.py", line 313, in resolve_request
    resolver_match = resolver.resolve(request.path_info)
  File "C:\Users\mjjimenezd\Desktop\repositorios\e-inventory\venv\Lib\site-packages\django\urls\resolvers.py", line 705, in resolve
    raise Resolver404({"tried": tried, "path": new_path})
django.urls.exceptions.Resolver404: {'tried': [[<URLResolver <URLPattern list> (admin:admin) 'admin/'>], [<URLPattern 'api/dashboard/' [name='dashboard-data']>], [<URLPattern 'api/login/' [name='login']>], [<URLPattern 'api/register/' [name='register_user_view']>], [<URLPattern 'api/editusuarios/<int:user_id>/' [name='edit_user_view']>], [<URLPattern 'api/dusuarios/<int:user_id>/' [name='get_user_detail_view']>], [<URLPattern 'api/validate-token/' [name='validate_token']>], [<URLPattern 'api/datos-protegidos/' [name='obtener_datos_protegidos']>], [<URLPattern 'api/activarusuarios/<int:user_id>/' [name='activate_user_view']>], [<URLPattern 'api/deusuarios/<int:user_id>/' [name='deactivate_user_view']>], [<URLPattern 'api/reset-password-request/' [name='reset_password_request']>], [<URLPattern 'api/reset-password/' [name='reset_password']>], [<URLPattern 'api/sede/' [name='get_sedes_view']>], [<URLPattern 'api/sedes/' [name='sede_view']>], [<URLPattern 'api/sedes/<int:sede_id>/' [name='sede_detail_view']>], [<URLPattern 'api/dispositivos/' [name='dispositivo_view']>], [<URLPattern 'api/dispositivos/<int:dispositivo_id>/' [name='dispositivo_view']>], [<URLPattern 'api/servicios/' [name='servicios_view']>], [<URLPattern 'api/servicios/<int:servicio_id>/' [name='servicio_detail_view']>], [<URLPattern 'api/usuarios/' [name='get_users_view']>], [<URLPattern 'api/usuarios/<int:user_id>/' [name='user_detail']>], [<URLResolver <URLPattern list> (None:None) 'api/'>], [<URLPattern 'api/posiciones/' [name='posicion-view']>]], 'path': 'favicon.ico'}

During handling of the above exception, another exception occurred:

Traceback (most recent call last):
  File "C:\Users\mjjimenezd\Desktop\repositorios\e-inventory\venv\Lib\site-packages\django\template\base.py", line 883, in _resolve_lookup
    current = current[bit]
              ~~~~~~~^^^^^
TypeError: 'URLResolver' object is not subscriptable

During handling of the above exception, another exception occurred:

Traceback (most recent call last):
  File "C:\Users\mjjimenezd\Desktop\repositorios\e-inventory\venv\Lib\site-packages\django\template\base.py", line 893, in _resolve_lookup
    current = getattr(current, bit)
AttributeError: 'URLResolver' object has no attribute 'name'

During handling of the above exception, another exception occurred:

Traceback (most recent call last):
  File "C:\Users\mjjimenezd\Desktop\repositorios\e-inventory\venv\Lib\site-packages\django\template\base.py", line 899, in _resolve_lookup
    current = current[int(bit)]
                      ~~~^^^^^
ValueError: invalid literal for int() with base 10: 'name'

During handling of the above exception, another exception occurred:

Traceback (most recent call last):
  File "C:\Users\mjjimenezd\Desktop\repositorios\e-inventory\venv\Lib\site-packages\django\template\base.py", line 906, in _resolve_lookup
    raise VariableDoesNotExist(
    ^^^^^^^^^^^^^^^^^^^^^^^^^^^
    ...<2 lines>...
    )  # missing attribute
    ^
django.template.base.VariableDoesNotExist: Failed lookup for key [name] in <URLResolver <URLPattern list> (admin:admin) 'admin/'>
Exception while resolving variable 'name' in template 'unknown'.
Traceback (most recent call last):
  File "C:\Users\mjjimenezd\Desktop\repositorios\e-inventory\venv\Lib\site-packages\django\core\handlers\exception.py", line 55, in inner
    response = get_response(request)
  File "C:\Users\mjjimenezd\Desktop\repositorios\e-inventory\venv\Lib\site-packages\django\core\handlers\base.py", line 181, in _get_response
    callback, callback_args, callback_kwargs = self.resolve_request(request)
                                               ~~~~~~~~~~~~~~~~~~~~^^^^^^^^^
  File "C:\Users\mjjimenezd\Desktop\repositorios\e-inventory\venv\Lib\site-packages\django\core\handlers\base.py", line 313, in resolve_request
    resolver_match = resolver.resolve(request.path_info)
  File "C:\Users\mjjimenezd\Desktop\repositorios\e-inventory\venv\Lib\site-packages\django\urls\resolvers.py", line 705, in resolve
    raise Resolver404({"tried": tried, "path": new_path})
django.urls.exceptions.Resolver404: {'tried': [[<URLResolver <URLPattern list> (admin:admin) 'admin/'>], [<URLPattern 'api/dashboard/' [name='dashboard-data']>], [<URLPattern 'api/login/' [name='login']>], [<URLPattern 'api/register/' [name='register_user_view']>], [<URLPattern 'api/editusuarios/<int:user_id>/' [name='edit_user_view']>], [<URLPattern 'api/dusuarios/<int:user_id>/' [name='get_user_detail_view']>], [<URLPattern 'api/validate-token/' [name='validate_token']>], [<URLPattern 'api/datos-protegidos/' [name='obtener_datos_protegidos']>], [<URLPattern 'api/activarusuarios/<int:user_id>/' [name='activate_user_view']>], [<URLPattern 'api/deusuarios/<int:user_id>/' [name='deactivate_user_view']>], [<URLPattern 'api/reset-password-request/' [name='reset_password_request']>], [<URLPattern 'api/reset-password/' [name='reset_password']>], [<URLPattern 'api/sede/' [name='get_sedes_view']>], [<URLPattern 'api/sedes/' [name='sede_view']>], [<URLPattern 'api/sedes/<int:sede_id>/' [name='sede_detail_view']>], [<URLPattern 'api/dispositivos/' [name='dispositivo_view']>], [<URLPattern 'api/dispositivos/<int:dispositivo_id>/' [name='dispositivo_view']>], [<URLPattern 'api/servicios/' [name='servicios_view']>], [<URLPattern 'api/servicios/<int:servicio_id>/' [name='servicio_detail_view']>], [<URLPattern 'api/usuarios/' [name='get_users_view']>], [<URLPattern 'api/usuarios/<int:user_id>/' [name='user_detail']>], [<URLResolver <URLPattern list> (None:None) 'api/'>], [<URLPattern 'api/posiciones/' [name='posicion-view']>]], 'path': 'favicon.ico'}

During handling of the above exception, another exception occurred:

Traceback (most recent call last):
  File "C:\Users\mjjimenezd\Desktop\repositorios\e-inventory\venv\Lib\site-packages\django\template\base.py", line 883, in _resolve_lookup
    current = current[bit]
              ~~~~~~~^^^^^
TypeError: 'URLResolver' object is not subscriptable

During handling of the above exception, another exception occurred:

Traceback (most recent call last):
  File "C:\Users\mjjimenezd\Desktop\repositorios\e-inventory\venv\Lib\site-packages\django\template\base.py", line 893, in _resolve_lookup
    current = getattr(current, bit)
AttributeError: 'URLResolver' object has no attribute 'name'

During handling of the above exception, another exception occurred:

Traceback (most recent call last):
  File "C:\Users\mjjimenezd\Desktop\repositorios\e-inventory\venv\Lib\site-packages\django\template\base.py", line 899, in _resolve_lookup
    current = current[int(bit)]
                      ~~~^^^^^
ValueError: invalid literal for int() with base 10: 'name'

During handling of the above exception, another exception occurred:

Traceback (most recent call last):
  File "C:\Users\mjjimenezd\Desktop\repositorios\e-inventory\venv\Lib\site-packages\django\template\base.py", line 906, in _resolve_lookup
    raise VariableDoesNotExist(
    ^^^^^^^^^^^^^^^^^^^^^^^^^^^
    ...<2 lines>...
    )  # missing attribute
    ^
django.template.base.VariableDoesNotExist: Failed lookup for key [name] in <URLResolver <URLPattern list> (None:None) 'api/'>
"GET /favicon.ico HTTP/1.1" 404 6369
File C:\Users\mjjimenezd\Desktop\repositorios\e-inventory\venv\Lib\site-packages\django\contrib\messages\storage\cookie.py first seen with mtime 1742501783.0629413
File C:\Users\mjjimenezd\Desktop\repositorios\e-inventory\venv\Lib\site-packages\django\contrib\sessions\serializers.py first seen with mtime 1742501784.123345
File C:\Users\mjjimenezd\Desktop\repositorios\e-inventory\venv\Lib\site-packages\django\contrib\messages\storage\session.py first seen with mtime 1742501783.066931
File C:\Users\mjjimenezd\Desktop\repositorios\e-inventory\venv\Lib\site-packages\django\contrib\messages\storage\fallback.py first seen with mtime 1742501783.0649362
Exception while resolving variable 'name' in template 'unknown'.
Traceback (most recent call last):
  File "C:\Users\mjjimenezd\Desktop\repositorios\e-inventory\venv\Lib\site-packages\django\core\handlers\exception.py", line 55, in inner
    response = get_response(request)
  File "C:\Users\mjjimenezd\Desktop\repositorios\e-inventory\venv\Lib\site-packages\django\core\handlers\base.py", line 181, in _get_response
    callback, callback_args, callback_kwargs = self.resolve_request(request)
                                               ~~~~~~~~~~~~~~~~~~~~^^^^^^^^^
  File "C:\Users\mjjimenezd\Desktop\repositorios\e-inventory\venv\Lib\site-packages\django\core\handlers\base.py", line 313, in resolve_request
    resolver_match = resolver.resolve(request.path_info)
  File "C:\Users\mjjimenezd\Desktop\repositorios\e-inventory\venv\Lib\site-packages\django\urls\resolvers.py", line 705, in resolve
    raise Resolver404({"tried": tried, "path": new_path})
django.urls.exceptions.Resolver404: {'tried': [[<URLResolver <URLPattern list> (admin:admin) 'admin/'>], [<URLPattern 'api/dashboard/' [name='dashboard-data']>], [<URLPattern 'api/login/' [name='login']>], [<URLPattern 'api/register/' [name='register_user_view']>], [<URLPattern 'api/editusuarios/<int:user_id>/' [name='edit_user_view']>], [<URLPattern 'api/dusuarios/<int:user_id>/' [name='get_user_detail_view']>], [<URLPattern 'api/validate-token/' [name='validate_token']>], [<URLPattern 'api/datos-protegidos/' [name='obtener_datos_protegidos']>], [<URLPattern 'api/activarusuarios/<int:user_id>/' [name='activate_user_view']>], [<URLPattern 'api/deusuarios/<int:user_id>/' [name='deactivate_user_view']>], [<URLPattern 'api/reset-password-request/' [name='reset_password_request']>], [<URLPattern 'api/reset-password/' [name='reset_password']>], [<URLPattern 'api/sede/' [name='get_sedes_view']>], [<URLPattern 'api/sedes/' [name='sede_view']>], [<URLPattern 'api/sedes/<int:sede_id>/' [name='sede_detail_view']>], [<URLPattern 'api/dispositivos/' [name='dispositivo_view']>], [<URLPattern 'api/dispositivos/<int:dispositivo_id>/' [name='dispositivo_view']>], [<URLPattern 'api/servicios/' [name='servicios_view']>], [<URLPattern 'api/servicios/<int:servicio_id>/' [name='servicio_detail_view']>], [<URLPattern 'api/usuarios/' [name='get_users_view']>], [<URLPattern 'api/usuarios/<int:user_id>/' [name='user_detail']>], [<URLResolver <URLPattern list> (None:None) 'api/'>], [<URLPattern 'api/posiciones/' [name='posicion-view']>]], 'path': 'admin'}

During handling of the above exception, another exception occurred:

Traceback (most recent call last):
  File "C:\Users\mjjimenezd\Desktop\repositorios\e-inventory\venv\Lib\site-packages\django\template\base.py", line 883, in _resolve_lookup
    current = current[bit]
              ~~~~~~~^^^^^
TypeError: 'URLResolver' object is not subscriptable

During handling of the above exception, another exception occurred:

Traceback (most recent call last):
  File "C:\Users\mjjimenezd\Desktop\repositorios\e-inventory\venv\Lib\site-packages\django\template\base.py", line 893, in _resolve_lookup
    current = getattr(current, bit)
AttributeError: 'URLResolver' object has no attribute 'name'

During handling of the above exception, another exception occurred:

Traceback (most recent call last):
  File "C:\Users\mjjimenezd\Desktop\repositorios\e-inventory\venv\Lib\site-packages\django\template\base.py", line 899, in _resolve_lookup
    current = current[int(bit)]
                      ~~~^^^^^
ValueError: invalid literal for int() with base 10: 'name'

During handling of the above exception, another exception occurred:

Traceback (most recent call last):
  File "C:\Users\mjjimenezd\Desktop\repositorios\e-inventory\venv\Lib\site-packages\django\template\base.py", line 906, in _resolve_lookup
    raise VariableDoesNotExist(
    ^^^^^^^^^^^^^^^^^^^^^^^^^^^
    ...<2 lines>...
    )  # missing attribute
    ^
django.template.base.VariableDoesNotExist: Failed lookup for key [name] in <URLResolver <URLPattern list> (admin:admin) 'admin/'>
Exception while resolving variable 'name' in template 'unknown'.
Traceback (most recent call last):
  File "C:\Users\mjjimenezd\Desktop\repositorios\e-inventory\venv\Lib\site-packages\django\core\handlers\exception.py", line 55, in inner
    response = get_response(request)
  File "C:\Users\mjjimenezd\Desktop\repositorios\e-inventory\venv\Lib\site-packages\django\core\handlers\base.py", line 181, in _get_response
    callback, callback_args, callback_kwargs = self.resolve_request(request)
                                               ~~~~~~~~~~~~~~~~~~~~^^^^^^^^^
  File "C:\Users\mjjimenezd\Desktop\repositorios\e-inventory\venv\Lib\site-packages\django\core\handlers\base.py", line 313, in resolve_request
    resolver_match = resolver.resolve(request.path_info)
  File "C:\Users\mjjimenezd\Desktop\repositorios\e-inventory\venv\Lib\site-packages\django\urls\resolvers.py", line 705, in resolve
    raise Resolver404({"tried": tried, "path": new_path})
django.urls.exceptions.Resolver404: {'tried': [[<URLResolver <URLPattern list> (admin:admin) 'admin/'>], [<URLPattern 'api/dashboard/' [name='dashboard-data']>], [<URLPattern 'api/login/' [name='login']>], [<URLPattern 'api/register/' [name='register_user_view']>], [<URLPattern 'api/editusuarios/<int:user_id>/' [name='edit_user_view']>], [<URLPattern 'api/dusuarios/<int:user_id>/' [name='get_user_detail_view']>], [<URLPattern 'api/validate-token/' [name='validate_token']>], [<URLPattern 'api/datos-protegidos/' [name='obtener_datos_protegidos']>], [<URLPattern 'api/activarusuarios/<int:user_id>/' [name='activate_user_view']>], [<URLPattern 'api/deusuarios/<int:user_id>/' [name='deactivate_user_view']>], [<URLPattern 'api/reset-password-request/' [name='reset_password_request']>], [<URLPattern 'api/reset-password/' [name='reset_password']>], [<URLPattern 'api/sede/' [name='get_sedes_view']>], [<URLPattern 'api/sedes/' [name='sede_view']>], [<URLPattern 'api/sedes/<int:sede_id>/' [name='sede_detail_view']>], [<URLPattern 'api/dispositivos/' [name='dispositivo_view']>], [<URLPattern 'api/dispositivos/<int:dispositivo_id>/' [name='dispositivo_view']>], [<URLPattern 'api/servicios/' [name='servicios_view']>], [<URLPattern 'api/servicios/<int:servicio_id>/' [name='servicio_detail_view']>], [<URLPattern 'api/usuarios/' [name='get_users_view']>], [<URLPattern 'api/usuarios/<int:user_id>/' [name='user_detail']>], [<URLResolver <URLPattern list> (None:None) 'api/'>], [<URLPattern 'api/posiciones/' [name='posicion-view']>]], 'path': 'admin'}

During handling of the above exception, another exception occurred:

Traceback (most recent call last):
  File "C:\Users\mjjimenezd\Desktop\repositorios\e-inventory\venv\Lib\site-packages\django\template\base.py", line 883, in _resolve_lookup
    current = current[bit]
              ~~~~~~~^^^^^
TypeError: 'URLResolver' object is not subscriptable

During handling of the above exception, another exception occurred:

Traceback (most recent call last):
  File "C:\Users\mjjimenezd\Desktop\repositorios\e-inventory\venv\Lib\site-packages\django\template\base.py", line 893, in _resolve_lookup
    current = getattr(current, bit)
AttributeError: 'URLResolver' object has no attribute 'name'

During handling of the above exception, another exception occurred:

Traceback (most recent call last):
  File "C:\Users\mjjimenezd\Desktop\repositorios\e-inventory\venv\Lib\site-packages\django\template\base.py", line 899, in _resolve_lookup
    current = current[int(bit)]
                      ~~~^^^^^
ValueError: invalid literal for int() with base 10: 'name'

During handling of the above exception, another exception occurred:

Traceback (most recent call last):
  File "C:\Users\mjjimenezd\Desktop\repositorios\e-inventory\venv\Lib\site-packages\django\template\base.py", line 906, in _resolve_lookup
    raise VariableDoesNotExist(
    ^^^^^^^^^^^^^^^^^^^^^^^^^^^
    ...<2 lines>...
    )  # missing attribute
    ^
django.template.base.VariableDoesNotExist: Failed lookup for key [name] in <URLResolver <URLPattern list> (None:None) 'api/'>
"GET /admin HTTP/1.1" 301 0
"GET /admin/ HTTP/1.1" 302 0
"GET /admin/login/?next=/admin/ HTTP/1.1" 200 4223
"GET /static/admin/css/base.css HTTP/1.1" 304 0
"GET /static/admin/css/dark_mode.css HTTP/1.1" 304 0
"GET /static/admin/css/nav_sidebar.css HTTP/1.1" 304 0
"GET /static/admin/css/login.css HTTP/1.1" 304 0
"GET /static/admin/css/responsive.css HTTP/1.1" 304 0
"GET /static/admin/js/nav_sidebar.js HTTP/1.1" 304 0
"GET /static/admin/js/theme.js HTTP/1.1" 304 0
File C:\Users\mjjimenezd\Desktop\repositorios\e-inventory\venv\Lib\site-packages\django\template\context_processors.py first seen with mtime 1742501785.9058614
File C:\Users\mjjimenezd\Desktop\repositorios\e-inventory\venv\Lib\site-packages\django\contrib\auth\context_processors.py first seen with mtime 1742501780.242748
File C:\Users\mjjimenezd\Desktop\repositorios\e-inventory\venv\Lib\site-packages\django\contrib\admin\forms.py first seen with mtime 1742501778.0068936
File C:\Users\mjjimenezd\Desktop\repositorios\e-inventory\venv\Lib\site-packages\django\contrib\messages\context_processors.py first seen with mtime 1742501783.0472736
File C:\Python313\Lib\importlib\resources\_adapters.py first seen with mtime 1733255848.0
File C:\Users\mjjimenezd\Desktop\repositorios\e-inventory\venv\Lib\site-packages\django\conf\locale\es\__init__.py first seen with mtime 1742501777.15894
File C:\Python313\Lib\importlib\resources\_itertools.py first seen with mtime 1733255848.0
File C:\Users\mjjimenezd\Desktop\repositorios\e-inventory\venv\Lib\site-packages\django\contrib\staticfiles\storage.py first seen with mtime 1742501785.1407938
File C:\Python313\Lib\importlib\resources\readers.py first seen with mtime 1733255848.0
File C:\Users\mjjimenezd\Desktop\repositorios\e-inventory\venv\Lib\site-packages\tzdata\zoneinfo\__init__.py first seen with mtime 1742501775.3905911
File C:\Users\mjjimenezd\Desktop\repositorios\e-inventory\venv\Lib\site-packages\tzdata\__init__.py first seen with mtime 1742501775.3107417
File C:\Users\mjjimenezd\Desktop\repositorios\e-inventory\venv\Lib\site-packages\django\conf\locale\es\formats.py first seen with mtime 1742501777.1609342
File C:\Python313\Lib\importlib\readers.py first seen with mtime 1733255848.0
(0.004) SELECT "dispositivos_roluser"."id", "dispositivos_roluser"."password", "dispositivos_roluser"."last_login", "dispositivos_roluser"."is_superuser", "dispositivos_roluser"."username", "dispositivos_roluser"."first_name", "dispositivos_roluser"."last_name", "dispositivos_roluser"."is_staff", "dispositivos_roluser"."is_active", "dispositivos_roluser"."date_joined", "dispositivos_roluser"."rol", "dispositivos_roluser"."nombre", "dispositivos_roluser"."celular", "dispositivos_roluser"."documento", "dispositivos_roluser"."email" FROM "dispositivos_roluser" WHERE "dispositivos_roluser"."username" = 'johan' LIMIT 21; args=('johan',); alias=default
(0.001) SELECT 1 AS "a" FROM "django_session" WHERE "django_session"."session_key" = '7za6b5zxfxwqwfhue7t1pc187dhiq20q' LIMIT 1; args=(1, '7za6b5zxfxwqwfhue7t1pc187dhiq20q'); alias=default
(0.000) BEGIN; args=None; alias=default
(0.003) INSERT INTO "django_session" ("session_key", "session_data", "expire_date") VALUES ('7za6b5zxfxwqwfhue7t1pc187dhiq20q', 'e30:1tvNqp:OUNRZAIDAqC8chHq2A4jvRTMpXWpiEazNhkp2hiAfN8', '2025-03-20T21:59:55.866057+00:00'::timestamptz); args=('7za6b5zxfxwqwfhue7t1pc187dhiq20q', 'e30:1tvNqp:OUNRZAIDAqC8chHq2A4jvRTMpXWpiEazNhkp2hiAfN8', datetime.datetime(2025, 3, 20, 21, 59, 55, 866057, tzinfo=datetime.timezone.utc)); alias=default
(0.001) COMMIT; args=None; alias=default
(0.000) SELECT 1 AS "a" FROM "dispositivos_roluser" WHERE ("dispositivos_roluser"."username" = 'johan' AND NOT ("dispositivos_roluser"."id" = 2)) LIMIT 1; args=(1, 'johan', 2); alias=default
(0.000) SELECT 1 AS "a" FROM "dispositivos_roluser" WHERE ("dispositivos_roluser"."documento" = '1106770339' AND NOT ("dispositivos_roluser"."id" = 2)) LIMIT 1; args=(1, '1106770339', 2); alias=default
(0.000) SELECT 1 AS "a" FROM "dispositivos_roluser" WHERE ("dispositivos_roluser"."email" = 'chatgptprograming@outlook.com' AND NOT ("dispositivos_roluser"."id" = 2)) LIMIT 1; args=(1, 'chatgptprograming@outlook.com', 2); alias=default
(0.002) UPDATE "dispositivos_roluser" SET "last_login" = '2025-03-20T21:54:55.870761+00:00'::timestamptz WHERE "dispositivos_roluser"."id" = 2; args=(datetime.datetime(2025, 3, 20, 21, 54, 55, 870761, tzinfo=datetime.timezone.utc), 2); alias=default
(0.000) BEGIN; args=None; alias=default
(0.000) UPDATE "django_session" SET "session_data" = '.eJxVjDsOwjAQBe_iGlnY618o6XMGa9de4wBypDipEHeHSCmgfTPzXiLitta4dV7ilMVFaHH63QjTg9sO8h3bbZZpbusykdwVedAuxznz83q4fwcVe_3WbEDZ4krSUDxa5mStxuzpTOh80s4bS6RMDhyGDBQKaHDFk2NlYGDx_gD4nDg_:1tvNqp:ptkk2ypL1V1cTNIM4Qbg8o1RI4ocVPWXEyDK4qvBm_g', "expire_date" = '2025-03-20T21:59:55.878561+00:00'::timestamptz WHERE "django_session"."session_key" = '7za6b5zxfxwqwfhue7t1pc187dhiq20q'; args=('.eJxVjDsOwjAQBe_iGlnY618o6XMGa9de4wBypDipEHeHSCmgfTPzXiLitta4dV7ilMVFaHH63QjTg9sO8h3bbZZpbusykdwVedAuxznz83q4fwcVe_3WbEDZ4krSUDxa5mStxuzpTOh80s4bS6RMDhyGDBQKaHDFk2NlYGDx_gD4nDg_:1tvNqp:ptkk2ypL1V1cTNIM4Qbg8o1RI4ocVPWXEyDK4qvBm_g', datetime.datetime(2025, 3, 20, 21, 59, 55, 878561, tzinfo=datetime.timezone.utc), '7za6b5zxfxwqwfhue7t1pc187dhiq20q'); alias=default
(0.000) COMMIT; args=None; alias=default
"POST /admin/login/?next=/admin/ HTTP/1.1" 302 0
(0.002) SELECT "django_session"."session_key", "django_session"."session_data", "django_session"."expire_date" FROM "django_session" WHERE ("django_session"."expire_date" > '2025-03-20T21:54:55.888023+00:00'::timestamptz AND "django_session"."session_key" = '7za6b5zxfxwqwfhue7t1pc187dhiq20q') LIMIT 21; args=(datetime.datetime(2025, 3, 20, 21, 54, 55, 888023, tzinfo=datetime.timezone.utc), '7za6b5zxfxwqwfhue7t1pc187dhiq20q'); alias=default
(0.002) SELECT "dispositivos_roluser"."id", "dispositivos_roluser"."password", "dispositivos_roluser"."last_login", "dispositivos_roluser"."is_superuser", "dispositivos_roluser"."username", "dispositivos_roluser"."first_name", "dispositivos_roluser"."last_name", "dispositivos_roluser"."is_staff", "dispositivos_roluser"."is_active", "dispositivos_roluser"."date_joined", "dispositivos_roluser"."rol", "dispositivos_roluser"."nombre", "dispositivos_roluser"."celular", "dispositivos_roluser"."documento", "dispositivos_roluser"."email" FROM "dispositivos_roluser" WHERE "dispositivos_roluser"."id" = 2 LIMIT 21; args=(2,); alias=default
(0.004) SELECT "django_admin_log"."id", "django_admin_log"."action_time", "django_admin_log"."user_id", "django_admin_log"."content_type_id", "django_admin_log"."object_id", "django_admin_log"."object_repr", "django_admin_log"."action_flag", "django_admin_log"."change_message", "dispositivos_roluser"."id", "dispositivos_roluser"."password", "dispositivos_roluser"."last_login", "dispositivos_roluser"."is_superuser", "dispositivos_roluser"."username", "dispositivos_roluser"."first_name", "dispositivos_roluser"."last_name", "dispositivos_roluser"."is_staff", "dispositivos_roluser"."is_active", "dispositivos_roluser"."date_joined", "dispositivos_roluser"."rol", "dispositivos_roluser"."nombre", "dispositivos_roluser"."celular", "dispositivos_roluser"."documento", "dispositivos_roluser"."email", "django_content_type"."id", "django_content_type"."app_label", "django_content_type"."model" FROM "django_admin_log" INNER JOIN "dispositivos_roluser" ON ("django_admin_log"."user_id" = "dispositivos_roluser"."id") LEFT OUTER JOIN "django_content_type" ON ("django_admin_log"."content_type_id" = "django_content_type"."id") WHERE "django_admin_log"."user_id" = 2 ORDER BY "django_admin_log"."action_time" DESC LIMIT 10; args=(2,); alias=default
(0.000) BEGIN; args=None; alias=default
(0.003) UPDATE "django_session" SET "session_data" = '.eJxVjDsOwjAQBe_iGlnY618o6XMGa9de4wBypDipEHeHSCmgfTPzXiLitta4dV7ilMVFaHH63QjTg9sO8h3bbZZpbusykdwVedAuxznz83q4fwcVe_3WbEDZ4krSUDxa5mStxuzpTOh80s4bS6RMDhyGDBQKaHDFk2NlYGDx_gD4nDg_:1tvNqp:ptkk2ypL1V1cTNIM4Qbg8o1RI4ocVPWXEyDK4qvBm_g', "expire_date" = '2025-03-20T21:59:55.999580+00:00'::timestamptz WHERE "django_session"."session_key" = '7za6b5zxfxwqwfhue7t1pc187dhiq20q'; args=('.eJxVjDsOwjAQBe_iGlnY618o6XMGa9de4wBypDipEHeHSCmgfTPzXiLitta4dV7ilMVFaHH63QjTg9sO8h3bbZZpbusykdwVedAuxznz83q4fwcVe_3WbEDZ4krSUDxa5mStxuzpTOh80s4bS6RMDhyGDBQKaHDFk2NlYGDx_gD4nDg_:1tvNqp:ptkk2ypL1V1cTNIM4Qbg8o1RI4ocVPWXEyDK4qvBm_g', datetime.datetime(2025, 3, 20, 21, 59, 55, 999580, tzinfo=datetime.timezone.utc), '7za6b5zxfxwqwfhue7t1pc187dhiq20q'); alias=default
(0.000) COMMIT; args=None; alias=default
"GET /admin/ HTTP/1.1" 200 14056
"GET /static/admin/css/dashboard.css HTTP/1.1" 304 0
"GET /static/admin/img/icon-addlink.svg HTTP/1.1" 304 0
"GET /static/admin/img/icon-changelink.svg HTTP/1.1" 304 0
(0.002) SELECT "django_session"."session_key", "django_session"."session_data", "django_session"."expire_date" FROM "django_session" WHERE ("django_session"."expire_date" > '2025-03-20T21:54:57.517014+00:00'::timestamptz AND "django_session"."session_key" = '7za6b5zxfxwqwfhue7t1pc187dhiq20q') LIMIT 21; args=(datetime.datetime(2025, 3, 20, 21, 54, 57, 517014, tzinfo=datetime.timezone.utc), '7za6b5zxfxwqwfhue7t1pc187dhiq20q'); alias=default
(0.002) SELECT "dispositivos_roluser"."id", "dispositivos_roluser"."password", "dispositivos_roluser"."last_login", "dispositivos_roluser"."is_superuser", "dispositivos_roluser"."username", "dispositivos_roluser"."first_name", "dispositivos_roluser"."last_name", "dispositivos_roluser"."is_staff", "dispositivos_roluser"."is_active", "dispositivos_roluser"."date_joined", "dispositivos_roluser"."rol", "dispositivos_roluser"."nombre", "dispositivos_roluser"."celular", "dispositivos_roluser"."documento", "dispositivos_roluser"."email" FROM "dispositivos_roluser" WHERE "dispositivos_roluser"."id" = 2 LIMIT 21; args=(2,); alias=default
(0.002) SELECT COUNT(*) AS "__count" FROM "dispositivos_movimiento"; args=(); alias=default
(0.000) SELECT COUNT(*) AS "__count" FROM "dispositivos_movimiento"; args=(); alias=default
(0.005) SELECT "dispositivos_movimiento"."id", "dispositivos_movimiento"."dispositivo_id", "dispositivos_movimiento"."encargado_id", "dispositivos_movimiento"."fecha_movimiento", "dispositivos_movimiento"."ubicacion_origen", "dispositivos_movimiento"."ubicacion_destino", "dispositivos_movimiento"."observacion", "dispositivos_dispositivo"."id", "dispositivos_dispositivo"."tipo", "dispositivos_dispositivo"."estado", "dispositivos_dispositivo"."marca", "dispositivos_dispositivo"."razon_social", "dispositivos_dispositivo"."regimen", "dispositivos_dispositivo"."modelo", "dispositivos_dispositivo"."serial", "dispositivos_dispositivo"."placa_cu", "dispositivos_dispositivo"."servicio_id", "dispositivos_dispositivo"."piso", "dispositivos_dispositivo"."estado_propiedad", "dispositivos_dispositivo"."posicion_id", "dispositivos_dispositivo"."sede_id", "dispositivos_dispositivo"."tipo_disco_duro", "dispositivos_dispositivo"."capacidad_disco_duro", "dispositivos_dispositivo"."tipo_memoria_ram", "dispositivos_dispositivo"."capacidad_memoria_ram", "dispositivos_dispositivo"."ubicacion", "dispositivos_dispositivo"."proveedor", "dispositivos_dispositivo"."sistema_operativo", "dispositivos_dispositivo"."procesador", "dispositivos_dispositivo"."usuario_asignado_id", "dispositivos_dispositivo"."disponible" FROM "dispositivos_movimiento" INNER JOIN "dispositivos_dispositivo" ON ("dispositivos_movimiento"."dispositivo_id" = "dispositivos_dispositivo"."id") ORDER BY "dispositivos_movimiento"."id" DESC; args=(); alias=default
(0.001) SELECT MIN("dispositivos_movimiento"."fecha_movimiento") AS "first", MAX("dispositivos_movimiento"."fecha_movimiento") AS "last" FROM "dispositivos_movimiento"; args=(); alias=default
(0.001) SELECT DISTINCT DATE_TRUNC('year', "dispositivos_movimiento"."fecha_movimiento" AT TIME ZONE 'UTC') AS "datetimefield" FROM "dispositivos_movimiento" WHERE "dispositivos_movimiento"."fecha_movimiento" IS NOT NULL ORDER BY 1 ASC; args=('year', 'UTC'); alias=default
(0.000) BEGIN; args=None; alias=default
(0.001) UPDATE "django_session" SET "session_data" = '.eJxVjDsOwjAQBe_iGlnY618o6XMGa9de4wBypDipEHeHSCmgfTPzXiLitta4dV7ilMVFaHH63QjTg9sO8h3bbZZpbusykdwVedAuxznz83q4fwcVe_3WbEDZ4krSUDxa5mStxuzpTOh80s4bS6RMDhyGDBQKaHDFk2NlYGDx_gD4nDg_:1tvNqr:87PgrEDCA9Kkv9icgO3CZ9IKby6bddUHzHiBqZ3OBEg', "expire_date" = '2025-03-20T21:59:57.640716+00:00'::timestamptz WHERE "django_session"."session_key" = '7za6b5zxfxwqwfhue7t1pc187dhiq20q'; args=('.eJxVjDsOwjAQBe_iGlnY618o6XMGa9de4wBypDipEHeHSCmgfTPzXiLitta4dV7ilMVFaHH63QjTg9sO8h3bbZZpbusykdwVedAuxznz83q4fwcVe_3WbEDZ4krSUDxa5mStxuzpTOh80s4bS6RMDhyGDBQKaHDFk2NlYGDx_gD4nDg_:1tvNqr:87PgrEDCA9Kkv9icgO3CZ9IKby6bddUHzHiBqZ3OBEg', datetime.datetime(2025, 3, 20, 21, 59, 57, 640716, tzinfo=datetime.timezone.utc), '7za6b5zxfxwqwfhue7t1pc187dhiq20q'); alias=default
(0.001) COMMIT; args=None; alias=default
"GET /admin/dispositivos/movimiento/ HTTP/1.1" 200 13662
"GET /static/admin/js/admin/RelatedObjectLookups.js HTTP/1.1" 304 0
"GET /static/admin/js/core.js HTTP/1.1" 304 0
"GET /static/admin/js/jquery.init.js HTTP/1.1" 304 0
"GET /static/admin/css/changelists.css HTTP/1.1" 304 0
"GET /static/admin/js/vendor/jquery/jquery.js HTTP/1.1" 304 0
"GET /static/admin/js/actions.js HTTP/1.1" 304 0
"GET /static/admin/js/urlify.js HTTP/1.1" 304 0
"GET /static/admin/js/prepopulate.js HTTP/1.1" 304 0
"GET /static/admin/js/vendor/xregexp/xregexp.js HTTP/1.1" 304 0
"GET /static/admin/img/search.svg HTTP/1.1" 304 0
"GET /static/admin/js/filters.js HTTP/1.1" 304 0
(0.002) SELECT "django_session"."session_key", "django_session"."session_data", "django_session"."expire_date" FROM "django_session" WHERE ("django_session"."expire_date" > '2025-03-20T21:54:57.661353+00:00'::timestamptz AND "django_session"."session_key" = '7za6b5zxfxwqwfhue7t1pc187dhiq20q') LIMIT 21; args=(datetime.datetime(2025, 3, 20, 21, 54, 57, 661353, tzinfo=datetime.timezone.utc), '7za6b5zxfxwqwfhue7t1pc187dhiq20q'); alias=default
(0.002) SELECT "dispositivos_roluser"."id", "dispositivos_roluser"."password", "dispositivos_roluser"."last_login", "dispositivos_roluser"."is_superuser", "dispositivos_roluser"."username", "dispositivos_roluser"."first_name", "dispositivos_roluser"."last_name", "dispositivos_roluser"."is_staff", "dispositivos_roluser"."is_active", "dispositivos_roluser"."date_joined", "dispositivos_roluser"."rol", "dispositivos_roluser"."nombre", "dispositivos_roluser"."celular", "dispositivos_roluser"."documento", "dispositivos_roluser"."email" FROM "dispositivos_roluser" WHERE "dispositivos_roluser"."id" = 2 LIMIT 21; args=(2,); alias=default
(0.000) BEGIN; args=None; alias=default
(0.001) UPDATE "django_session" SET "session_data" = '.eJxVjDsOwjAQBe_iGlnY618o6XMGa9de4wBypDipEHeHSCmgfTPzXiLitta4dV7ilMVFaHH63QjTg9sO8h3bbZZpbusykdwVedAuxznz83q4fwcVe_3WbEDZ4krSUDxa5mStxuzpTOh80s4bS6RMDhyGDBQKaHDFk2NlYGDx_gD4nDg_:1tvNqr:87PgrEDCA9Kkv9icgO3CZ9IKby6bddUHzHiBqZ3OBEg', "expire_date" = '2025-03-20T21:59:57.785861+00:00'::timestamptz WHERE "django_session"."session_key" = '7za6b5zxfxwqwfhue7t1pc187dhiq20q'; args=('.eJxVjDsOwjAQBe_iGlnY618o6XMGa9de4wBypDipEHeHSCmgfTPzXiLitta4dV7ilMVFaHH63QjTg9sO8h3bbZZpbusykdwVedAuxznz83q4fwcVe_3WbEDZ4krSUDxa5mStxuzpTOh80s4bS6RMDhyGDBQKaHDFk2NlYGDx_gD4nDg_:1tvNqr:87PgrEDCA9Kkv9icgO3CZ9IKby6bddUHzHiBqZ3OBEg', datetime.datetime(2025, 3, 20, 21, 59, 57, 785861, tzinfo=datetime.timezone.utc), '7za6b5zxfxwqwfhue7t1pc187dhiq20q'); alias=default
(0.001) COMMIT; args=None; alias=default
"GET /admin/jsi18n/ HTTP/1.1" 200 8691
"GET /static/admin/img/tooltag-add.svg HTTP/1.1" 304 0
"GET /static/admin/img/icon-viewlink.svg HTTP/1.1" 304 0
(0.002) SELECT "django_session"."session_key", "django_session"."session_data", "django_session"."expire_date" FROM "django_session" WHERE ("django_session"."expire_date" > '2025-03-20T21:54:58.751130+00:00'::timestamptz AND "django_session"."session_key" = '7za6b5zxfxwqwfhue7t1pc187dhiq20q') LIMIT 21; args=(datetime.datetime(2025, 3, 20, 21, 54, 58, 751130, tzinfo=datetime.timezone.utc), '7za6b5zxfxwqwfhue7t1pc187dhiq20q'); alias=default
(0.002) SELECT "dispositivos_roluser"."id", "dispositivos_roluser"."password", "dispositivos_roluser"."last_login", "dispositivos_roluser"."is_superuser", "dispositivos_roluser"."username", "dispositivos_roluser"."first_name", "dispositivos_roluser"."last_name", "dispositivos_roluser"."is_staff", "dispositivos_roluser"."is_active", "dispositivos_roluser"."date_joined", "dispositivos_roluser"."rol", "dispositivos_roluser"."nombre", "dispositivos_roluser"."celular", "dispositivos_roluser"."documento", "dispositivos_roluser"."email" FROM "dispositivos_roluser" WHERE "dispositivos_roluser"."id" = 2 LIMIT 21; args=(2,); alias=default
(0.002) SELECT "django_admin_log"."id", "django_admin_log"."action_time", "django_admin_log"."user_id", "django_admin_log"."content_type_id", "django_admin_log"."object_id", "django_admin_log"."object_repr", "django_admin_log"."action_flag", "django_admin_log"."change_message", "dispositivos_roluser"."id", "dispositivos_roluser"."password", "dispositivos_roluser"."last_login", "dispositivos_roluser"."is_superuser", "dispositivos_roluser"."username", "dispositivos_roluser"."first_name", "dispositivos_roluser"."last_name", "dispositivos_roluser"."is_staff", "dispositivos_roluser"."is_active", "dispositivos_roluser"."date_joined", "dispositivos_roluser"."rol", "dispositivos_roluser"."nombre", "dispositivos_roluser"."celular", "dispositivos_roluser"."documento", "dispositivos_roluser"."email", "django_content_type"."id", "django_content_type"."app_label", "django_content_type"."model" FROM "django_admin_log" INNER JOIN "dispositivos_roluser" ON ("django_admin_log"."user_id" = "dispositivos_roluser"."id") LEFT OUTER JOIN "django_content_type" ON ("django_admin_log"."content_type_id" = "django_content_type"."id") WHERE "django_admin_log"."user_id" = 2 ORDER BY "django_admin_log"."action_time" DESC LIMIT 10; args=(2,); alias=default
(0.000) BEGIN; args=None; alias=default
(0.001) UPDATE "django_session" SET "session_data" = '.eJxVjDsOwjAQBe_iGlnY618o6XMGa9de4wBypDipEHeHSCmgfTPzXiLitta4dV7ilMVFaHH63QjTg9sO8h3bbZZpbusykdwVedAuxznz83q4fwcVe_3WbEDZ4krSUDxa5mStxuzpTOh80s4bS6RMDhyGDBQKaHDFk2NlYGDx_gD4nDg_:1tvNqs:1ENPVoc7l7BqejVYFV2ma1Vt1utQGYZnfDr-xuvp0PU', "expire_date" = '2025-03-20T21:59:58.866345+00:00'::timestamptz WHERE "django_session"."session_key" = '7za6b5zxfxwqwfhue7t1pc187dhiq20q'; args=('.eJxVjDsOwjAQBe_iGlnY618o6XMGa9de4wBypDipEHeHSCmgfTPzXiLitta4dV7ilMVFaHH63QjTg9sO8h3bbZZpbusykdwVedAuxznz83q4fwcVe_3WbEDZ4krSUDxa5mStxuzpTOh80s4bS6RMDhyGDBQKaHDFk2NlYGDx_gD4nDg_:1tvNqs:1ENPVoc7l7BqejVYFV2ma1Vt1utQGYZnfDr-xuvp0PU', datetime.datetime(2025, 3, 20, 21, 59, 58, 866345, tzinfo=datetime.timezone.utc), '7za6b5zxfxwqwfhue7t1pc187dhiq20q'); alias=default
(0.001) COMMIT; args=None; alias=default
"GET /admin/ HTTP/1.1" 200 14056
(0.002) SELECT "django_session"."session_key", "django_session"."session_data", "django_session"."expire_date" FROM "django_session" WHERE ("django_session"."expire_date" > '2025-03-20T21:54:59.629669+00:00'::timestamptz AND "django_session"."session_key" = '7za6b5zxfxwqwfhue7t1pc187dhiq20q') LIMIT 21; args=(datetime.datetime(2025, 3, 20, 21, 54, 59, 629669, tzinfo=datetime.timezone.utc), '7za6b5zxfxwqwfhue7t1pc187dhiq20q'); alias=default
(0.002) SELECT "dispositivos_roluser"."id", "dispositivos_roluser"."password", "dispositivos_roluser"."last_login", "dispositivos_roluser"."is_superuser", "dispositivos_roluser"."username", "dispositivos_roluser"."first_name", "dispositivos_roluser"."last_name", "dispositivos_roluser"."is_staff", "dispositivos_roluser"."is_active", "dispositivos_roluser"."date_joined", "dispositivos_roluser"."rol", "dispositivos_roluser"."nombre", "dispositivos_roluser"."celular", "dispositivos_roluser"."documento", "dispositivos_roluser"."email" FROM "dispositivos_roluser" WHERE "dispositivos_roluser"."id" = 2 LIMIT 21; args=(2,); alias=default
(0.002) SELECT COUNT(*) AS "__count" FROM "dispositivos_historial"; args=(); alias=default
(0.000) SELECT COUNT(*) AS "__count" FROM "dispositivos_historial"; args=(); alias=default
(0.004) SELECT "dispositivos_historial"."id", "dispositivos_historial"."dispositivo_id", "dispositivos_historial"."usuario_id", "dispositivos_historial"."fecha_modificacion", "dispositivos_historial"."cambios", "dispositivos_historial"."tipo_cambio", "dispositivos_dispositivo"."id", "dispositivos_dispositivo"."tipo", "dispositivos_dispositivo"."estado", "dispositivos_dispositivo"."marca", "dispositivos_dispositivo"."razon_social", "dispositivos_dispositivo"."regimen", "dispositivos_dispositivo"."modelo", "dispositivos_dispositivo"."serial", "dispositivos_dispositivo"."placa_cu", "dispositivos_dispositivo"."servicio_id", "dispositivos_dispositivo"."piso", "dispositivos_dispositivo"."estado_propiedad", "dispositivos_dispositivo"."posicion_id", "dispositivos_dispositivo"."sede_id", "dispositivos_dispositivo"."tipo_disco_duro", "dispositivos_dispositivo"."capacidad_disco_duro", "dispositivos_dispositivo"."tipo_memoria_ram", "dispositivos_dispositivo"."capacidad_memoria_ram", "dispositivos_dispositivo"."ubicacion", "dispositivos_dispositivo"."proveedor", "dispositivos_dispositivo"."sistema_operativo", "dispositivos_dispositivo"."procesador", "dispositivos_dispositivo"."usuario_asignado_id", "dispositivos_dispositivo"."disponible" FROM "dispositivos_historial" INNER JOIN "dispositivos_dispositivo" ON ("dispositivos_historial"."dispositivo_id" = "dispositivos_dispositivo"."id") ORDER BY "dispositivos_historial"."fecha_modificacion" DESC, "dispositivos_historial"."id" DESC; args=(); alias=default
(0.000) SELECT MIN("dispositivos_historial"."fecha_modificacion") AS "first", MAX("dispositivos_historial"."fecha_modificacion") AS "last" FROM "dispositivos_historial"; args=(); alias=default
(0.001) SELECT DISTINCT DATE_TRUNC('day', "dispositivos_historial"."fecha_modificacion" AT TIME ZONE 'UTC') AS "datetimefield" FROM "dispositivos_historial" WHERE "dispositivos_historial"."fecha_modificacion" IS NOT NULL ORDER BY 1 ASC; args=('day', 'UTC'); alias=default
(0.000) SELECT "dispositivos_roluser"."id", "dispositivos_roluser"."password", "dispositivos_roluser"."last_login", "dispositivos_roluser"."is_superuser", "dispositivos_roluser"."username", "dispositivos_roluser"."first_name", "dispositivos_roluser"."last_name", "dispositivos_roluser"."is_staff", "dispositivos_roluser"."is_active", "dispositivos_roluser"."date_joined", "dispositivos_roluser"."rol", "dispositivos_roluser"."nombre", "dispositivos_roluser"."celular", "dispositivos_roluser"."documento", "dispositivos_roluser"."email" FROM "dispositivos_roluser" WHERE "dispositivos_roluser"."id" = 1 LIMIT 21; args=(1,); alias=default
(0.000) SELECT "dispositivos_roluser"."id", "dispositivos_roluser"."password", "dispositivos_roluser"."last_login", "dispositivos_roluser"."is_superuser", "dispositivos_roluser"."username", "dispositivos_roluser"."first_name", "dispositivos_roluser"."last_name", "dispositivos_roluser"."is_staff", "dispositivos_roluser"."is_active", "dispositivos_roluser"."date_joined", "dispositivos_roluser"."rol", "dispositivos_roluser"."nombre", "dispositivos_roluser"."celular", "dispositivos_roluser"."documento", "dispositivos_roluser"."email" FROM "dispositivos_roluser" WHERE "dispositivos_roluser"."id" = 1 LIMIT 21; args=(1,); alias=default
(0.000) SELECT "dispositivos_roluser"."id", "dispositivos_roluser"."password", "dispositivos_roluser"."last_login", "dispositivos_roluser"."is_superuser", "dispositivos_roluser"."username", "dispositivos_roluser"."first_name", "dispositivos_roluser"."last_name", "dispositivos_roluser"."is_staff", "dispositivos_roluser"."is_active", "dispositivos_roluser"."date_joined", "dispositivos_roluser"."rol", "dispositivos_roluser"."nombre", "dispositivos_roluser"."celular", "dispositivos_roluser"."documento", "dispositivos_roluser"."email" FROM "dispositivos_roluser" WHERE "dispositivos_roluser"."id" = 1 LIMIT 21; args=(1,); alias=default
(0.000) BEGIN; args=None; alias=default
(0.001) UPDATE "django_session" SET "session_data" = '.eJxVjDsOwjAQBe_iGlnY618o6XMGa9de4wBypDipEHeHSCmgfTPzXiLitta4dV7ilMVFaHH63QjTg9sO8h3bbZZpbusykdwVedAuxznz83q4fwcVe_3WbEDZ4krSUDxa5mStxuzpTOh80s4bS6RMDhyGDBQKaHDFk2NlYGDx_gD4nDg_:1tvNqt:AJ68DnaKBb-dWCcsvgCWDwLFYuNH1BFGKA7OuZZXbBc', "expire_date" = '2025-03-20T21:59:59.755084+00:00'::timestamptz WHERE "django_session"."session_key" = '7za6b5zxfxwqwfhue7t1pc187dhiq20q'; args=('.eJxVjDsOwjAQBe_iGlnY618o6XMGa9de4wBypDipEHeHSCmgfTPzXiLitta4dV7ilMVFaHH63QjTg9sO8h3bbZZpbusykdwVedAuxznz83q4fwcVe_3WbEDZ4krSUDxa5mStxuzpTOh80s4bS6RMDhyGDBQKaHDFk2NlYGDx_gD4nDg_:1tvNqt:AJ68DnaKBb-dWCcsvgCWDwLFYuNH1BFGKA7OuZZXbBc', datetime.datetime(2025, 3, 20, 21, 59, 59, 755084, tzinfo=datetime.timezone.utc), '7za6b5zxfxwqwfhue7t1pc187dhiq20q'); alias=default
(0.001) COMMIT; args=None; alias=default
"GET /admin/dispositivos/historial/ HTTP/1.1" 200 17513
(0.002) SELECT "django_session"."session_key", "django_session"."session_data", "django_session"."expire_date" FROM "django_session" WHERE ("django_session"."expire_date" > '2025-03-20T21:54:59.774170+00:00'::timestamptz AND "django_session"."session_key" = '7za6b5zxfxwqwfhue7t1pc187dhiq20q') LIMIT 21; args=(datetime.datetime(2025, 3, 20, 21, 54, 59, 774170, tzinfo=datetime.timezone.utc), '7za6b5zxfxwqwfhue7t1pc187dhiq20q'); alias=default
(0.002) SELECT "dispositivos_roluser"."id", "dispositivos_roluser"."password", "dispositivos_roluser"."last_login", "dispositivos_roluser"."is_superuser", "dispositivos_roluser"."username", "dispositivos_roluser"."first_name", "dispositivos_roluser"."last_name", "dispositivos_roluser"."is_staff", "dispositivos_roluser"."is_active", "dispositivos_roluser"."date_joined", "dispositivos_roluser"."rol", "dispositivos_roluser"."nombre", "dispositivos_roluser"."celular", "dispositivos_roluser"."documento", "dispositivos_roluser"."email" FROM "dispositivos_roluser" WHERE "dispositivos_roluser"."id" = 2 LIMIT 21; args=(2,); alias=default
(0.000) BEGIN; args=None; alias=default
(0.001) UPDATE "django_session" SET "session_data" = '.eJxVjDsOwjAQBe_iGlnY618o6XMGa9de4wBypDipEHeHSCmgfTPzXiLitta4dV7ilMVFaHH63QjTg9sO8h3bbZZpbusykdwVedAuxznz83q4fwcVe_3WbEDZ4krSUDxa5mStxuzpTOh80s4bS6RMDhyGDBQKaHDFk2NlYGDx_gD4nDg_:1tvNqt:AJ68DnaKBb-dWCcsvgCWDwLFYuNH1BFGKA7OuZZXbBc', "expire_date" = '2025-03-20T21:59:59.874328+00:00'::timestamptz WHERE "django_session"."session_key" = '7za6b5zxfxwqwfhue7t1pc187dhiq20q'; args=('.eJxVjDsOwjAQBe_iGlnY618o6XMGa9de4wBypDipEHeHSCmgfTPzXiLitta4dV7ilMVFaHH63QjTg9sO8h3bbZZpbusykdwVedAuxznz83q4fwcVe_3WbEDZ4krSUDxa5mStxuzpTOh80s4bS6RMDhyGDBQKaHDFk2NlYGDx_gD4nDg_:1tvNqt:AJ68DnaKBb-dWCcsvgCWDwLFYuNH1BFGKA7OuZZXbBc', datetime.datetime(2025, 3, 20, 21, 59, 59, 874328, tzinfo=datetime.timezone.utc), '7za6b5zxfxwqwfhue7t1pc187dhiq20q'); alias=default
(0.001) COMMIT; args=None; alias=default
"GET /admin/jsi18n/ HTTP/1.1" 200 8691
"GET /static/admin/img/sorting-icons.svg HTTP/1.1" 304 0
(0.002) SELECT "django_session"."session_key", "django_session"."session_data", "django_session"."expire_date" FROM "django_session" WHERE ("django_session"."expire_date" > '2025-03-20T21:55:06.479613+00:00'::timestamptz AND "django_session"."session_key" = '7za6b5zxfxwqwfhue7t1pc187dhiq20q') LIMIT 21; args=(datetime.datetime(2025, 3, 20, 21, 55, 6, 479613, tzinfo=datetime.timezone.utc), '7za6b5zxfxwqwfhue7t1pc187dhiq20q'); alias=default
(0.002) SELECT "dispositivos_roluser"."id", "dispositivos_roluser"."password", "dispositivos_roluser"."last_login", "dispositivos_roluser"."is_superuser", "dispositivos_roluser"."username", "dispositivos_roluser"."first_name", "dispositivos_roluser"."last_name", "dispositivos_roluser"."is_staff", "dispositivos_roluser"."is_active", "dispositivos_roluser"."date_joined", "dispositivos_roluser"."rol", "dispositivos_roluser"."nombre", "dispositivos_roluser"."celular", "dispositivos_roluser"."documento", "dispositivos_roluser"."email" FROM "dispositivos_roluser" WHERE "dispositivos_roluser"."id" = 2 LIMIT 21; args=(2,); alias=default
(0.002) SELECT "dispositivos_sede"."id", "dispositivos_sede"."nombre", "dispositivos_sede"."ciudad", "dispositivos_sede"."direccion" FROM "dispositivos_sede"; args=(); alias=default
(0.003) SELECT COUNT(*) AS "__count" FROM "dispositivos_dispositivo"; args=(); alias=default
(0.000) SELECT COUNT(*) AS "__count" FROM "dispositivos_dispositivo"; args=(); alias=default
(0.001) SELECT "dispositivos_dispositivo"."id", "dispositivos_dispositivo"."tipo", "dispositivos_dispositivo"."estado", "dispositivos_dispositivo"."marca", "dispositivos_dispositivo"."razon_social", "dispositivos_dispositivo"."regimen", "dispositivos_dispositivo"."modelo", "dispositivos_dispositivo"."serial", "dispositivos_dispositivo"."placa_cu", "dispositivos_dispositivo"."servicio_id", "dispositivos_dispositivo"."piso", "dispositivos_dispositivo"."estado_propiedad", "dispositivos_dispositivo"."posicion_id", "dispositivos_dispositivo"."sede_id", "dispositivos_dispositivo"."tipo_disco_duro", "dispositivos_dispositivo"."capacidad_disco_duro", "dispositivos_dispositivo"."tipo_memoria_ram", "dispositivos_dispositivo"."capacidad_memoria_ram", "dispositivos_dispositivo"."ubicacion", "dispositivos_dispositivo"."proveedor", "dispositivos_dispositivo"."sistema_operativo", "dispositivos_dispositivo"."procesador", "dispositivos_dispositivo"."usuario_asignado_id", "dispositivos_dispositivo"."disponible" FROM "dispositivos_dispositivo" ORDER BY "dispositivos_dispositivo"."modelo" ASC, "dispositivos_dispositivo"."id" DESC; args=(); alias=default
(0.000) SELECT "dispositivos_sede"."id", "dispositivos_sede"."nombre", "dispositivos_sede"."ciudad", "dispositivos_sede"."direccion" FROM "dispositivos_sede" WHERE "dispositivos_sede"."id" = 11 LIMIT 21; args=(11,); alias=default
(0.000) SELECT "dispositivos_sede"."id", "dispositivos_sede"."nombre", "dispositivos_sede"."ciudad", "dispositivos_sede"."direccion" FROM "dispositivos_sede" WHERE "dispositivos_sede"."id" = 11 LIMIT 21; args=(11,); alias=default
(0.000) SELECT DISTINCT "dispositivos_dispositivo"."razon_social" FROM "dispositivos_dispositivo" ORDER BY "dispositivos_dispositivo"."razon_social" ASC; args=(); alias=default
(0.000) BEGIN; args=None; alias=default
(0.001) UPDATE "django_session" SET "session_data" = '.eJxVjDsOwjAQBe_iGlnY618o6XMGa9de4wBypDipEHeHSCmgfTPzXiLitta4dV7ilMVFaHH63QjTg9sO8h3bbZZpbusykdwVedAuxznz83q4fwcVe_3WbEDZ4krSUDxa5mStxuzpTOh80s4bS6RMDhyGDBQKaHDFk2NlYGDx_gD4nDg_:1tvNr0:e1QB31ID2eTX9wGhpN670JvB4eul2v2kjpvnyar55o8', "expire_date" = '2025-03-20T22:00:06.593821+00:00'::timestamptz WHERE "django_session"."session_key" = '7za6b5zxfxwqwfhue7t1pc187dhiq20q'; args=('.eJxVjDsOwjAQBe_iGlnY618o6XMGa9de4wBypDipEHeHSCmgfTPzXiLitta4dV7ilMVFaHH63QjTg9sO8h3bbZZpbusykdwVedAuxznz83q4fwcVe_3WbEDZ4krSUDxa5mStxuzpTOh80s4bS6RMDhyGDBQKaHDFk2NlYGDx_gD4nDg_:1tvNr0:e1QB31ID2eTX9wGhpN670JvB4eul2v2kjpvnyar55o8', datetime.datetime(2025, 3, 20, 22, 0, 6, 593821, tzinfo=datetime.timezone.utc), '7za6b5zxfxwqwfhue7t1pc187dhiq20q'); alias=default
(0.001) COMMIT; args=None; alias=default
"GET /admin/dispositivos/dispositivo/ HTTP/1.1" 200 19529
"GET /static/admin/css/forms.css HTTP/1.1" 304 0
"GET /static/admin/css/widgets.css HTTP/1.1" 304 0
(0.002) SELECT "django_session"."session_key", "django_session"."session_data", "django_session"."expire_date" FROM "django_session" WHERE ("django_session"."expire_date" > '2025-03-20T21:55:06.616563+00:00'::timestamptz AND "django_session"."session_key" = '7za6b5zxfxwqwfhue7t1pc187dhiq20q') LIMIT 21; args=(datetime.datetime(2025, 3, 20, 21, 55, 6, 616563, tzinfo=datetime.timezone.utc), '7za6b5zxfxwqwfhue7t1pc187dhiq20q'); alias=default
(0.002) SELECT "dispositivos_roluser"."id", "dispositivos_roluser"."password", "dispositivos_roluser"."last_login", "dispositivos_roluser"."is_superuser", "dispositivos_roluser"."username", "dispositivos_roluser"."first_name", "dispositivos_roluser"."last_name", "dispositivos_roluser"."is_staff", "dispositivos_roluser"."is_active", "dispositivos_roluser"."date_joined", "dispositivos_roluser"."rol", "dispositivos_roluser"."nombre", "dispositivos_roluser"."celular", "dispositivos_roluser"."documento", "dispositivos_roluser"."email" FROM "dispositivos_roluser" WHERE "dispositivos_roluser"."id" = 2 LIMIT 21; args=(2,); alias=default
(0.000) BEGIN; args=None; alias=default
(0.001) UPDATE "django_session" SET "session_data" = '.eJxVjDsOwjAQBe_iGlnY618o6XMGa9de4wBypDipEHeHSCmgfTPzXiLitta4dV7ilMVFaHH63QjTg9sO8h3bbZZpbusykdwVedAuxznz83q4fwcVe_3WbEDZ4krSUDxa5mStxuzpTOh80s4bS6RMDhyGDBQKaHDFk2NlYGDx_gD4nDg_:1tvNr0:e1QB31ID2eTX9wGhpN670JvB4eul2v2kjpvnyar55o8', "expire_date" = '2025-03-20T22:00:06.723392+00:00'::timestamptz WHERE "django_session"."session_key" = '7za6b5zxfxwqwfhue7t1pc187dhiq20q'; args=('.eJxVjDsOwjAQBe_iGlnY618o6XMGa9de4wBypDipEHeHSCmgfTPzXiLitta4dV7ilMVFaHH63QjTg9sO8h3bbZZpbusykdwVedAuxznz83q4fwcVe_3WbEDZ4krSUDxa5mStxuzpTOh80s4bS6RMDhyGDBQKaHDFk2NlYGDx_gD4nDg_:1tvNr0:e1QB31ID2eTX9wGhpN670JvB4eul2v2kjpvnyar55o8', datetime.datetime(2025, 3, 20, 22, 0, 6, 723392, tzinfo=datetime.timezone.utc), '7za6b5zxfxwqwfhue7t1pc187dhiq20q'); alias=default
(0.000) COMMIT; args=None; alias=default
"GET /admin/jsi18n/ HTTP/1.1" 200 8691
(0.002) SELECT "django_session"."session_key", "django_session"."session_data", "django_session"."expire_date" FROM "django_session" WHERE ("django_session"."expire_date" > '2025-03-20T21:55:09.662478+00:00'::timestamptz AND "django_session"."session_key" = '7za6b5zxfxwqwfhue7t1pc187dhiq20q') LIMIT 21; args=(datetime.datetime(2025, 3, 20, 21, 55, 9, 662478, tzinfo=datetime.timezone.utc), '7za6b5zxfxwqwfhue7t1pc187dhiq20q'); alias=default
(0.002) SELECT "dispositivos_roluser"."id", "dispositivos_roluser"."password", "dispositivos_roluser"."last_login", "dispositivos_roluser"."is_superuser", "dispositivos_roluser"."username", "dispositivos_roluser"."first_name", "dispositivos_roluser"."last_name", "dispositivos_roluser"."is_staff", "dispositivos_roluser"."is_active", "dispositivos_roluser"."date_joined", "dispositivos_roluser"."rol", "dispositivos_roluser"."nombre", "dispositivos_roluser"."celular", "dispositivos_roluser"."documento", "dispositivos_roluser"."email" FROM "dispositivos_roluser" WHERE "dispositivos_roluser"."id" = 2 LIMIT 21; args=(2,); alias=default
(0.001) SELECT COUNT(*) AS "__count" FROM "dispositivos_sede"; args=(); alias=default
(0.000) SELECT COUNT(*) AS "__count" FROM "dispositivos_sede"; args=(); alias=default
(0.000) SELECT "dispositivos_sede"."id", "dispositivos_sede"."nombre", "dispositivos_sede"."ciudad", "dispositivos_sede"."direccion" FROM "dispositivos_sede" ORDER BY "dispositivos_sede"."id" DESC; args=(); alias=default
(0.000) SELECT DISTINCT "dispositivos_sede"."ciudad" FROM "dispositivos_sede" ORDER BY "dispositivos_sede"."ciudad" ASC; args=(); alias=default
(0.000) BEGIN; args=None; alias=default
(0.001) UPDATE "django_session" SET "session_data" = '.eJxVjDsOwjAQBe_iGlnY618o6XMGa9de4wBypDipEHeHSCmgfTPzXiLitta4dV7ilMVFaHH63QjTg9sO8h3bbZZpbusykdwVedAuxznz83q4fwcVe_3WbEDZ4krSUDxa5mStxuzpTOh80s4bS6RMDhyGDBQKaHDFk2NlYGDx_gD4nDg_:1tvNr3:wvziinshUH05agnGRD1DNx384jdXQu0wMcIGyUrzDZE', "expire_date" = '2025-03-20T22:00:09.763483+00:00'::timestamptz WHERE "django_session"."session_key" = '7za6b5zxfxwqwfhue7t1pc187dhiq20q'; args=('.eJxVjDsOwjAQBe_iGlnY618o6XMGa9de4wBypDipEHeHSCmgfTPzXiLitta4dV7ilMVFaHH63QjTg9sO8h3bbZZpbusykdwVedAuxznz83q4fwcVe_3WbEDZ4krSUDxa5mStxuzpTOh80s4bS6RMDhyGDBQKaHDFk2NlYGDx_gD4nDg_:1tvNr3:wvziinshUH05agnGRD1DNx384jdXQu0wMcIGyUrzDZE', datetime.datetime(2025, 3, 20, 22, 0, 9, 763483, tzinfo=datetime.timezone.utc), '7za6b5zxfxwqwfhue7t1pc187dhiq20q'); alias=default
(0.000) COMMIT; args=None; alias=default
"GET /admin/dispositivos/sede/ HTTP/1.1" 200 17888
(0.002) SELECT "django_session"."session_key", "django_session"."session_data", "django_session"."expire_date" FROM "django_session" WHERE ("django_session"."expire_date" > '2025-03-20T21:55:09.774044+00:00'::timestamptz AND "django_session"."session_key" = '7za6b5zxfxwqwfhue7t1pc187dhiq20q') LIMIT 21; args=(datetime.datetime(2025, 3, 20, 21, 55, 9, 774044, tzinfo=datetime.timezone.utc), '7za6b5zxfxwqwfhue7t1pc187dhiq20q'); alias=default
(0.002) SELECT "dispositivos_roluser"."id", "dispositivos_roluser"."password", "dispositivos_roluser"."last_login", "dispositivos_roluser"."is_superuser", "dispositivos_roluser"."username", "dispositivos_roluser"."first_name", "dispositivos_roluser"."last_name", "dispositivos_roluser"."is_staff", "dispositivos_roluser"."is_active", "dispositivos_roluser"."date_joined", "dispositivos_roluser"."rol", "dispositivos_roluser"."nombre", "dispositivos_roluser"."celular", "dispositivos_roluser"."documento", "dispositivos_roluser"."email" FROM "dispositivos_roluser" WHERE "dispositivos_roluser"."id" = 2 LIMIT 21; args=(2,); alias=default
(0.000) BEGIN; args=None; alias=default
(0.001) UPDATE "django_session" SET "session_data" = '.eJxVjDsOwjAQBe_iGlnY618o6XMGa9de4wBypDipEHeHSCmgfTPzXiLitta4dV7ilMVFaHH63QjTg9sO8h3bbZZpbusykdwVedAuxznz83q4fwcVe_3WbEDZ4krSUDxa5mStxuzpTOh80s4bS6RMDhyGDBQKaHDFk2NlYGDx_gD4nDg_:1tvNr3:wvziinshUH05agnGRD1DNx384jdXQu0wMcIGyUrzDZE', "expire_date" = '2025-03-20T22:00:09.873961+00:00'::timestamptz WHERE "django_session"."session_key" = '7za6b5zxfxwqwfhue7t1pc187dhiq20q'; args=('.eJxVjDsOwjAQBe_iGlnY618o6XMGa9de4wBypDipEHeHSCmgfTPzXiLitta4dV7ilMVFaHH63QjTg9sO8h3bbZZpbusykdwVedAuxznz83q4fwcVe_3WbEDZ4krSUDxa5mStxuzpTOh80s4bS6RMDhyGDBQKaHDFk2NlYGDx_gD4nDg_:1tvNr3:wvziinshUH05agnGRD1DNx384jdXQu0wMcIGyUrzDZE', datetime.datetime(2025, 3, 20, 22, 0, 9, 873961, tzinfo=datetime.timezone.utc), '7za6b5zxfxwqwfhue7t1pc187dhiq20q'); alias=default
(0.000) COMMIT; args=None; alias=default
"GET /admin/jsi18n/ HTTP/1.1" 200 8691
